2022-05-17 13:21:57,648 Namespace(cfg='experiments/cityscapes/seg_hrnet_ocr_w48_train_512x1024_sgd_lr1e-2_wd5e-2_bs_12_epoch484.yaml', seed=304, local_rank=0, opts=[])
2022-05-17 13:21:57,648 AUTO_RESUME: False
CUDNN:
  BENCHMARK: True
  DETERMINISTIC: False
  ENABLED: True
DATASET:
  DATASET: cityscapes
  EXTRA_TRAIN_SET: 
  NUM_CLASSES: 19
  ROOT: data/
  TEST_SET: list/cityscapes/val.lst
  TRAIN_SET: list/cityscapes/train.lst
DEBUG:
  DEBUG: False
  SAVE_BATCH_IMAGES_GT: False
  SAVE_BATCH_IMAGES_PRED: False
  SAVE_HEATMAPS_GT: False
  SAVE_HEATMAPS_PRED: False
GPUS: (0,)
LOG_DIR: log
LOSS:
  BALANCE_WEIGHTS: [0.4, 1]
  CLASS_BALANCE: False
  OHEMKEEP: 131072
  OHEMTHRES: 0.9
  USE_OHEM: False
MODEL:
  ALIGN_CORNERS: True
  EXTRA:
    FINAL_CONV_KERNEL: 1
    STAGE1:
      BLOCK: BOTTLENECK
      FUSE_METHOD: SUM
      NUM_BLOCKS: [4]
      NUM_CHANNELS: [64]
      NUM_MODULES: 1
      NUM_RANCHES: 1
    STAGE2:
      BLOCK: BASIC
      FUSE_METHOD: SUM
      NUM_BLOCKS: [4, 4]
      NUM_BRANCHES: 2
      NUM_CHANNELS: [48, 96]
      NUM_MODULES: 1
    STAGE3:
      BLOCK: BASIC
      FUSE_METHOD: SUM
      NUM_BLOCKS: [4, 4, 4]
      NUM_BRANCHES: 3
      NUM_CHANNELS: [48, 96, 192]
      NUM_MODULES: 4
    STAGE4:
      BLOCK: BASIC
      FUSE_METHOD: SUM
      NUM_BLOCKS: [4, 4, 4, 4]
      NUM_BRANCHES: 4
      NUM_CHANNELS: [48, 96, 192, 384]
      NUM_MODULES: 3
  NAME: seg_hrnet_ocr
  NUM_OUTPUTS: 2
  OCR:
    DROPOUT: 0.05
    KEY_CHANNELS: 256
    MID_CHANNELS: 512
    SCALE: 1
  PRETRAINED: pretrained_models/hrnetv2_w48_imagenet_pretrained.pth
OUTPUT_DIR: output
PIN_MEMORY: True
PRINT_FREQ: 10
RANK: 0
TEST:
  BASE_SIZE: 2048
  BATCH_SIZE_PER_GPU: 4
  FLIP_TEST: False
  IMAGE_SIZE: [2048, 1024]
  MODEL_FILE: 
  MULTI_SCALE: False
  NUM_SAMPLES: 0
  OUTPUT_INDEX: -1
  SCALE_LIST: [1]
TRAIN:
  BASE_SIZE: 2048
  BATCH_SIZE_PER_GPU: 4
  BEGIN_EPOCH: 0
  DOWNSAMPLERATE: 1
  END_EPOCH: 5
  EXTRA_EPOCH: 0
  EXTRA_LR: 0.001
  FLIP: True
  FREEZE_EPOCHS: -1
  FREEZE_LAYERS: 
  IGNORE_LABEL: 255
  IMAGE_SIZE: [1024, 512]
  LR: 0.01
  LR_FACTOR: 0.1
  LR_STEP: [90, 110]
  MOMENTUM: 0.9
  MULTI_SCALE: True
  NESTEROV: False
  NONBACKBONE_KEYWORDS: []
  NONBACKBONE_MULT: 10
  NUM_SAMPLES: 0
  OPTIMIZER: sgd
  RANDOM_BRIGHTNESS: False
  RANDOM_BRIGHTNESS_SHIFT_VALUE: 10
  RESUME: True
  SCALE_FACTOR: 16
  SHUFFLE: True
  WD: 0.0005
WORKERS: 2
2022-05-17 13:21:57,669 Added key: store_based_barrier_key:1 to store for rank: 0
2022-05-17 13:21:57,669 Rank 0: Completed store-based barrier for key:store_based_barrier_key:1 with 1 nodes.
2022-05-17 13:21:58,082 => init weights from normal distribution
2022-05-17 13:21:58,461 => loading pretrained model pretrained_models/hrnetv2_w48_imagenet_pretrained.pth
2022-05-17 13:22:01,533 => loaded checkpoint (epoch 1)
2022-05-17 13:22:06,409 Epoch: [1/5] Iter:[0/743], Time: 4.87, lr: [0.008180521460508584], Loss: 0.632891
2022-05-17 13:22:14,874 Epoch: [1/5] Iter:[10/743], Time: 1.21, lr: [0.008155744510696452], Loss: 1.008621
2022-05-17 13:22:23,350 Epoch: [1/5] Iter:[20/743], Time: 1.04, lr: [0.008130959194516259], Loss: 1.087974
2022-05-17 13:22:31,839 Epoch: [1/5] Iter:[30/743], Time: 0.98, lr: [0.008106165480787117], Loss: 1.025122
2022-05-17 13:22:40,373 Epoch: [1/5] Iter:[40/743], Time: 0.95, lr: [0.008081363338105526], Loss: 0.982713
2022-05-17 13:22:48,967 Epoch: [1/5] Iter:[50/743], Time: 0.93, lr: [0.008056552734843025], Loss: 0.956544
2022-05-17 13:22:57,658 Epoch: [1/5] Iter:[60/743], Time: 0.92, lr: [0.008031733639143803], Loss: 0.948656
2022-05-17 13:23:06,421 Epoch: [1/5] Iter:[70/743], Time: 0.91, lr: [0.008006906018922276], Loss: 0.930909
2022-05-17 13:23:15,246 Epoch: [1/5] Iter:[80/743], Time: 0.91, lr: [0.007982069841860643], Loss: 0.906088
2022-05-17 13:23:24,086 Epoch: [1/5] Iter:[90/743], Time: 0.91, lr: [0.007957225075406377], Loss: 0.876115
2022-05-17 13:23:32,925 Epoch: [1/5] Iter:[100/743], Time: 0.90, lr: [0.007932371686769722], Loss: 0.867191
2022-05-17 13:23:41,800 Epoch: [1/5] Iter:[110/743], Time: 0.90, lr: [0.00790750964292111], Loss: 0.858133
2022-05-17 13:23:50,684 Epoch: [1/5] Iter:[120/743], Time: 0.90, lr: [0.007882638910588586], Loss: 0.854798
2022-05-17 13:23:59,629 Epoch: [1/5] Iter:[130/743], Time: 0.90, lr: [0.007857759456255152], Loss: 0.853047
2022-05-17 13:24:08,576 Epoch: [1/5] Iter:[140/743], Time: 0.90, lr: [0.007832871246156102], Loss: 0.843082
2022-05-17 13:24:17,438 Epoch: [1/5] Iter:[150/743], Time: 0.90, lr: [0.007807974246276318], Loss: 0.840142
2022-05-17 13:24:26,399 Epoch: [1/5] Iter:[160/743], Time: 0.90, lr: [0.007783068422347501], Loss: 0.830645
2022-05-17 13:24:35,327 Epoch: [1/5] Iter:[170/743], Time: 0.90, lr: [0.007758153739845398], Loss: 0.845080
2022-05-17 13:24:44,240 Epoch: [1/5] Iter:[180/743], Time: 0.90, lr: [0.0077332301639869575], Loss: 0.833213
2022-05-17 13:24:53,159 Epoch: [1/5] Iter:[190/743], Time: 0.90, lr: [0.007708297659727458], Loss: 0.833110
2022-05-17 13:25:02,098 Epoch: [1/5] Iter:[200/743], Time: 0.90, lr: [0.007683356191757593], Loss: 0.819763
2022-05-17 13:25:10,972 Epoch: [1/5] Iter:[210/743], Time: 0.90, lr: [0.007658405724500516], Loss: 0.826918
2022-05-17 13:25:19,876 Epoch: [1/5] Iter:[220/743], Time: 0.90, lr: [0.0076334462221088265], Loss: 0.820641
2022-05-17 13:25:28,735 Epoch: [1/5] Iter:[230/743], Time: 0.90, lr: [0.007608477648461531], Loss: 0.824200
2022-05-17 13:25:37,562 Epoch: [1/5] Iter:[240/743], Time: 0.90, lr: [0.007583499967160944], Loss: 0.819218
2022-05-17 13:25:46,372 Epoch: [1/5] Iter:[250/743], Time: 0.90, lr: [0.0075585131415295504], Loss: 0.818877
2022-05-17 13:25:55,197 Epoch: [1/5] Iter:[260/743], Time: 0.90, lr: [0.007533517134606819], Loss: 0.817761
2022-05-17 13:26:04,011 Epoch: [1/5] Iter:[270/743], Time: 0.89, lr: [0.007508511909145962], Loss: 0.822469
2022-05-17 13:26:12,826 Epoch: [1/5] Iter:[280/743], Time: 0.89, lr: [0.007483497427610657], Loss: 0.819280
2022-05-17 13:26:21,606 Epoch: [1/5] Iter:[290/743], Time: 0.89, lr: [0.007458473652171706], Loss: 0.812216
2022-05-17 13:26:30,398 Epoch: [1/5] Iter:[300/743], Time: 0.89, lr: [0.00743344054470365], Loss: 0.808229
2022-05-17 13:26:39,208 Epoch: [1/5] Iter:[310/743], Time: 0.89, lr: [0.0074083980667813375], Loss: 0.803408
2022-05-17 13:26:47,997 Epoch: [1/5] Iter:[320/743], Time: 0.89, lr: [0.007383346179676428], Loss: 0.804825
2022-05-17 13:26:56,757 Epoch: [1/5] Iter:[330/743], Time: 0.89, lr: [0.007358284844353846], Loss: 0.809371
2022-05-17 13:27:05,507 Epoch: [1/5] Iter:[340/743], Time: 0.89, lr: [0.007333214021468189], Loss: 0.805065
2022-05-17 13:27:14,281 Epoch: [1/5] Iter:[350/743], Time: 0.89, lr: [0.007308133671360061], Loss: 0.806664
2022-05-17 13:27:23,038 Epoch: [1/5] Iter:[360/743], Time: 0.89, lr: [0.007283043754052369], Loss: 0.802588
2022-05-17 13:27:31,776 Epoch: [1/5] Iter:[370/743], Time: 0.89, lr: [0.007257944229246545], Loss: 0.799485
2022-05-17 13:27:40,557 Epoch: [1/5] Iter:[380/743], Time: 0.89, lr: [0.00723283505631872], Loss: 0.799453
2022-05-17 13:27:49,324 Epoch: [1/5] Iter:[390/743], Time: 0.89, lr: [0.00720771619431583], Loss: 0.799199
2022-05-17 13:27:58,072 Epoch: [1/5] Iter:[400/743], Time: 0.89, lr: [0.007182587601951661], Loss: 0.802305
2022-05-17 13:28:06,787 Epoch: [1/5] Iter:[410/743], Time: 0.89, lr: [0.007157449237602837], Loss: 0.796551
2022-05-17 13:28:15,548 Epoch: [1/5] Iter:[420/743], Time: 0.89, lr: [0.007132301059304741], Loss: 0.794835
2022-05-17 13:28:24,258 Epoch: [1/5] Iter:[430/743], Time: 0.89, lr: [0.007107143024747361], Loss: 0.795765
2022-05-17 13:28:32,957 Epoch: [1/5] Iter:[440/743], Time: 0.89, lr: [0.0070819750912710835], Loss: 0.798253
2022-05-17 13:28:41,667 Epoch: [1/5] Iter:[450/743], Time: 0.89, lr: [0.007056797215862406], Loss: 0.794569
2022-05-17 13:28:50,396 Epoch: [1/5] Iter:[460/743], Time: 0.89, lr: [0.007031609355149598], Loss: 0.792178
2022-05-17 13:28:59,070 Epoch: [1/5] Iter:[470/743], Time: 0.89, lr: [0.007006411465398269], Loss: 0.787667
2022-05-17 13:29:07,786 Epoch: [1/5] Iter:[480/743], Time: 0.89, lr: [0.006981203502506876], Loss: 0.786110
2022-05-17 13:29:16,475 Epoch: [1/5] Iter:[490/743], Time: 0.89, lr: [0.006955985422002154], Loss: 0.782517
2022-05-17 13:29:25,230 Epoch: [1/5] Iter:[500/743], Time: 0.89, lr: [0.00693075717903448], Loss: 0.785672
2022-05-17 13:29:33,901 Epoch: [1/5] Iter:[510/743], Time: 0.89, lr: [0.006905518728373145], Loss: 0.786506
2022-05-17 13:29:42,585 Epoch: [1/5] Iter:[520/743], Time: 0.88, lr: [0.006880270024401551], Loss: 0.785065
2022-05-17 13:29:51,298 Epoch: [1/5] Iter:[530/743], Time: 0.88, lr: [0.0068550110211123465], Loss: 0.783252
2022-05-17 13:30:00,034 Epoch: [1/5] Iter:[540/743], Time: 0.88, lr: [0.006829741672102448], Loss: 0.780919
2022-05-17 13:30:08,759 Epoch: [1/5] Iter:[550/743], Time: 0.88, lr: [0.006804461930567999], Loss: 0.776733
2022-05-17 13:30:17,424 Epoch: [1/5] Iter:[560/743], Time: 0.88, lr: [0.0067791717492992525], Loss: 0.773841
2022-05-17 13:30:26,113 Epoch: [1/5] Iter:[570/743], Time: 0.88, lr: [0.0067538710806753334], Loss: 0.774694
2022-05-17 13:30:34,769 Epoch: [1/5] Iter:[580/743], Time: 0.88, lr: [0.006728559876658945], Loss: 0.779133
2022-05-17 13:30:43,478 Epoch: [1/5] Iter:[590/743], Time: 0.88, lr: [0.006703238088790966], Loss: 0.778032
2022-05-17 13:30:52,184 Epoch: [1/5] Iter:[600/743], Time: 0.88, lr: [0.006677905668184959], Loss: 0.776675
2022-05-17 13:31:00,844 Epoch: [1/5] Iter:[610/743], Time: 0.88, lr: [0.006652562565521587], Loss: 0.776252
2022-05-17 13:31:09,521 Epoch: [1/5] Iter:[620/743], Time: 0.88, lr: [0.006627208731042931], Loss: 0.777743
2022-05-17 13:31:18,191 Epoch: [1/5] Iter:[630/743], Time: 0.88, lr: [0.006601844114546701], Loss: 0.775398
2022-05-17 13:31:26,894 Epoch: [1/5] Iter:[640/743], Time: 0.88, lr: [0.0065764686653803665], Loss: 0.777400
2022-05-17 13:31:35,575 Epoch: [1/5] Iter:[650/743], Time: 0.88, lr: [0.006551082332435152], Loss: 0.777468
2022-05-17 13:31:44,246 Epoch: [1/5] Iter:[660/743], Time: 0.88, lr: [0.006525685064139962], Loss: 0.779107
2022-05-17 13:31:52,892 Epoch: [1/5] Iter:[670/743], Time: 0.88, lr: [0.006500276808455171], Loss: 0.778904
2022-05-17 13:32:01,548 Epoch: [1/5] Iter:[680/743], Time: 0.88, lr: [0.0064748575128663124], Loss: 0.780934
2022-05-17 13:32:10,207 Epoch: [1/5] Iter:[690/743], Time: 0.88, lr: [0.006449427124377658], Loss: 0.779352
2022-05-17 13:32:18,912 Epoch: [1/5] Iter:[700/743], Time: 0.88, lr: [0.006423985589505675], Loss: 0.779660
2022-05-17 13:32:27,565 Epoch: [1/5] Iter:[710/743], Time: 0.88, lr: [0.006398532854272375], Loss: 0.777898
2022-05-17 13:32:36,235 Epoch: [1/5] Iter:[720/743], Time: 0.88, lr: [0.006373068864198531], Loss: 0.778065
2022-05-17 13:32:44,978 Epoch: [1/5] Iter:[730/743], Time: 0.88, lr: [0.006347593564296776], Loss: 0.776906
2022-05-17 13:32:53,642 Epoch: [1/5] Iter:[740/743], Time: 0.88, lr: [0.0063221068990645755], Loss: 0.777201
2022-05-17 13:37:26,502 0 [9.40931883e-01 6.44530491e-01 7.90419464e-01 2.33448202e-02
 1.73235590e-01 3.06635940e-01 1.14425331e-01 4.41125070e-01
 8.33250314e-01 3.84010431e-01 7.54115261e-01 5.81647848e-01
 1.52860078e-04 8.39756118e-01 4.24710308e-02 1.03841577e-05
 1.29204013e-01 4.88588842e-02 5.38856663e-01] 0.3993148629952884
2022-05-17 13:37:26,503 1 [0.9385244  0.63627849 0.79047145 0.01364233 0.14031799 0.30493085
 0.01542098 0.42376769 0.83316105 0.37931901 0.7741838  0.58483207
 0.000997   0.8261413  0.00200374 0.         0.09715536 0.04135737
 0.54855738] 0.38689801443234395
2022-05-17 13:37:26,503 => saving checkpoint to output/cityscapes/seg_hrnet_ocr_w48_train_512x1024_sgd_lr1e-2_wd5e-2_bs_12_epoch484checkpoint.pth.tar
2022-05-17 13:37:29,030 Loss: 0.538, MeanIU:  0.3869, Best_mIoU:  0.3869
2022-05-17 13:37:29,031 [0.9385244  0.63627849 0.79047145 0.01364233 0.14031799 0.30493085
 0.01542098 0.42376769 0.83316105 0.37931901 0.7741838  0.58483207
 0.000997   0.8261413  0.00200374 0.         0.09715536 0.04135737
 0.54855738]
2022-05-17 13:37:30,280 Epoch: [2/5] Iter:[0/743], Time: 1.24, lr: [0.006314458674893553], Loss: 0.752653
2022-05-17 13:37:38,747 Epoch: [2/5] Iter:[10/743], Time: 0.88, lr: [0.006288957150895629], Loss: 0.810376
2022-05-17 13:37:47,287 Epoch: [2/5] Iter:[20/743], Time: 0.87, lr: [0.006263444131917213], Loss: 0.815334
2022-05-17 13:37:55,869 Epoch: [2/5] Iter:[30/743], Time: 0.87, lr: [0.006237919560704221], Loss: 0.769007
2022-05-17 13:38:04,525 Epoch: [2/5] Iter:[40/743], Time: 0.87, lr: [0.006212383379455675], Loss: 0.819641
2022-05-17 13:38:13,186 Epoch: [2/5] Iter:[50/743], Time: 0.87, lr: [0.006186835529815951], Loss: 0.823257
2022-05-17 13:38:21,877 Epoch: [2/5] Iter:[60/743], Time: 0.87, lr: [0.006161275952866899], Loss: 0.806589
2022-05-17 13:38:30,662 Epoch: [2/5] Iter:[70/743], Time: 0.87, lr: [0.006135704589119785], Loss: 0.790179
2022-05-17 13:38:39,497 Epoch: [2/5] Iter:[80/743], Time: 0.87, lr: [0.006110121378507109], Loss: 0.751996
2022-05-17 13:38:48,342 Epoch: [2/5] Iter:[90/743], Time: 0.87, lr: [0.006084526260374247], Loss: 0.745841
2022-05-17 13:38:57,204 Epoch: [2/5] Iter:[100/743], Time: 0.87, lr: [0.0060589191734709445], Loss: 0.733309
2022-05-17 13:39:06,045 Epoch: [2/5] Iter:[110/743], Time: 0.87, lr: [0.006033300055942638], Loss: 0.729744
2022-05-17 13:39:14,921 Epoch: [2/5] Iter:[120/743], Time: 0.88, lr: [0.00600766884532161], Loss: 0.714722
2022-05-17 13:39:23,813 Epoch: [2/5] Iter:[130/743], Time: 0.88, lr: [0.005982025478517984], Loss: 0.703415
2022-05-17 13:39:32,670 Epoch: [2/5] Iter:[140/743], Time: 0.88, lr: [0.0059563698918105226], Loss: 0.703656
2022-05-17 13:39:41,560 Epoch: [2/5] Iter:[150/743], Time: 0.88, lr: [0.005930702020837261], Loss: 0.692800
2022-05-17 13:39:50,487 Epoch: [2/5] Iter:[160/743], Time: 0.88, lr: [0.0059050218005859455], Loss: 0.682750
2022-05-17 13:39:59,378 Epoch: [2/5] Iter:[170/743], Time: 0.88, lr: [0.005879329165384299], Loss: 0.679326
2022-05-17 13:40:08,251 Epoch: [2/5] Iter:[180/743], Time: 0.88, lr: [0.0058536240488900725], Loss: 0.671278
2022-05-17 13:40:17,176 Epoch: [2/5] Iter:[190/743], Time: 0.88, lr: [0.005827906384080906], Loss: 0.665712
2022-05-17 13:40:26,067 Epoch: [2/5] Iter:[200/743], Time: 0.88, lr: [0.005802176103243987], Loss: 0.663699
2022-05-17 13:40:34,936 Epoch: [2/5] Iter:[210/743], Time: 0.88, lr: [0.0057764331379654985], Loss: 0.670109
2022-05-17 13:40:43,809 Epoch: [2/5] Iter:[220/743], Time: 0.88, lr: [0.0057506774191198595], Loss: 0.664985
2022-05-17 13:40:52,655 Epoch: [2/5] Iter:[230/743], Time: 0.88, lr: [0.005724908876858728], Loss: 0.659328
2022-05-17 13:41:01,475 Epoch: [2/5] Iter:[240/743], Time: 0.88, lr: [0.005699127440599796], Loss: 0.652942
2022-05-17 13:41:10,303 Epoch: [2/5] Iter:[250/743], Time: 0.88, lr: [0.005673333039015348], Loss: 0.645329
2022-05-17 13:41:19,158 Epoch: [2/5] Iter:[260/743], Time: 0.88, lr: [0.005647525600020576], Loss: 0.641293
2022-05-17 13:41:27,970 Epoch: [2/5] Iter:[270/743], Time: 0.88, lr: [0.0056217050507616625], Loss: 0.634130
2022-05-17 13:41:36,771 Epoch: [2/5] Iter:[280/743], Time: 0.88, lr: [0.005595871317603607], Loss: 0.633950
2022-05-17 13:41:45,579 Epoch: [2/5] Iter:[290/743], Time: 0.88, lr: [0.005570024326117793], Loss: 0.636244
2022-05-17 13:41:54,328 Epoch: [2/5] Iter:[300/743], Time: 0.88, lr: [0.005544164001069301], Loss: 0.632559
2022-05-17 13:42:03,116 Epoch: [2/5] Iter:[310/743], Time: 0.88, lr: [0.005518290266403943], Loss: 0.631686
2022-05-17 13:42:11,907 Epoch: [2/5] Iter:[320/743], Time: 0.88, lr: [0.00549240304523503], Loss: 0.627484
2022-05-17 13:42:20,643 Epoch: [2/5] Iter:[330/743], Time: 0.88, lr: [0.0054665022598298476], Loss: 0.626915
2022-05-17 13:42:29,392 Epoch: [2/5] Iter:[340/743], Time: 0.88, lr: [0.0054405878315958375], Loss: 0.623981
2022-05-17 13:42:38,117 Epoch: [2/5] Iter:[350/743], Time: 0.88, lr: [0.005414659681066485], Loss: 0.621302
2022-05-17 13:42:46,885 Epoch: [2/5] Iter:[360/743], Time: 0.88, lr: [0.005388717727886895], Loss: 0.625398
2022-05-17 13:42:55,610 Epoch: [2/5] Iter:[370/743], Time: 0.88, lr: [0.005362761890799056], Loss: 0.630456
2022-05-17 13:43:04,367 Epoch: [2/5] Iter:[380/743], Time: 0.88, lr: [0.005336792087626778], Loss: 0.631553
2022-05-17 13:43:13,082 Epoch: [2/5] Iter:[390/743], Time: 0.88, lr: [0.005310808235260282], Loss: 0.631788
2022-05-17 13:43:21,808 Epoch: [2/5] Iter:[400/743], Time: 0.88, lr: [0.005284810249640471], Loss: 0.634481
2022-05-17 13:43:30,540 Epoch: [2/5] Iter:[410/743], Time: 0.88, lr: [0.00525879804574283], Loss: 0.633371
2022-05-17 13:43:39,248 Epoch: [2/5] Iter:[420/743], Time: 0.88, lr: [0.005232771537560964], Loss: 0.633494
2022-05-17 13:43:47,980 Epoch: [2/5] Iter:[430/743], Time: 0.88, lr: [0.005206730638089777], Loss: 0.632138
2022-05-17 13:43:56,675 Epoch: [2/5] Iter:[440/743], Time: 0.88, lr: [0.005180675259308246], Loss: 0.628937
2022-05-17 13:44:05,427 Epoch: [2/5] Iter:[450/743], Time: 0.88, lr: [0.005154605312161823], Loss: 0.626161
2022-05-17 13:44:14,157 Epoch: [2/5] Iter:[460/743], Time: 0.88, lr: [0.00512852070654441], Loss: 0.623555
2022-05-17 13:44:22,862 Epoch: [2/5] Iter:[470/743], Time: 0.88, lr: [0.00510242135127993], Loss: 0.623552
2022-05-17 13:44:31,583 Epoch: [2/5] Iter:[480/743], Time: 0.88, lr: [0.005076307154103467], Loss: 0.630837
2022-05-17 13:44:40,305 Epoch: [2/5] Iter:[490/743], Time: 0.88, lr: [0.005050178021641958], Loss: 0.635160
2022-05-17 13:44:49,017 Epoch: [2/5] Iter:[500/743], Time: 0.88, lr: [0.005024033859394432], Loss: 0.635006
2022-05-17 13:44:57,723 Epoch: [2/5] Iter:[510/743], Time: 0.88, lr: [0.0049978745717117815], Loss: 0.633697
2022-05-17 13:45:06,431 Epoch: [2/5] Iter:[520/743], Time: 0.88, lr: [0.004971700061776054], Loss: 0.632157
2022-05-17 13:45:15,139 Epoch: [2/5] Iter:[530/743], Time: 0.88, lr: [0.0049455102315792395], Loss: 0.632162
2022-05-17 13:45:23,833 Epoch: [2/5] Iter:[540/743], Time: 0.88, lr: [0.00491930498190155], Loss: 0.631872
2022-05-17 13:45:32,534 Epoch: [2/5] Iter:[550/743], Time: 0.88, lr: [0.004893084212289175], Loss: 0.631588
2022-05-17 13:45:41,230 Epoch: [2/5] Iter:[560/743], Time: 0.88, lr: [0.004866847821031484], Loss: 0.633510
2022-05-17 13:45:49,974 Epoch: [2/5] Iter:[570/743], Time: 0.88, lr: [0.0048405957051376805], Loss: 0.638328
2022-05-17 13:45:58,697 Epoch: [2/5] Iter:[580/743], Time: 0.88, lr: [0.0048143277603128745], Loss: 0.635664
2022-05-17 13:46:07,432 Epoch: [2/5] Iter:[590/743], Time: 0.88, lr: [0.004788043880933547], Loss: 0.633188
2022-05-17 13:46:16,157 Epoch: [2/5] Iter:[600/743], Time: 0.88, lr: [0.004761743960022427], Loss: 0.634918
2022-05-17 13:46:24,884 Epoch: [2/5] Iter:[610/743], Time: 0.88, lr: [0.004735427889222707], Loss: 0.635495
2022-05-17 13:46:33,557 Epoch: [2/5] Iter:[620/743], Time: 0.88, lr: [0.004709095558771633], Loss: 0.635477
2022-05-17 13:46:42,272 Epoch: [2/5] Iter:[630/743], Time: 0.88, lr: [0.0046827468574733985], Loss: 0.633629
2022-05-17 13:46:50,984 Epoch: [2/5] Iter:[640/743], Time: 0.88, lr: [0.004656381672671352], Loss: 0.632920
2022-05-17 13:46:59,679 Epoch: [2/5] Iter:[650/743], Time: 0.88, lr: [0.004629999890219495], Loss: 0.635332
2022-05-17 13:47:08,391 Epoch: [2/5] Iter:[660/743], Time: 0.88, lr: [0.00460360139445322], Loss: 0.634122
2022-05-17 13:47:17,077 Epoch: [2/5] Iter:[670/743], Time: 0.88, lr: [0.004577186068159311], Loss: 0.631074
2022-05-17 13:47:25,793 Epoch: [2/5] Iter:[680/743], Time: 0.88, lr: [0.004550753792545129], Loss: 0.630331
2022-05-17 13:47:34,535 Epoch: [2/5] Iter:[690/743], Time: 0.88, lr: [0.004524304447206989], Loss: 0.632148
2022-05-17 13:47:43,252 Epoch: [2/5] Iter:[700/743], Time: 0.88, lr: [0.004497837910097713], Loss: 0.630077
2022-05-17 13:47:51,947 Epoch: [2/5] Iter:[710/743], Time: 0.88, lr: [0.004471354057493275], Loss: 0.626229
2022-05-17 13:48:00,653 Epoch: [2/5] Iter:[720/743], Time: 0.88, lr: [0.00444485276395859], Loss: 0.626153
2022-05-17 13:48:09,360 Epoch: [2/5] Iter:[730/743], Time: 0.88, lr: [0.004418333902312334], Loss: 0.625580
2022-05-17 13:48:18,076 Epoch: [2/5] Iter:[740/743], Time: 0.88, lr: [0.0043917973435908236], Loss: 0.623510
2022-05-17 13:52:47,196 0 [0.95270674 0.68873162 0.84873206 0.06911316 0.2896283  0.3406008
 0.17501567 0.49958285 0.8755359  0.46499265 0.8858442  0.58613811
 0.06537258 0.8328909  0.15841442 0.17828057 0.17253075 0.09788196
 0.59869782] 0.46214163596584257
2022-05-17 13:52:47,196 1 [0.95377716 0.68259317 0.84763017 0.06370668 0.28687227 0.36149967
 0.09838639 0.49528652 0.8745389  0.46120515 0.88547503 0.57307901
 0.10983616 0.84945772 0.16243373 0.00528723 0.00476358 0.09620516
 0.58736145] 0.4420734284508897
2022-05-17 13:52:47,196 => saving checkpoint to output/cityscapes/seg_hrnet_ocr_w48_train_512x1024_sgd_lr1e-2_wd5e-2_bs_12_epoch484checkpoint.pth.tar
2022-05-17 13:52:48,944 Loss: 0.455, MeanIU:  0.4421, Best_mIoU:  0.4421
2022-05-17 13:52:48,944 [0.95377716 0.68259317 0.84763017 0.06370668 0.28687227 0.36149967
 0.09838639 0.49528652 0.8745389  0.46120515 0.88547503 0.57307901
 0.10983616 0.84945772 0.16243373 0.00528723 0.00476358 0.09620516
 0.58736145]
2022-05-17 13:52:50,220 Epoch: [3/5] Iter:[0/743], Time: 1.27, lr: [0.0043838329055408696], Loss: 0.287248
2022-05-17 13:52:58,696 Epoch: [3/5] Iter:[10/743], Time: 0.89, lr: [0.004357273144824], Loss: 0.496583
2022-05-17 13:53:07,260 Epoch: [3/5] Iter:[20/743], Time: 0.87, lr: [0.004330695383447609], Loss: 0.488576
2022-05-17 13:53:15,760 Epoch: [3/5] Iter:[30/743], Time: 0.86, lr: [0.004304099486297188], Loss: 0.602358
2022-05-17 13:53:24,371 Epoch: [3/5] Iter:[40/743], Time: 0.86, lr: [0.004277485316308751], Loss: 0.607240
2022-05-17 13:53:33,044 Epoch: [3/5] Iter:[50/743], Time: 0.86, lr: [0.00425085273442702], Loss: 0.586785
2022-05-17 13:53:41,742 Epoch: [3/5] Iter:[60/743], Time: 0.87, lr: [0.004224201599562422], Loss: 0.596720
2022-05-17 13:53:50,554 Epoch: [3/5] Iter:[70/743], Time: 0.87, lr: [0.0041975317685468486], Loss: 0.627362
2022-05-17 13:53:59,380 Epoch: [3/5] Iter:[80/743], Time: 0.87, lr: [0.004170843096088133], Loss: 0.606177
2022-05-17 13:54:08,253 Epoch: [3/5] Iter:[90/743], Time: 0.87, lr: [0.004144135434723203], Loss: 0.630088
2022-05-17 13:54:17,057 Epoch: [3/5] Iter:[100/743], Time: 0.87, lr: [0.004117408634769852], Loss: 0.629458
2022-05-17 13:54:25,936 Epoch: [3/5] Iter:[110/743], Time: 0.87, lr: [0.004090662544277081], Loss: 0.621439
2022-05-17 13:54:34,807 Epoch: [3/5] Iter:[120/743], Time: 0.87, lr: [0.0040638970089739756], Loss: 0.608188
2022-05-17 13:54:43,683 Epoch: [3/5] Iter:[130/743], Time: 0.88, lr: [0.004037111872217022], Loss: 0.607712
2022-05-17 13:54:52,638 Epoch: [3/5] Iter:[140/743], Time: 0.88, lr: [0.004010306974935858], Loss: 0.596766
2022-05-17 13:55:01,497 Epoch: [3/5] Iter:[150/743], Time: 0.88, lr: [0.00398348215557735], Loss: 0.587808
2022-05-17 13:55:10,425 Epoch: [3/5] Iter:[160/743], Time: 0.88, lr: [0.003956637250047958], Loss: 0.592971
2022-05-17 13:55:19,334 Epoch: [3/5] Iter:[170/743], Time: 0.88, lr: [0.003929772091654328], Loss: 0.592152
2022-05-17 13:55:28,245 Epoch: [3/5] Iter:[180/743], Time: 0.88, lr: [0.0039028865110420155], Loss: 0.585021
2022-05-17 13:55:37,130 Epoch: [3/5] Iter:[190/743], Time: 0.88, lr: [0.0038759803361323006], Loss: 0.580011
2022-05-17 13:55:46,018 Epoch: [3/5] Iter:[200/743], Time: 0.88, lr: [0.003849053392056991], Loss: 0.574457
2022-05-17 13:55:54,879 Epoch: [3/5] Iter:[210/743], Time: 0.88, lr: [0.003822105501091157], Loss: 0.576818
2022-05-17 13:56:03,727 Epoch: [3/5] Iter:[220/743], Time: 0.88, lr: [0.003795136482583695], Loss: 0.569392
2022-05-17 13:56:12,549 Epoch: [3/5] Iter:[230/743], Time: 0.88, lr: [0.003768146152885638], Loss: 0.564459
2022-05-17 13:56:21,322 Epoch: [3/5] Iter:[240/743], Time: 0.88, lr: [0.003741134325276146], Loss: 0.565189
2022-05-17 13:56:30,140 Epoch: [3/5] Iter:[250/743], Time: 0.88, lr: [0.0037141008098860286], Loss: 0.563322
2022-05-17 13:56:38,917 Epoch: [3/5] Iter:[260/743], Time: 0.88, lr: [0.0036870454136187585], Loss: 0.565717
2022-05-17 13:56:47,785 Epoch: [3/5] Iter:[270/743], Time: 0.88, lr: [0.0036599679400688262], Loss: 0.560092
2022-05-17 13:56:56,585 Epoch: [3/5] Iter:[280/743], Time: 0.88, lr: [0.0036328681894373395], Loss: 0.553991
2022-05-17 13:57:05,350 Epoch: [3/5] Iter:[290/743], Time: 0.88, lr: [0.003605745958444766], Loss: 0.549836
2022-05-17 13:57:14,117 Epoch: [3/5] Iter:[300/743], Time: 0.88, lr: [0.003578601040240666], Loss: 0.546366
2022-05-17 13:57:22,836 Epoch: [3/5] Iter:[310/743], Time: 0.88, lr: [0.003551433224310317], Loss: 0.546924
2022-05-17 13:57:31,626 Epoch: [3/5] Iter:[320/743], Time: 0.88, lr: [0.0035242422963780748], Loss: 0.546303
2022-05-17 13:57:40,400 Epoch: [3/5] Iter:[330/743], Time: 0.88, lr: [0.00349702803830733], Loss: 0.545176
2022-05-17 13:57:49,146 Epoch: [3/5] Iter:[340/743], Time: 0.88, lr: [0.0034697902279969303], Loss: 0.543808
2022-05-17 13:57:57,869 Epoch: [3/5] Iter:[350/743], Time: 0.88, lr: [0.0034425286392738737], Loss: 0.541177
2022-05-17 13:58:06,615 Epoch: [3/5] Iter:[360/743], Time: 0.88, lr: [0.00341524304178215], Loss: 0.537389
2022-05-17 13:58:15,353 Epoch: [3/5] Iter:[370/743], Time: 0.88, lr: [0.0033879332008675133], Loss: 0.539735
2022-05-17 13:58:24,126 Epoch: [3/5] Iter:[380/743], Time: 0.88, lr: [0.003360598877458027], Loss: 0.538893
2022-05-17 13:58:32,851 Epoch: [3/5] Iter:[390/743], Time: 0.88, lr: [0.0033332398279401834], Loss: 0.538317
2022-05-17 13:58:41,635 Epoch: [3/5] Iter:[400/743], Time: 0.88, lr: [0.0033058558040303743], Loss: 0.537908
2022-05-17 13:58:50,344 Epoch: [3/5] Iter:[410/743], Time: 0.88, lr: [0.0032784465526415206], Loss: 0.542346
2022-05-17 13:58:59,100 Epoch: [3/5] Iter:[420/743], Time: 0.88, lr: [0.003251011815744609], Loss: 0.539053
2022-05-17 13:59:07,852 Epoch: [3/5] Iter:[430/743], Time: 0.88, lr: [0.0032235513302248937], Loss: 0.537394
2022-05-17 13:59:16,590 Epoch: [3/5] Iter:[440/743], Time: 0.88, lr: [0.003196064827732533], Loss: 0.534329
2022-05-17 13:59:25,365 Epoch: [3/5] Iter:[450/743], Time: 0.88, lr: [0.0031685520345273435], Loss: 0.535868
2022-05-17 13:59:34,095 Epoch: [3/5] Iter:[460/743], Time: 0.88, lr: [0.003141012671317426], Loss: 0.533967
2022-05-17 13:59:42,806 Epoch: [3/5] Iter:[470/743], Time: 0.88, lr: [0.0031134464530913294], Loss: 0.534691
2022-05-17 13:59:51,535 Epoch: [3/5] Iter:[480/743], Time: 0.88, lr: [0.0030858530889434368], Loss: 0.533101
2022-05-17 14:00:00,205 Epoch: [3/5] Iter:[490/743], Time: 0.88, lr: [0.003058232281892241], Loss: 0.532492
2022-05-17 14:00:08,857 Epoch: [3/5] Iter:[500/743], Time: 0.88, lr: [0.0030305837286911204], Loss: 0.531052
2022-05-17 14:00:17,554 Epoch: [3/5] Iter:[510/743], Time: 0.88, lr: [0.003002907119631258], Loss: 0.529509
2022-05-17 14:00:26,241 Epoch: [3/5] Iter:[520/743], Time: 0.88, lr: [0.0029752021383362597], Loss: 0.527138
2022-05-17 14:00:34,923 Epoch: [3/5] Iter:[530/743], Time: 0.88, lr: [0.002947468461548068], Loss: 0.524756
2022-05-17 14:00:43,576 Epoch: [3/5] Iter:[540/743], Time: 0.88, lr: [0.0029197057589036724], Loss: 0.521798
2022-05-17 14:00:52,256 Epoch: [3/5] Iter:[550/743], Time: 0.88, lr: [0.0028919136927021455], Loss: 0.518725
2022-05-17 14:01:00,963 Epoch: [3/5] Iter:[560/743], Time: 0.88, lr: [0.0028640919176614694], Loss: 0.516408
2022-05-17 14:01:09,653 Epoch: [3/5] Iter:[570/743], Time: 0.88, lr: [0.0028362400806645764], Loss: 0.514454
2022-05-17 14:01:18,334 Epoch: [3/5] Iter:[580/743], Time: 0.88, lr: [0.0028083578204940365], Loss: 0.512398
2022-05-17 14:01:27,006 Epoch: [3/5] Iter:[590/743], Time: 0.88, lr: [0.0027804447675547086], Loss: 0.511171
2022-05-17 14:01:35,725 Epoch: [3/5] Iter:[600/743], Time: 0.88, lr: [0.002752500543583701], Loss: 0.508379
2022-05-17 14:01:44,399 Epoch: [3/5] Iter:[610/743], Time: 0.88, lr: [0.002724524761346911], Loss: 0.507870
2022-05-17 14:01:53,066 Epoch: [3/5] Iter:[620/743], Time: 0.88, lr: [0.0026965170243213334], Loss: 0.508042
2022-05-17 14:02:01,773 Epoch: [3/5] Iter:[630/743], Time: 0.88, lr: [0.0026684769263623327], Loss: 0.508943
2022-05-17 14:02:10,476 Epoch: [3/5] Iter:[640/743], Time: 0.88, lr: [0.0026404040513549614], Loss: 0.507279
2022-05-17 14:02:19,185 Epoch: [3/5] Iter:[650/743], Time: 0.88, lr: [0.0026122979728483665], Loss: 0.506501
2022-05-17 14:02:27,899 Epoch: [3/5] Iter:[660/743], Time: 0.88, lr: [0.002584158253672259], Loss: 0.505814
2022-05-17 14:02:36,595 Epoch: [3/5] Iter:[670/743], Time: 0.88, lr: [0.0025559844455343263], Loss: 0.504439
2022-05-17 14:02:45,295 Epoch: [3/5] Iter:[680/743], Time: 0.88, lr: [0.002527776088597408], Loss: 0.505565
2022-05-17 14:02:54,014 Epoch: [3/5] Iter:[690/743], Time: 0.88, lr: [0.0024995327110351427], Loss: 0.505164
2022-05-17 14:03:02,686 Epoch: [3/5] Iter:[700/743], Time: 0.88, lr: [0.0024712538285647087], Loss: 0.505371
2022-05-17 14:03:11,412 Epoch: [3/5] Iter:[710/743], Time: 0.88, lr: [0.002442938943955181], Loss: 0.504471
2022-05-17 14:03:20,135 Epoch: [3/5] Iter:[720/743], Time: 0.88, lr: [0.0024145875465098783], Loss: 0.505058
2022-05-17 14:03:28,878 Epoch: [3/5] Iter:[730/743], Time: 0.88, lr: [0.0023861991115209985], Loss: 0.503912
2022-05-17 14:03:37,571 Epoch: [3/5] Iter:[740/743], Time: 0.88, lr: [0.002357773099694638], Loss: 0.504232
2022-05-17 14:08:07,888 0 [0.95874487 0.71968281 0.86316423 0.11150031 0.32814306 0.42760157
 0.32977522 0.55665217 0.8867477  0.47676349 0.89247735 0.65187496
 0.19221877 0.87579122 0.04386903 0.38004208 0.21082287 0.10337268
 0.61846683] 0.5067216434899046
2022-05-17 14:08:07,888 1 [0.95735686 0.71608007 0.86181129 0.12974064 0.34594706 0.44067239
 0.32117347 0.56653834 0.88624701 0.48471177 0.88587332 0.65920658
 0.22848744 0.88801476 0.00344326 0.46155011 0.31161583 0.10313822
 0.59924077] 0.5184657467518384
2022-05-17 14:08:07,888 => saving checkpoint to output/cityscapes/seg_hrnet_ocr_w48_train_512x1024_sgd_lr1e-2_wd5e-2_bs_12_epoch484checkpoint.pth.tar
2022-05-17 14:08:09,761 Loss: 0.370, MeanIU:  0.5185, Best_mIoU:  0.5185
2022-05-17 14:08:09,762 [0.95735686 0.71608007 0.86181129 0.12974064 0.34594706 0.44067239
 0.32117347 0.56653834 0.88624701 0.48471177 0.88587332 0.65920658
 0.22848744 0.88801476 0.00344326 0.46155011 0.31161583 0.10313822
 0.59924077]
2022-05-17 14:08:11,016 Epoch: [4/5] Iter:[0/743], Time: 1.25, lr: [0.0023492378861760376], Loss: 0.487483
2022-05-17 14:08:19,499 Epoch: [4/5] Iter:[10/743], Time: 0.88, lr: [0.0023207621931537917], Loss: 0.619344
2022-05-17 14:08:28,010 Epoch: [4/5] Iter:[20/743], Time: 0.87, lr: [0.0022922476242041904], Loss: 0.551836
2022-05-17 14:08:36,545 Epoch: [4/5] Iter:[30/743], Time: 0.86, lr: [0.002263693587407183], Loss: 0.581357
2022-05-17 14:08:45,142 Epoch: [4/5] Iter:[40/743], Time: 0.86, lr: [0.002235099473394986], Loss: 0.536976
2022-05-17 14:08:53,821 Epoch: [4/5] Iter:[50/743], Time: 0.86, lr: [0.002206464654582057], Loss: 0.522254
2022-05-17 14:09:02,535 Epoch: [4/5] Iter:[60/743], Time: 0.87, lr: [0.0021777884843494615], Loss: 0.512767
2022-05-17 14:09:11,292 Epoch: [4/5] Iter:[70/743], Time: 0.87, lr: [0.002149070296180226], Loss: 0.506863
2022-05-17 14:09:20,089 Epoch: [4/5] Iter:[80/743], Time: 0.87, lr: [0.0021203094027419894], Loss: 0.496538
2022-05-17 14:09:28,947 Epoch: [4/5] Iter:[90/743], Time: 0.87, lr: [0.0020915050949128463], Loss: 0.484326
2022-05-17 14:09:37,770 Epoch: [4/5] Iter:[100/743], Time: 0.87, lr: [0.0020626566407459922], Loss: 0.476366
2022-05-17 14:09:46,649 Epoch: [4/5] Iter:[110/743], Time: 0.87, lr: [0.0020337632843682673], Loss: 0.469636
2022-05-17 14:09:55,530 Epoch: [4/5] Iter:[120/743], Time: 0.87, lr: [0.002004824244807296], Loss: 0.467882
2022-05-17 14:10:04,394 Epoch: [4/5] Iter:[130/743], Time: 0.88, lr: [0.0019758387147413687], Loss: 0.480312
2022-05-17 14:10:13,260 Epoch: [4/5] Iter:[140/743], Time: 0.88, lr: [0.0019468058591656057], Loss: 0.489008
2022-05-17 14:10:22,149 Epoch: [4/5] Iter:[150/743], Time: 0.88, lr: [0.001917724813967359], Loss: 0.484800
2022-05-17 14:10:31,013 Epoch: [4/5] Iter:[160/743], Time: 0.88, lr: [0.001888594684402993], Loss: 0.486342
2022-05-17 14:10:39,890 Epoch: [4/5] Iter:[170/743], Time: 0.88, lr: [0.0018594145434674312], Loss: 0.481607
2022-05-17 14:10:48,769 Epoch: [4/5] Iter:[180/743], Time: 0.88, lr: [0.0018301834301469192], Loss: 0.477127
2022-05-17 14:10:57,638 Epoch: [4/5] Iter:[190/743], Time: 0.88, lr: [0.0018009003475443848], Loss: 0.474904
2022-05-17 14:11:06,503 Epoch: [4/5] Iter:[200/743], Time: 0.88, lr: [0.0017715642608656683], Loss: 0.473747
2022-05-17 14:11:15,316 Epoch: [4/5] Iter:[210/743], Time: 0.88, lr: [0.0017421740952535004], Loss: 0.476113
2022-05-17 14:11:24,125 Epoch: [4/5] Iter:[220/743], Time: 0.88, lr: [0.0017127287334546785], Loss: 0.477497
2022-05-17 14:11:32,988 Epoch: [4/5] Iter:[230/743], Time: 0.88, lr: [0.001683227013304125], Loss: 0.472755
2022-05-17 14:11:41,851 Epoch: [4/5] Iter:[240/743], Time: 0.88, lr: [0.0016536677250076116], Loss: 0.470255
2022-05-17 14:11:50,671 Epoch: [4/5] Iter:[250/743], Time: 0.88, lr: [0.0016240496082027165], Loss: 0.475149
2022-05-17 14:11:59,558 Epoch: [4/5] Iter:[260/743], Time: 0.88, lr: [0.0015943713487750182], Loss: 0.473718
2022-05-17 14:12:08,352 Epoch: [4/5] Iter:[270/743], Time: 0.88, lr: [0.0015646315754036717], Loss: 0.470986
2022-05-17 14:12:17,136 Epoch: [4/5] Iter:[280/743], Time: 0.88, lr: [0.0015348288558071225], Loss: 0.469397
2022-05-17 14:12:25,891 Epoch: [4/5] Iter:[290/743], Time: 0.88, lr: [0.0015049616926558857], Loss: 0.468843
2022-05-17 14:12:34,690 Epoch: [4/5] Iter:[300/743], Time: 0.88, lr: [0.0014750285191148665], Loss: 0.470848
2022-05-17 14:12:43,504 Epoch: [4/5] Iter:[310/743], Time: 0.88, lr: [0.0014450276939724685], Loss: 0.467369
2022-05-17 14:12:52,238 Epoch: [4/5] Iter:[320/743], Time: 0.88, lr: [0.0014149574963077812], Loss: 0.465452
2022-05-17 14:13:00,939 Epoch: [4/5] Iter:[330/743], Time: 0.88, lr: [0.0013848161196400289], Loss: 0.466284
2022-05-17 14:13:09,775 Epoch: [4/5] Iter:[340/743], Time: 0.88, lr: [0.0013546016654962455], Loss: 0.462955
2022-05-17 14:13:18,524 Epoch: [4/5] Iter:[350/743], Time: 0.88, lr: [0.0013243121363234348], Loss: 0.459628
2022-05-17 14:13:27,308 Epoch: [4/5] Iter:[360/743], Time: 0.88, lr: [0.0012939454276599527], Loss: 0.457366
2022-05-17 14:13:36,057 Epoch: [4/5] Iter:[370/743], Time: 0.88, lr: [0.0012634993194673247], Loss: 0.454960
2022-05-17 14:13:44,775 Epoch: [4/5] Iter:[380/743], Time: 0.88, lr: [0.0012329714665074427], Loss: 0.455413
2022-05-17 14:13:53,522 Epoch: [4/5] Iter:[390/743], Time: 0.88, lr: [0.00120235938763075], Loss: 0.454465
2022-05-17 14:14:02,250 Epoch: [4/5] Iter:[400/743], Time: 0.88, lr: [0.0011716604538177663], Loss: 0.452530
2022-05-17 14:14:11,005 Epoch: [4/5] Iter:[410/743], Time: 0.88, lr: [0.0011408718747881281], Loss: 0.451572
2022-05-17 14:14:19,726 Epoch: [4/5] Iter:[420/743], Time: 0.88, lr: [0.0011099906839573009], Loss: 0.452979
2022-05-17 14:14:28,418 Epoch: [4/5] Iter:[430/743], Time: 0.88, lr: [0.0010790137214793923], Loss: 0.449153
2022-05-17 14:14:37,102 Epoch: [4/5] Iter:[440/743], Time: 0.88, lr: [0.001047937615063454], Loss: 0.448228
2022-05-17 14:14:45,767 Epoch: [4/5] Iter:[450/743], Time: 0.88, lr: [0.0010167587581875383], Loss: 0.448033
2022-05-17 14:14:54,514 Epoch: [4/5] Iter:[460/743], Time: 0.88, lr: [0.0009854732852562717], Loss: 0.446555
2022-05-17 14:15:03,199 Epoch: [4/5] Iter:[470/743], Time: 0.88, lr: [0.000954077043149592], Loss: 0.443857
2022-05-17 14:15:11,926 Epoch: [4/5] Iter:[480/743], Time: 0.88, lr: [0.0009225655584863749], Loss: 0.441302
2022-05-17 14:15:20,631 Epoch: [4/5] Iter:[490/743], Time: 0.88, lr: [0.0008909339997693918], Loss: 0.438825
2022-05-17 14:15:29,300 Epoch: [4/5] Iter:[500/743], Time: 0.88, lr: [0.0008591771333762632], Loss: 0.437258
2022-05-17 14:15:37,988 Epoch: [4/5] Iter:[510/743], Time: 0.88, lr: [0.000827289272100242], Loss: 0.440043
2022-05-17 14:15:46,712 Epoch: [4/5] Iter:[520/743], Time: 0.88, lr: [0.000795264214603962], Loss: 0.439043
2022-05-17 14:15:55,393 Epoch: [4/5] Iter:[530/743], Time: 0.88, lr: [0.000763095173699575], Loss: 0.439818
2022-05-17 14:16:04,056 Epoch: [4/5] Iter:[540/743], Time: 0.88, lr: [0.00073077469076849], Loss: 0.440443
2022-05-17 14:16:12,727 Epoch: [4/5] Iter:[550/743], Time: 0.88, lr: [0.0006982945328225506], Loss: 0.440101
2022-05-17 14:16:21,392 Epoch: [4/5] Iter:[560/743], Time: 0.88, lr: [0.0006656455675970923], Loss: 0.439669
2022-05-17 14:16:30,070 Epoch: [4/5] Iter:[570/743], Time: 0.88, lr: [0.0006328176105210793], Loss: 0.444701
2022-05-17 14:16:38,747 Epoch: [4/5] Iter:[580/743], Time: 0.88, lr: [0.0005997992352259093], Loss: 0.446718
2022-05-17 14:16:47,517 Epoch: [4/5] Iter:[590/743], Time: 0.88, lr: [0.000566577536113057], Loss: 0.446957
2022-05-17 14:16:56,212 Epoch: [4/5] Iter:[600/743], Time: 0.88, lr: [0.000533137826889893], Loss: 0.446893
2022-05-17 14:17:04,884 Epoch: [4/5] Iter:[610/743], Time: 0.88, lr: [0.000499463252063143], Loss: 0.446852
2022-05-17 14:17:13,551 Epoch: [4/5] Iter:[620/743], Time: 0.88, lr: [0.000465534277729578], Loss: 0.445553
2022-05-17 14:17:22,248 Epoch: [4/5] Iter:[630/743], Time: 0.88, lr: [0.00043132801113894066], Loss: 0.444992
2022-05-17 14:17:30,948 Epoch: [4/5] Iter:[640/743], Time: 0.88, lr: [0.0003968172709115228], Loss: 0.444734
2022-05-17 14:17:39,644 Epoch: [4/5] Iter:[650/743], Time: 0.88, lr: [0.00036196928290700974], Loss: 0.445470
2022-05-17 14:17:48,306 Epoch: [4/5] Iter:[660/743], Time: 0.88, lr: [0.00032674379345972517], Loss: 0.445979
2022-05-17 14:17:57,030 Epoch: [4/5] Iter:[670/743], Time: 0.88, lr: [0.0002910902357444974], Loss: 0.444119
2022-05-17 14:18:05,767 Epoch: [4/5] Iter:[680/743], Time: 0.88, lr: [0.0002549432736895262], Loss: 0.442793
2022-05-17 14:18:14,470 Epoch: [4/5] Iter:[690/743], Time: 0.88, lr: [0.0002182153747690722], Loss: 0.441150
2022-05-17 14:18:23,136 Epoch: [4/5] Iter:[700/743], Time: 0.87, lr: [0.00018078345153775899], Loss: 0.439867
2022-05-17 14:18:31,822 Epoch: [4/5] Iter:[710/743], Time: 0.87, lr: [0.0001424621878190582], Loss: 0.438787
2022-05-17 14:18:40,557 Epoch: [4/5] Iter:[720/743], Time: 0.87, lr: [0.00010294188491568538], Loss: 0.439421
2022-05-17 14:18:49,189 Epoch: [4/5] Iter:[730/743], Time: 0.87, lr: [6.160076148637625e-05], Loss: 0.440797
2022-05-17 14:18:57,854 Epoch: [4/5] Iter:[740/743], Time: 0.87, lr: [1.646062014369335e-05], Loss: 0.441307
2022-05-17 14:23:26,920 0 [0.96530065 0.75468858 0.86753555 0.22065983 0.35988991 0.44454783
 0.37198113 0.58762814 0.89301167 0.48666873 0.87500005 0.67686459
 0.23460755 0.89223175 0.14465726 0.41156826 0.24786256 0.11546729
 0.62592764] 0.5355841556826201
2022-05-17 14:23:26,920 1 [0.96323093 0.75762521 0.8683905  0.26229797 0.38927862 0.46052402
 0.36475904 0.59288282 0.89442654 0.49482732 0.84185138 0.68529367
 0.26572539 0.90101893 0.06973261 0.47844005 0.29555217 0.09399862
 0.61798755] 0.5419917546765431
2022-05-17 14:23:26,920 => saving checkpoint to output/cityscapes/seg_hrnet_ocr_w48_train_512x1024_sgd_lr1e-2_wd5e-2_bs_12_epoch484checkpoint.pth.tar
2022-05-17 14:23:28,216 Loss: 0.346, MeanIU:  0.5420, Best_mIoU:  0.5420
2022-05-17 14:23:28,217 [0.96323093 0.75762521 0.8683905  0.26229797 0.38927862 0.46052402
 0.36475904 0.59288282 0.89442654 0.49482732 0.84185138 0.68529367
 0.26572539 0.90101893 0.06973261 0.47844005 0.29555217 0.09399862
 0.61798755]
2022-05-17 14:23:28,562 Hours: 1
2022-05-17 14:23:28,562 Done
