2022-05-18 11:10:16,931 Namespace(cfg='experiments/acdc/seg_hrnet_ocr_w48_train_512x1024_sgd_lr1e-2_wd5e-2_bs_2_epoch40.yaml', seed=304, local_rank=0, opts=[])
2022-05-18 11:10:16,931 AUTO_RESUME: False
CUDNN:
  BENCHMARK: True
  DETERMINISTIC: False
  ENABLED: True
DATASET:
  DATASET: acdc
  EXTRA_TRAIN_SET: 
  NUM_CLASSES: 19
  ROOT: data/
  TEST_SET: list/acdc/val.lst
  TRAIN_SET: list/acdc/train.lst
DEBUG:
  DEBUG: False
  SAVE_BATCH_IMAGES_GT: False
  SAVE_BATCH_IMAGES_PRED: False
  SAVE_HEATMAPS_GT: False
  SAVE_HEATMAPS_PRED: False
GPUS: (0,)
LOG_DIR: log
LOSS:
  BALANCE_WEIGHTS: [0.4, 1]
  CLASS_BALANCE: False
  OHEMKEEP: 131072
  OHEMTHRES: 0.9
  USE_OHEM: False
MODEL:
  ALIGN_CORNERS: True
  EXTRA:
    FINAL_CONV_KERNEL: 1
    STAGE1:
      BLOCK: BOTTLENECK
      FUSE_METHOD: SUM
      NUM_BLOCKS: [4]
      NUM_CHANNELS: [64]
      NUM_MODULES: 1
      NUM_RANCHES: 1
    STAGE2:
      BLOCK: BASIC
      FUSE_METHOD: SUM
      NUM_BLOCKS: [4, 4]
      NUM_BRANCHES: 2
      NUM_CHANNELS: [48, 96]
      NUM_MODULES: 1
    STAGE3:
      BLOCK: BASIC
      FUSE_METHOD: SUM
      NUM_BLOCKS: [4, 4, 4]
      NUM_BRANCHES: 3
      NUM_CHANNELS: [48, 96, 192]
      NUM_MODULES: 4
    STAGE4:
      BLOCK: BASIC
      FUSE_METHOD: SUM
      NUM_BLOCKS: [4, 4, 4, 4]
      NUM_BRANCHES: 4
      NUM_CHANNELS: [48, 96, 192, 384]
      NUM_MODULES: 3
  NAME: seg_hrnet_ocr
  NUM_OUTPUTS: 2
  OCR:
    DROPOUT: 0.05
    KEY_CHANNELS: 256
    MID_CHANNELS: 512
    SCALE: 1
  PRETRAINED: pretrained_models/hrnetv2_w48_imagenet_pretrained.pth
OUTPUT_DIR: output
PIN_MEMORY: True
PRINT_FREQ: 10
RANK: 0
TEST:
  BASE_SIZE: 2048
  BATCH_SIZE_PER_GPU: 2
  FLIP_TEST: False
  IMAGE_SIZE: [2048, 1024]
  MODEL_FILE: 
  MULTI_SCALE: False
  NUM_SAMPLES: 0
  OUTPUT_INDEX: -1
  SCALE_LIST: [1]
TRAIN:
  BASE_SIZE: 2048
  BATCH_SIZE_PER_GPU: 2
  BEGIN_EPOCH: 0
  DOWNSAMPLERATE: 1
  END_EPOCH: 100
  EXTRA_EPOCH: 0
  EXTRA_LR: 0.001
  FLIP: True
  FREEZE_EPOCHS: -1
  FREEZE_LAYERS: 
  IGNORE_LABEL: 255
  IMAGE_SIZE: [1024, 512]
  LR: 0.01
  LR_FACTOR: 0.1
  LR_STEP: [90, 110]
  MOMENTUM: 0.9
  MULTI_SCALE: True
  NESTEROV: False
  NONBACKBONE_KEYWORDS: []
  NONBACKBONE_MULT: 10
  NUM_SAMPLES: 0
  OPTIMIZER: sgd
  RANDOM_BRIGHTNESS: False
  RANDOM_BRIGHTNESS_SHIFT_VALUE: 10
  RESUME: True
  SCALE_FACTOR: 16
  SHUFFLE: True
  WD: 0.0005
WORKERS: 2
2022-05-18 11:10:16,939 Added key: store_based_barrier_key:1 to store for rank: 0
2022-05-18 11:10:16,940 Rank 0: Completed store-based barrier for key:store_based_barrier_key:1 with 1 nodes.
2022-05-18 11:10:17,325 => init weights from normal distribution
2022-05-18 11:10:17,757 => loading pretrained model pretrained_models/hrnetv2_w48_imagenet_pretrained.pth
2022-05-18 11:10:25,176 => loaded checkpoint (epoch 40)
2022-05-18 11:10:31,086 Epoch: [40/100] Iter:[0/166], Time: 5.90, lr: [0.006314458674893553], Loss: 1.730498
2022-05-18 11:10:38,347 Epoch: [40/100] Iter:[10/166], Time: 1.20, lr: [0.006308752552198478], Loss: 2.054211
2022-05-18 11:10:45,702 Epoch: [40/100] Iter:[20/166], Time: 0.98, lr: [0.006303045855994814], Loss: 1.939607
2022-05-18 11:10:53,112 Epoch: [40/100] Iter:[30/166], Time: 0.90, lr: [0.006297338585647864], Loss: 1.922795
2022-05-18 11:11:00,587 Epoch: [40/100] Iter:[40/166], Time: 0.86, lr: [0.0062916307405215845], Loss: 1.936023
2022-05-18 11:11:08,017 Epoch: [40/100] Iter:[50/166], Time: 0.84, lr: [0.0062859223199785855], Loss: 1.901674
2022-05-18 11:11:15,548 Epoch: [40/100] Iter:[60/166], Time: 0.83, lr: [0.006280213323380128], Loss: 1.905576
2022-05-18 11:11:23,085 Epoch: [40/100] Iter:[70/166], Time: 0.82, lr: [0.0062745037500861215], Loss: 1.879369
2022-05-18 11:11:30,627 Epoch: [40/100] Iter:[80/166], Time: 0.81, lr: [0.006268793599455108], Loss: 1.871888
2022-05-18 11:11:38,210 Epoch: [40/100] Iter:[90/166], Time: 0.80, lr: [0.006263082870844273], Loss: 1.875085
2022-05-18 11:11:45,782 Epoch: [40/100] Iter:[100/166], Time: 0.80, lr: [0.006257371563609433], Loss: 1.887617
2022-05-18 11:11:53,016 Epoch: [40/100] Iter:[110/166], Time: 0.79, lr: [0.00625165967710503], Loss: 1.898108
2022-05-18 11:11:58,913 Epoch: [40/100] Iter:[120/166], Time: 0.77, lr: [0.006245947210684127], Loss: 1.907360
2022-05-18 11:12:04,792 Epoch: [40/100] Iter:[130/166], Time: 0.76, lr: [0.0062402341636984176], Loss: 1.911359
2022-05-18 11:12:10,674 Epoch: [40/100] Iter:[140/166], Time: 0.75, lr: [0.006234520535498197], Loss: 1.909155
2022-05-18 11:12:16,532 Epoch: [40/100] Iter:[150/166], Time: 0.74, lr: [0.0062288063254323815], Loss: 1.887762
2022-05-18 11:12:22,526 Epoch: [40/100] Iter:[160/166], Time: 0.73, lr: [0.006223091532848485], Loss: 1.895807
2022-05-18 11:13:19,242 0 [0.66256167 0.00818431 0.18193086 0.         0.         0.
 0.         0.         0.13945756 0.         0.52527525 0.
 0.         0.01036961 0.         0.         0.         0.
 0.        ] 0.08040943445607812
2022-05-18 11:13:19,242 1 [0.65603642 0.         0.1831385  0.         0.         0.
 0.         0.         0.09670929 0.         0.49026024 0.
 0.         0.00192349 0.         0.         0.         0.
 0.        ] 0.07516147072793589
2022-05-18 11:13:19,242 => saving checkpoint to output/acdc/seg_hrnet_ocr_w48_train_512x1024_sgd_lr1e-2_wd5e-2_bs_2_epoch40checkpoint.pth.tar
2022-05-18 11:13:20,493 Loss: 1.761, MeanIU:  0.0752, Best_mIoU:  0.0942
2022-05-18 11:13:20,494 [0.65603642 0.         0.1831385  0.         0.         0.
 0.         0.         0.09670929 0.         0.49026024 0.
 0.         0.00192349 0.         0.         0.         0.
 0.        ]
2022-05-18 11:13:21,501 Epoch: [41/100] Iter:[0/166], Time: 1.00, lr: [0.006219662377417515], Loss: 1.542712
2022-05-18 11:13:29,113 Epoch: [41/100] Iter:[10/166], Time: 0.78, lr: [0.006213946651444036], Loss: 1.713712
2022-05-18 11:13:36,639 Epoch: [41/100] Iter:[20/166], Time: 0.77, lr: [0.006208230341249469], Loss: 1.733026
2022-05-18 11:13:44,206 Epoch: [41/100] Iter:[30/166], Time: 0.76, lr: [0.00620251344617628], Loss: 1.825987
2022-05-18 11:13:51,853 Epoch: [41/100] Iter:[40/166], Time: 0.76, lr: [0.006196795965565514], Loss: 1.858493
2022-05-18 11:13:57,726 Epoch: [41/100] Iter:[50/166], Time: 0.73, lr: [0.006191077898756804], Loss: 1.867087
2022-05-18 11:14:03,610 Epoch: [41/100] Iter:[60/166], Time: 0.71, lr: [0.0061853592450883555], Loss: 1.840618
2022-05-18 11:14:09,408 Epoch: [41/100] Iter:[70/166], Time: 0.69, lr: [0.006179640003896947], Loss: 1.882776
2022-05-18 11:14:15,196 Epoch: [41/100] Iter:[80/166], Time: 0.68, lr: [0.006173920174517927], Loss: 1.879989
2022-05-18 11:14:21,021 Epoch: [41/100] Iter:[90/166], Time: 0.67, lr: [0.0061681997562852055], Loss: 1.915236
2022-05-18 11:14:26,872 Epoch: [41/100] Iter:[100/166], Time: 0.66, lr: [0.006162478748531251], Loss: 1.915792
2022-05-18 11:14:32,822 Epoch: [41/100] Iter:[110/166], Time: 0.65, lr: [0.006156757150587084], Loss: 1.886060
2022-05-18 11:14:38,658 Epoch: [41/100] Iter:[120/166], Time: 0.65, lr: [0.0061510349617822785], Loss: 1.866113
2022-05-18 11:14:44,455 Epoch: [41/100] Iter:[130/166], Time: 0.64, lr: [0.006145312181444948], Loss: 1.860164
2022-05-18 11:14:50,282 Epoch: [41/100] Iter:[140/166], Time: 0.64, lr: [0.006139588808901748], Loss: 1.880347
2022-05-18 11:14:56,116 Epoch: [41/100] Iter:[150/166], Time: 0.63, lr: [0.006133864843477874], Loss: 1.876445
2022-05-18 11:15:01,958 Epoch: [41/100] Iter:[160/166], Time: 0.63, lr: [0.006128140284497044], Loss: 1.877310
2022-05-18 11:15:58,218 0 [6.40963525e-01 1.56948834e-04 2.38099143e-01 0.00000000e+00
 1.26811525e-03 0.00000000e+00 0.00000000e+00 0.00000000e+00
 1.04852237e-01 0.00000000e+00 5.54160894e-01 0.00000000e+00
 0.00000000e+00 8.06216811e-02 0.00000000e+00 0.00000000e+00
 0.00000000e+00 0.00000000e+00 0.00000000e+00] 0.08526960757847571
2022-05-18 11:15:58,218 1 [0.61437275 0.         0.22240641 0.         0.0008373  0.
 0.         0.         0.14646623 0.         0.55438523 0.
 0.         0.08024676 0.         0.         0.         0.
 0.        ] 0.08519550912216618
2022-05-18 11:15:58,218 => saving checkpoint to output/acdc/seg_hrnet_ocr_w48_train_512x1024_sgd_lr1e-2_wd5e-2_bs_2_epoch40checkpoint.pth.tar
2022-05-18 11:15:59,798 Loss: 1.659, MeanIU:  0.0852, Best_mIoU:  0.0942
2022-05-18 11:15:59,799 [0.61437275 0.         0.22240641 0.         0.0008373  0.
 0.         0.         0.14646623 0.         0.55438523 0.
 0.         0.08024676 0.         0.         0.         0.
 0.        ]
2022-05-18 11:16:00,813 Epoch: [42/100] Iter:[0/166], Time: 1.01, lr: [0.006124705263919325], Loss: 1.993678
2022-05-18 11:16:08,197 Epoch: [42/100] Iter:[10/166], Time: 0.76, lr: [0.006118979753837025], Loss: 2.137510
2022-05-18 11:16:13,940 Epoch: [42/100] Iter:[20/166], Time: 0.67, lr: [0.006113253648432536], Loss: 2.018099
2022-05-18 11:16:19,724 Epoch: [42/100] Iter:[30/166], Time: 0.64, lr: [0.00610752694702425], Loss: 1.952723
2022-05-18 11:16:25,512 Epoch: [42/100] Iter:[40/166], Time: 0.63, lr: [0.006101799648929068], Loss: 1.905001
2022-05-18 11:16:31,341 Epoch: [42/100] Iter:[50/166], Time: 0.62, lr: [0.006096071753462395], Loss: 1.924160
2022-05-18 11:16:37,135 Epoch: [42/100] Iter:[60/166], Time: 0.61, lr: [0.006090343259938132], Loss: 1.912563
2022-05-18 11:16:42,912 Epoch: [42/100] Iter:[70/166], Time: 0.61, lr: [0.006084614167668676], Loss: 1.890018
2022-05-18 11:16:48,757 Epoch: [42/100] Iter:[80/166], Time: 0.60, lr: [0.006078884475964917], Loss: 1.848841
2022-05-18 11:16:54,543 Epoch: [42/100] Iter:[90/166], Time: 0.60, lr: [0.006073154184136227], Loss: 1.825373
2022-05-18 11:17:00,358 Epoch: [42/100] Iter:[100/166], Time: 0.60, lr: [0.006067423291490454], Loss: 1.847681
2022-05-18 11:17:06,107 Epoch: [42/100] Iter:[110/166], Time: 0.60, lr: [0.006061691797333922], Loss: 1.852480
2022-05-18 11:17:11,851 Epoch: [42/100] Iter:[120/166], Time: 0.60, lr: [0.006055959700971427], Loss: 1.845928
2022-05-18 11:17:17,673 Epoch: [42/100] Iter:[130/166], Time: 0.59, lr: [0.006050227001706226], Loss: 1.840529
2022-05-18 11:17:24,719 Epoch: [42/100] Iter:[140/166], Time: 0.60, lr: [0.006044493698840038], Loss: 1.855387
2022-05-18 11:17:32,153 Epoch: [42/100] Iter:[150/166], Time: 0.61, lr: [0.006038759791673037], Loss: 1.856298
2022-05-18 11:17:39,551 Epoch: [42/100] Iter:[160/166], Time: 0.62, lr: [0.006033025279503845], Loss: 1.862691
2022-05-18 11:18:35,330 0 [0.64393875 0.00755101 0.2323622  0.         0.         0.
 0.         0.         0.14425015 0.         0.57081253 0.
 0.         0.02159717 0.         0.         0.         0.
 0.        ] 0.08529009502379176
2022-05-18 11:18:35,330 1 [6.41440724e-01 2.30662406e-05 2.64482597e-01 0.00000000e+00
 0.00000000e+00 0.00000000e+00 0.00000000e+00 0.00000000e+00
 9.66900038e-02 0.00000000e+00 5.72366579e-01 0.00000000e+00
 0.00000000e+00 1.51236737e-02 0.00000000e+00 0.00000000e+00
 0.00000000e+00 0.00000000e+00 0.00000000e+00] 0.08369087598085713
2022-05-18 11:18:35,330 => saving checkpoint to output/acdc/seg_hrnet_ocr_w48_train_512x1024_sgd_lr1e-2_wd5e-2_bs_2_epoch40checkpoint.pth.tar
2022-05-18 11:18:36,910 Loss: 1.803, MeanIU:  0.0837, Best_mIoU:  0.0942
2022-05-18 11:18:36,911 [6.41440724e-01 2.30662406e-05 2.64482597e-01 0.00000000e+00
 0.00000000e+00 0.00000000e+00 0.00000000e+00 0.00000000e+00
 9.66900038e-02 0.00000000e+00 5.72366579e-01 0.00000000e+00
 0.00000000e+00 1.51236737e-02 0.00000000e+00 0.00000000e+00
 0.00000000e+00 0.00000000e+00 0.00000000e+00]
2022-05-18 11:18:37,681 Epoch: [43/100] Iter:[0/166], Time: 0.77, lr: [0.0060295842815089205], Loss: 1.588675
2022-05-18 11:18:43,456 Epoch: [43/100] Iter:[10/166], Time: 0.59, lr: [0.006023848799873467], Loss: 1.909049
2022-05-18 11:18:49,195 Epoch: [43/100] Iter:[20/166], Time: 0.58, lr: [0.006018112711404945], Loss: 1.944605
2022-05-18 11:18:55,000 Epoch: [43/100] Iter:[30/166], Time: 0.58, lr: [0.006012376015396349], Loss: 1.924983
2022-05-18 11:19:00,796 Epoch: [43/100] Iter:[40/166], Time: 0.58, lr: [0.006006638711139107], Loss: 1.856105
2022-05-18 11:19:06,695 Epoch: [43/100] Iter:[50/166], Time: 0.58, lr: [0.006000900797923059], Loss: 1.816621
2022-05-18 11:19:12,412 Epoch: [43/100] Iter:[60/166], Time: 0.58, lr: [0.005995162275036464], Loss: 1.768977
2022-05-18 11:19:19,891 Epoch: [43/100] Iter:[70/166], Time: 0.61, lr: [0.005989423141765993], Loss: 1.781211
2022-05-18 11:19:27,384 Epoch: [43/100] Iter:[80/166], Time: 0.62, lr: [0.00598368339739672], Loss: 1.793538
2022-05-18 11:19:34,817 Epoch: [43/100] Iter:[90/166], Time: 0.64, lr: [0.0059779430412121165], Loss: 1.804772
2022-05-18 11:19:42,346 Epoch: [43/100] Iter:[100/166], Time: 0.65, lr: [0.005972202072494054], Loss: 1.802075
2022-05-18 11:19:49,812 Epoch: [43/100] Iter:[110/166], Time: 0.66, lr: [0.005966460490522789], Loss: 1.808325
2022-05-18 11:19:57,260 Epoch: [43/100] Iter:[120/166], Time: 0.66, lr: [0.005960718294576962], Loss: 1.816375
2022-05-18 11:20:04,779 Epoch: [43/100] Iter:[130/166], Time: 0.67, lr: [0.005954975483933592], Loss: 1.828488
2022-05-18 11:20:12,188 Epoch: [43/100] Iter:[140/166], Time: 0.68, lr: [0.005949232057868073], Loss: 1.842521
2022-05-18 11:20:19,627 Epoch: [43/100] Iter:[150/166], Time: 0.68, lr: [0.005943488015654162], Loss: 1.853312
2022-05-18 11:20:27,014 Epoch: [43/100] Iter:[160/166], Time: 0.68, lr: [0.005937743356563986], Loss: 1.863374
2022-05-18 11:21:19,265 0 [0.66482208 0.01698397 0.29035198 0.         0.         0.
 0.         0.         0.05904386 0.         0.58327506 0.
 0.         0.05144    0.         0.         0.         0.
 0.        ] 0.08767984034198241
2022-05-18 11:21:19,265 1 [0.65432037 0.         0.28997812 0.         0.         0.
 0.         0.         0.01410547 0.         0.59091613 0.
 0.         0.05979396 0.         0.         0.         0.
 0.        ] 0.08469021330085362
2022-05-18 11:21:19,265 => saving checkpoint to output/acdc/seg_hrnet_ocr_w48_train_512x1024_sgd_lr1e-2_wd5e-2_bs_2_epoch40checkpoint.pth.tar
2022-05-18 11:21:20,957 Loss: 1.707, MeanIU:  0.0847, Best_mIoU:  0.0942
2022-05-18 11:21:20,957 [0.65432037 0.         0.28997812 0.         0.         0.
 0.         0.         0.01410547 0.         0.59091613 0.
 0.         0.05979396 0.         0.         0.         0.
 0.        ]
2022-05-18 11:21:21,942 Epoch: [44/100] Iter:[0/166], Time: 0.98, lr: [0.00593429626470586], Loss: 1.187033
2022-05-18 11:21:29,262 Epoch: [44/100] Iter:[10/166], Time: 0.75, lr: [0.0059285506170955625], Loss: 1.922490
2022-05-18 11:21:36,781 Epoch: [44/100] Iter:[20/166], Time: 0.75, lr: [0.005922804350708813], Loss: 1.786278
2022-05-18 11:21:44,241 Epoch: [44/100] Iter:[30/166], Time: 0.75, lr: [0.005917057464811788], Loss: 1.793619
2022-05-18 11:21:51,733 Epoch: [44/100] Iter:[40/166], Time: 0.75, lr: [0.005911309958669007], Loss: 1.786876
2022-05-18 11:21:59,149 Epoch: [44/100] Iter:[50/166], Time: 0.75, lr: [0.005905561831543316], Loss: 1.761735
2022-05-18 11:22:06,639 Epoch: [44/100] Iter:[60/166], Time: 0.75, lr: [0.005899813082695892], Loss: 1.812120
2022-05-18 11:22:14,139 Epoch: [44/100] Iter:[70/166], Time: 0.75, lr: [0.005894063711386225], Loss: 1.895485
2022-05-18 11:22:21,622 Epoch: [44/100] Iter:[80/166], Time: 0.75, lr: [0.005888313716872128], Loss: 1.914139
2022-05-18 11:22:29,073 Epoch: [44/100] Iter:[90/166], Time: 0.75, lr: [0.005882563098409716], Loss: 1.908403
2022-05-18 11:22:36,552 Epoch: [44/100] Iter:[100/166], Time: 0.75, lr: [0.00587681185525341], Loss: 1.903126
2022-05-18 11:22:43,567 Epoch: [44/100] Iter:[110/166], Time: 0.74, lr: [0.005871059986655927], Loss: 1.900960
2022-05-18 11:22:49,395 Epoch: [44/100] Iter:[120/166], Time: 0.73, lr: [0.005865307491868277], Loss: 1.895365
2022-05-18 11:22:55,182 Epoch: [44/100] Iter:[130/166], Time: 0.72, lr: [0.0058595543701397525], Loss: 1.885132
2022-05-18 11:23:00,966 Epoch: [44/100] Iter:[140/166], Time: 0.71, lr: [0.005853800620717932], Loss: 1.873913
2022-05-18 11:23:06,849 Epoch: [44/100] Iter:[150/166], Time: 0.70, lr: [0.005848046242848661], Loss: 1.865134
2022-05-18 11:23:12,603 Epoch: [44/100] Iter:[160/166], Time: 0.69, lr: [0.0058422912357760605], Loss: 1.827503
2022-05-18 11:24:05,692 0 [0.64102714 0.07807154 0.00912944 0.         0.         0.
 0.         0.         0.29202531 0.         0.57114201 0.
 0.         0.05185523 0.         0.         0.         0.
 0.        ] 0.08648687720473518
2022-05-18 11:24:05,692 1 [0.6108523  0.01914096 0.00175029 0.         0.         0.
 0.         0.         0.31530907 0.         0.58074591 0.
 0.         0.04102407 0.         0.         0.         0.
 0.        ] 0.0825696109473022
2022-05-18 11:24:05,692 => saving checkpoint to output/acdc/seg_hrnet_ocr_w48_train_512x1024_sgd_lr1e-2_wd5e-2_bs_2_epoch40checkpoint.pth.tar
2022-05-18 11:24:07,017 Loss: 1.634, MeanIU:  0.0826, Best_mIoU:  0.0942
2022-05-18 11:24:07,017 [0.6108523  0.01914096 0.00175029 0.         0.         0.
 0.         0.         0.31530907 0.         0.58074591 0.
 0.         0.04102407 0.         0.         0.         0.
 0.        ]
2022-05-18 11:24:07,971 Epoch: [45/100] Iter:[0/166], Time: 0.95, lr: [0.0058388379291998025], Loss: 1.760682
2022-05-18 11:24:15,332 Epoch: [45/100] Iter:[10/166], Time: 0.76, lr: [0.005833081913825296], Loss: 2.052512
2022-05-18 11:24:22,761 Epoch: [45/100] Iter:[20/166], Time: 0.75, lr: [0.005827325267274016], Loss: 1.746327
2022-05-18 11:24:30,122 Epoch: [45/100] Iter:[30/166], Time: 0.75, lr: [0.005821567988783798], Loss: 1.716584
2022-05-18 11:24:37,570 Epoch: [45/100] Iter:[40/166], Time: 0.74, lr: [0.005815810077590717], Loss: 1.667870
2022-05-18 11:24:43,842 Epoch: [45/100] Iter:[50/166], Time: 0.72, lr: [0.005810051532929085], Loss: 1.744289
2022-05-18 11:24:49,625 Epoch: [45/100] Iter:[60/166], Time: 0.70, lr: [0.005804292354031439], Loss: 1.748307
2022-05-18 11:24:55,393 Epoch: [45/100] Iter:[70/166], Time: 0.68, lr: [0.005798532540128543], Loss: 1.774746
2022-05-18 11:25:01,185 Epoch: [45/100] Iter:[80/166], Time: 0.67, lr: [0.005792772090449375], Loss: 1.737260
2022-05-18 11:25:06,989 Epoch: [45/100] Iter:[90/166], Time: 0.66, lr: [0.005787011004221127], Loss: 1.728074
2022-05-18 11:25:12,795 Epoch: [45/100] Iter:[100/166], Time: 0.65, lr: [0.005781249280669194], Loss: 1.739320
2022-05-18 11:25:18,553 Epoch: [45/100] Iter:[110/166], Time: 0.64, lr: [0.005775486919017169], Loss: 1.762124
2022-05-18 11:25:24,327 Epoch: [45/100] Iter:[120/166], Time: 0.64, lr: [0.005769723918486838], Loss: 1.796116
2022-05-18 11:25:30,108 Epoch: [45/100] Iter:[130/166], Time: 0.63, lr: [0.005763960278298171], Loss: 1.819775
2022-05-18 11:25:35,851 Epoch: [45/100] Iter:[140/166], Time: 0.63, lr: [0.005758195997669321], Loss: 1.795571
2022-05-18 11:25:41,664 Epoch: [45/100] Iter:[150/166], Time: 0.63, lr: [0.005752431075816612], Loss: 1.816513
2022-05-18 11:25:47,456 Epoch: [45/100] Iter:[160/166], Time: 0.62, lr: [0.005746665511954539], Loss: 1.821853
2022-05-18 11:26:41,941 0 [0.64610997 0.26615383 0.29680692 0.         0.         0.
 0.         0.         0.10157141 0.         0.59048215 0.
 0.         0.08782055 0.         0.         0.         0.
 0.        ] 0.1046813061890139
2022-05-18 11:26:41,941 1 [0.63188022 0.24578369 0.27673962 0.         0.         0.
 0.         0.         0.12271779 0.         0.58953394 0.
 0.         0.07970234 0.         0.         0.         0.
 0.        ] 0.10243987308923835
2022-05-18 11:26:41,941 => saving checkpoint to output/acdc/seg_hrnet_ocr_w48_train_512x1024_sgd_lr1e-2_wd5e-2_bs_2_epoch40checkpoint.pth.tar
2022-05-18 11:26:43,975 Loss: 1.639, MeanIU:  0.1024, Best_mIoU:  0.1024
2022-05-18 11:26:43,976 [0.63188022 0.24578369 0.27673962 0.         0.         0.
 0.         0.         0.12271779 0.         0.58953394 0.
 0.         0.07970234 0.         0.         0.         0.
 0.        ]
2022-05-18 11:26:44,888 Epoch: [46/100] Iter:[0/166], Time: 0.91, lr: [0.005743205865145341], Loss: 1.570662
2022-05-18 11:26:52,253 Epoch: [46/100] Iter:[10/166], Time: 0.75, lr: [0.005737439272429835], Loss: 1.697676
2022-05-18 11:26:59,118 Epoch: [46/100] Iter:[20/166], Time: 0.72, lr: [0.00573167203565402], Loss: 1.756745
2022-05-18 11:27:04,913 Epoch: [46/100] Iter:[30/166], Time: 0.68, lr: [0.005725904154025737], Loss: 1.879310
2022-05-18 11:27:10,591 Epoch: [46/100] Iter:[40/166], Time: 0.65, lr: [0.005720135626750971], Loss: 1.885104
2022-05-18 11:27:16,440 Epoch: [46/100] Iter:[50/166], Time: 0.64, lr: [0.005714366453033828], Loss: 1.962277
2022-05-18 11:27:22,175 Epoch: [46/100] Iter:[60/166], Time: 0.63, lr: [0.005708596632076546], Loss: 1.933044
2022-05-18 11:27:27,908 Epoch: [46/100] Iter:[70/166], Time: 0.62, lr: [0.00570282616307948], Loss: 1.975093
2022-05-18 11:27:33,652 Epoch: [46/100] Iter:[80/166], Time: 0.61, lr: [0.005697055045241093], Loss: 1.971805
2022-05-18 11:27:39,480 Epoch: [46/100] Iter:[90/166], Time: 0.61, lr: [0.005691283277757959], Loss: 1.988599
2022-05-18 11:27:45,265 Epoch: [46/100] Iter:[100/166], Time: 0.61, lr: [0.00568551085982475], Loss: 1.993906
2022-05-18 11:27:51,044 Epoch: [46/100] Iter:[110/166], Time: 0.60, lr: [0.005679737790634225], Loss: 1.947052
2022-05-18 11:27:56,795 Epoch: [46/100] Iter:[120/166], Time: 0.60, lr: [0.005673964069377232], Loss: 1.951252
2022-05-18 11:28:02,527 Epoch: [46/100] Iter:[130/166], Time: 0.60, lr: [0.005668189695242698], Loss: 1.953079
2022-05-18 11:28:08,288 Epoch: [46/100] Iter:[140/166], Time: 0.60, lr: [0.005662414667417618], Loss: 1.940119
2022-05-18 11:28:15,501 Epoch: [46/100] Iter:[150/166], Time: 0.61, lr: [0.005656638985087056], Loss: 1.941192
2022-05-18 11:28:22,892 Epoch: [46/100] Iter:[160/166], Time: 0.61, lr: [0.005650862647434135], Loss: 1.957813
2022-05-18 11:29:18,396 0 [0.64262723 0.02417245 0.29202016 0.         0.00175157 0.
 0.         0.         0.01914807 0.         0.59458408 0.
 0.         0.038144   0.         0.         0.         0.
 0.        ] 0.08486566102656781
2022-05-18 11:29:18,396 1 [6.33542762e-01 1.18726412e-05 2.98345682e-01 0.00000000e+00
 0.00000000e+00 0.00000000e+00 0.00000000e+00 0.00000000e+00
 2.80534234e-02 0.00000000e+00 5.96230387e-01 0.00000000e+00
 0.00000000e+00 1.84969642e-02 0.00000000e+00 0.00000000e+00
 0.00000000e+00 0.00000000e+00 0.00000000e+00] 0.08287795220312764
2022-05-18 11:29:18,396 => saving checkpoint to output/acdc/seg_hrnet_ocr_w48_train_512x1024_sgd_lr1e-2_wd5e-2_bs_2_epoch40checkpoint.pth.tar
2022-05-18 11:29:19,854 Loss: 1.657, MeanIU:  0.0829, Best_mIoU:  0.1024
2022-05-18 11:29:19,855 [6.33542762e-01 1.18726412e-05 2.98345682e-01 0.00000000e+00
 0.00000000e+00 0.00000000e+00 0.00000000e+00 0.00000000e+00
 2.80534234e-02 0.00000000e+00 5.96230387e-01 0.00000000e+00
 0.00000000e+00 1.84969642e-02 0.00000000e+00 0.00000000e+00
 0.00000000e+00 0.00000000e+00 0.00000000e+00]
2022-05-18 11:29:20,621 Epoch: [47/100] Iter:[0/166], Time: 0.76, lr: [0.005647396529947098], Loss: 1.107833
2022-05-18 11:29:26,348 Epoch: [47/100] Iter:[10/166], Time: 0.59, lr: [0.005641619142074426], Loss: 1.666020
2022-05-18 11:29:32,136 Epoch: [47/100] Iter:[20/166], Time: 0.58, lr: [0.005635841096746368], Loss: 1.822248
2022-05-18 11:29:37,835 Epoch: [47/100] Iter:[30/166], Time: 0.58, lr: [0.005630062393139004], Loss: 1.806138
2022-05-18 11:29:43,587 Epoch: [47/100] Iter:[40/166], Time: 0.58, lr: [0.0056242830304264295], Loss: 1.836269
2022-05-18 11:29:49,419 Epoch: [47/100] Iter:[50/166], Time: 0.58, lr: [0.005618503007780768], Loss: 1.806300
2022-05-18 11:29:55,224 Epoch: [47/100] Iter:[60/166], Time: 0.58, lr: [0.0056127223243721495], Loss: 1.813574
2022-05-18 11:30:01,041 Epoch: [47/100] Iter:[70/166], Time: 0.58, lr: [0.005606940979368712], Loss: 1.822383
2022-05-18 11:30:06,859 Epoch: [47/100] Iter:[80/166], Time: 0.58, lr: [0.005601158971936592], Loss: 1.818251
2022-05-18 11:30:12,673 Epoch: [47/100] Iter:[90/166], Time: 0.58, lr: [0.0055953763012399176], Loss: 1.835610
2022-05-18 11:30:19,341 Epoch: [47/100] Iter:[100/166], Time: 0.59, lr: [0.005589592966440799], Loss: 1.843448
2022-05-18 11:30:26,723 Epoch: [47/100] Iter:[110/166], Time: 0.60, lr: [0.0055838089666993265], Loss: 1.878303
2022-05-18 11:30:34,234 Epoch: [47/100] Iter:[120/166], Time: 0.61, lr: [0.0055780243011735575], Loss: 1.858565
2022-05-18 11:30:41,656 Epoch: [47/100] Iter:[130/166], Time: 0.62, lr: [0.005572238969019513], Loss: 1.869815
2022-05-18 11:30:49,032 Epoch: [47/100] Iter:[140/166], Time: 0.63, lr: [0.005566452969391167], Loss: 1.867705
2022-05-18 11:30:56,422 Epoch: [47/100] Iter:[150/166], Time: 0.64, lr: [0.005560666301440446], Loss: 1.861191
2022-05-18 11:31:03,869 Epoch: [47/100] Iter:[160/166], Time: 0.65, lr: [0.005554878964317211], Loss: 1.845939
2022-05-18 11:31:56,537 0 [0.65321087 0.02905793 0.28288446 0.         0.         0.
 0.         0.         0.10054926 0.         0.58477427 0.
 0.         0.01832271 0.         0.         0.         0.
 0.        ] 0.08783155313041484
2022-05-18 11:31:56,537 1 [0.63905832 0.01705354 0.28960808 0.         0.         0.
 0.         0.         0.01785069 0.         0.57135827 0.
 0.         0.02260828 0.         0.         0.         0.
 0.        ] 0.08197564125541043
2022-05-18 11:31:56,537 => saving checkpoint to output/acdc/seg_hrnet_ocr_w48_train_512x1024_sgd_lr1e-2_wd5e-2_bs_2_epoch40checkpoint.pth.tar
2022-05-18 11:31:58,055 Loss: 1.620, MeanIU:  0.0820, Best_mIoU:  0.1024
2022-05-18 11:31:58,055 [0.63905832 0.01705354 0.28960808 0.         0.         0.
 0.         0.         0.01785069 0.         0.57135827 0.
 0.         0.02260828 0.         0.         0.         0.
 0.        ]
2022-05-18 11:31:59,002 Epoch: [48/100] Iter:[0/166], Time: 0.94, lr: [0.0055514062404860365], Loss: 1.447369
2022-05-18 11:32:06,292 Epoch: [48/100] Iter:[10/166], Time: 0.75, lr: [0.00554561783091334], Loss: 1.742590
2022-05-18 11:32:13,679 Epoch: [48/100] Iter:[20/166], Time: 0.74, lr: [0.005539828749948085], Loss: 1.760069
2022-05-18 11:32:21,087 Epoch: [48/100] Iter:[30/166], Time: 0.74, lr: [0.005534038996732663], Loss: 1.740185
2022-05-18 11:32:28,456 Epoch: [48/100] Iter:[40/166], Time: 0.74, lr: [0.005528248570407367], Loss: 1.751062
2022-05-18 11:32:35,873 Epoch: [48/100] Iter:[50/166], Time: 0.74, lr: [0.00552245747011039], Loss: 1.813139
2022-05-18 11:32:43,364 Epoch: [48/100] Iter:[60/166], Time: 0.74, lr: [0.00551666569497782], Loss: 1.831584
2022-05-18 11:32:50,825 Epoch: [48/100] Iter:[70/166], Time: 0.74, lr: [0.00551087324414362], Loss: 1.815532
2022-05-18 11:32:58,274 Epoch: [48/100] Iter:[80/166], Time: 0.74, lr: [0.0055050801167396335], Loss: 1.821524
2022-05-18 11:33:05,685 Epoch: [48/100] Iter:[90/166], Time: 0.74, lr: [0.005499286311895576], Loss: 1.825411
2022-05-18 11:33:13,146 Epoch: [48/100] Iter:[100/166], Time: 0.74, lr: [0.005493491828739017], Loss: 1.818928
2022-05-18 11:33:20,641 Epoch: [48/100] Iter:[110/166], Time: 0.74, lr: [0.005487696666395382], Loss: 1.817044
2022-05-18 11:33:28,036 Epoch: [48/100] Iter:[120/166], Time: 0.74, lr: [0.00548190082398794], Loss: 1.831242
2022-05-18 11:33:35,495 Epoch: [48/100] Iter:[130/166], Time: 0.74, lr: [0.005476104300637797], Loss: 1.843012
2022-05-18 11:33:42,953 Epoch: [48/100] Iter:[140/166], Time: 0.74, lr: [0.005470307095463886], Loss: 1.839230
2022-05-18 11:33:49,437 Epoch: [48/100] Iter:[150/166], Time: 0.74, lr: [0.005464509207582966], Loss: 1.848671
2022-05-18 11:33:55,256 Epoch: [48/100] Iter:[160/166], Time: 0.73, lr: [0.005458710636109606], Loss: 1.868382
2022-05-18 11:34:47,519 0 [0.62541583 0.00826218 0.13509042 0.         0.         0.
 0.         0.         0.27826964 0.         0.58197028 0.
 0.         0.00626928 0.         0.         0.         0.
 0.        ] 0.08606724312298562
2022-05-18 11:34:47,519 1 [0.61577392 0.         0.18139292 0.         0.         0.
 0.         0.         0.25847715 0.         0.59944929 0.
 0.         0.00106083 0.         0.         0.         0.
 0.        ] 0.08716600566618814
2022-05-18 11:34:47,519 => saving checkpoint to output/acdc/seg_hrnet_ocr_w48_train_512x1024_sgd_lr1e-2_wd5e-2_bs_2_epoch40checkpoint.pth.tar
2022-05-18 11:34:49,129 Loss: 1.724, MeanIU:  0.0872, Best_mIoU:  0.1024
2022-05-18 11:34:49,129 [0.61577392 0.         0.18139292 0.         0.         0.
 0.         0.         0.25847715 0.         0.59944929 0.
 0.         0.00106083 0.         0.         0.         0.
 0.        ]
2022-05-18 11:34:50,127 Epoch: [49/100] Iter:[0/166], Time: 0.99, lr: [0.005455231164732058], Loss: 3.459860
2022-05-18 11:34:57,578 Epoch: [49/100] Iter:[10/166], Time: 0.77, lr: [0.005449431497663616], Loss: 2.119584
2022-05-18 11:35:04,973 Epoch: [49/100] Iter:[20/166], Time: 0.75, lr: [0.005443631144690322], Loss: 2.146668
2022-05-18 11:35:12,422 Epoch: [49/100] Iter:[30/166], Time: 0.75, lr: [0.005437830104918804], Loss: 2.104335
2022-05-18 11:35:19,845 Epoch: [49/100] Iter:[40/166], Time: 0.75, lr: [0.005432028377453469], Loss: 2.050969
2022-05-18 11:35:27,390 Epoch: [49/100] Iter:[50/166], Time: 0.75, lr: [0.005426225961396492], Loss: 2.027354
2022-05-18 11:35:33,823 Epoch: [49/100] Iter:[60/166], Time: 0.73, lr: [0.005420422855847804], Loss: 1.956445
2022-05-18 11:35:39,597 Epoch: [49/100] Iter:[70/166], Time: 0.71, lr: [0.005414619059905093], Loss: 1.939024
2022-05-18 11:35:45,338 Epoch: [49/100] Iter:[80/166], Time: 0.69, lr: [0.005408814572663782], Loss: 1.895422
2022-05-18 11:35:51,170 Epoch: [49/100] Iter:[90/166], Time: 0.68, lr: [0.0054030093932170365], Loss: 1.882192
2022-05-18 11:35:56,952 Epoch: [49/100] Iter:[100/166], Time: 0.67, lr: [0.005397203520655743], Loss: 1.856563
2022-05-18 11:36:02,785 Epoch: [49/100] Iter:[110/166], Time: 0.66, lr: [0.0053913969540685105], Loss: 1.835819
2022-05-18 11:36:08,582 Epoch: [49/100] Iter:[120/166], Time: 0.66, lr: [0.005385589692541652], Loss: 1.826085
2022-05-18 11:36:14,471 Epoch: [49/100] Iter:[130/166], Time: 0.65, lr: [0.005379781735159187], Loss: 1.802009
2022-05-18 11:36:20,253 Epoch: [49/100] Iter:[140/166], Time: 0.65, lr: [0.0053739730810028205], Loss: 1.808283
2022-05-18 11:36:26,129 Epoch: [49/100] Iter:[150/166], Time: 0.64, lr: [0.0053681637291519485], Loss: 1.808869
2022-05-18 11:36:31,872 Epoch: [49/100] Iter:[160/166], Time: 0.64, lr: [0.005362353678683636], Loss: 1.797703
2022-05-18 11:37:26,215 0 [0.67931034 0.11794395 0.24092573 0.         0.         0.
 0.         0.         0.15380825 0.         0.56188685 0.
 0.         0.00149464 0.         0.         0.         0.
 0.        ] 0.09238788185052427
2022-05-18 11:37:26,215 1 [0.66164787 0.08150921 0.22633913 0.         0.         0.
 0.         0.         0.18055235 0.         0.56987184 0.
 0.         0.00168146 0.         0.         0.         0.
 0.        ] 0.0906106244736732
2022-05-18 11:37:26,215 => saving checkpoint to output/acdc/seg_hrnet_ocr_w48_train_512x1024_sgd_lr1e-2_wd5e-2_bs_2_epoch40checkpoint.pth.tar
2022-05-18 11:37:27,811 Loss: 1.662, MeanIU:  0.0906, Best_mIoU:  0.1024
2022-05-18 11:37:27,811 [0.66164787 0.08150921 0.22633913 0.         0.         0.
 0.         0.         0.18055235 0.         0.56987184 0.
 0.         0.00168146 0.         0.         0.         0.
 0.        ]
2022-05-18 11:37:28,793 Epoch: [50/100] Iter:[0/166], Time: 0.98, lr: [0.005358867312681466], Loss: 1.676178
2022-05-18 11:37:36,177 Epoch: [50/100] Iter:[10/166], Time: 0.76, lr: [0.005353056142499725], Loss: 2.031513
2022-05-18 11:37:43,596 Epoch: [50/100] Iter:[20/166], Time: 0.75, lr: [0.0053472442712899785], Loss: 2.061755
2022-05-18 11:37:49,522 Epoch: [50/100] Iter:[30/166], Time: 0.70, lr: [0.005341431698120853], Loss: 2.077751
2022-05-18 11:37:55,311 Epoch: [50/100] Iter:[40/166], Time: 0.67, lr: [0.005335618422058605], Loss: 2.008399
2022-05-18 11:38:01,060 Epoch: [50/100] Iter:[50/166], Time: 0.65, lr: [0.005329804442167126], Loss: 2.074995
2022-05-18 11:38:06,786 Epoch: [50/100] Iter:[60/166], Time: 0.64, lr: [0.0053239897575079196], Loss: 2.033931
2022-05-18 11:38:12,515 Epoch: [50/100] Iter:[70/166], Time: 0.63, lr: [0.005318174367140096], Loss: 2.024124
2022-05-18 11:38:18,332 Epoch: [50/100] Iter:[80/166], Time: 0.62, lr: [0.005312358270120364], Loss: 2.020739
2022-05-18 11:38:24,097 Epoch: [50/100] Iter:[90/166], Time: 0.62, lr: [0.005306541465503029], Loss: 1.984243
2022-05-18 11:38:29,873 Epoch: [50/100] Iter:[100/166], Time: 0.61, lr: [0.005300723952339968], Loss: 1.947125
2022-05-18 11:38:35,697 Epoch: [50/100] Iter:[110/166], Time: 0.61, lr: [0.005294905729680637], Loss: 1.943023
2022-05-18 11:38:41,494 Epoch: [50/100] Iter:[120/166], Time: 0.61, lr: [0.005289086796572052], Loss: 1.934841
2022-05-18 11:38:47,270 Epoch: [50/100] Iter:[130/166], Time: 0.61, lr: [0.005283267152058782], Loss: 1.902999
2022-05-18 11:38:53,142 Epoch: [50/100] Iter:[140/166], Time: 0.61, lr: [0.0052774467951829385], Loss: 1.879175
2022-05-18 11:38:59,980 Epoch: [50/100] Iter:[150/166], Time: 0.61, lr: [0.005271625724984173], Loss: 1.865519
2022-05-18 11:39:07,535 Epoch: [50/100] Iter:[160/166], Time: 0.62, lr: [0.005265803940499656], Loss: 1.864095
2022-05-18 11:40:03,286 0 [0.642806   0.00180077 0.26140885 0.         0.         0.
 0.         0.         0.04977131 0.         0.55683867 0.
 0.         0.01321333 0.         0.         0.         0.
 0.        ] 0.08030731179630422
2022-05-18 11:40:03,287 1 [0.64603064 0.         0.27629774 0.         0.         0.
 0.         0.         0.02037863 0.         0.57653281 0.
 0.         0.01431433 0.         0.         0.         0.
 0.        ] 0.08071337615155562
2022-05-18 11:40:03,287 => saving checkpoint to output/acdc/seg_hrnet_ocr_w48_train_512x1024_sgd_lr1e-2_wd5e-2_bs_2_epoch40checkpoint.pth.tar
2022-05-18 11:40:04,774 Loss: 1.811, MeanIU:  0.0807, Best_mIoU:  0.1024
2022-05-18 11:40:04,774 [0.64603064 0.         0.27629774 0.         0.         0.
 0.         0.         0.02037863 0.         0.57653281 0.
 0.         0.01431433 0.         0.         0.         0.
 0.        ]
2022-05-18 11:40:05,554 Epoch: [51/100] Iter:[0/166], Time: 0.77, lr: [0.005262310526550319], Loss: 1.776574
2022-05-18 11:40:11,256 Epoch: [51/100] Iter:[10/166], Time: 0.59, lr: [0.005256487597199717], Loss: 1.530238
2022-05-18 11:40:16,932 Epoch: [51/100] Iter:[20/166], Time: 0.58, lr: [0.005250663951048366], Loss: 1.811898
2022-05-18 11:40:22,718 Epoch: [51/100] Iter:[30/166], Time: 0.58, lr: [0.005244839587124452], Loss: 1.918403
2022-05-18 11:40:28,422 Epoch: [51/100] Iter:[40/166], Time: 0.58, lr: [0.005239014504453642], Loss: 1.871931
2022-05-18 11:40:34,223 Epoch: [51/100] Iter:[50/166], Time: 0.58, lr: [0.0052331887020590755], Loss: 1.889066
2022-05-18 11:40:40,048 Epoch: [51/100] Iter:[60/166], Time: 0.58, lr: [0.0052273621789613554], Loss: 1.909817
2022-05-18 11:40:45,804 Epoch: [51/100] Iter:[70/166], Time: 0.58, lr: [0.005221534934178536], Loss: 1.887243
2022-05-18 11:40:51,596 Epoch: [51/100] Iter:[80/166], Time: 0.58, lr: [0.005215706966726111], Loss: 1.875419
2022-05-18 11:40:57,427 Epoch: [51/100] Iter:[90/166], Time: 0.58, lr: [0.005209878275617016], Loss: 1.894451
2022-05-18 11:41:03,430 Epoch: [51/100] Iter:[100/166], Time: 0.58, lr: [0.005204048859861599], Loss: 1.902483
2022-05-18 11:41:10,886 Epoch: [51/100] Iter:[110/166], Time: 0.60, lr: [0.005198218718467627], Loss: 1.878397
2022-05-18 11:41:18,335 Epoch: [51/100] Iter:[120/166], Time: 0.61, lr: [0.00519238785044027], Loss: 1.849503
2022-05-18 11:41:25,749 Epoch: [51/100] Iter:[130/166], Time: 0.62, lr: [0.00518655625478209], Loss: 1.834068
2022-05-18 11:41:33,183 Epoch: [51/100] Iter:[140/166], Time: 0.63, lr: [0.005180723930493027], Loss: 1.832137
2022-05-18 11:41:40,604 Epoch: [51/100] Iter:[150/166], Time: 0.63, lr: [0.005174890876570405], Loss: 1.840223
2022-05-18 11:41:48,016 Epoch: [51/100] Iter:[160/166], Time: 0.64, lr: [0.005169057092008901], Loss: 1.823453
2022-05-18 11:42:41,003 0 [0.66014791 0.10645349 0.27014273 0.         0.         0.
 0.         0.         0.03426206 0.         0.54206238 0.
 0.         0.09013905 0.         0.         0.         0.
 0.        ] 0.08964250622776582
2022-05-18 11:42:41,004 1 [0.64448358 0.02671553 0.27567223 0.         0.         0.
 0.         0.         0.02308786 0.         0.54115758 0.
 0.         0.09191965 0.         0.         0.         0.
 0.        ] 0.08437033837062083
2022-05-18 11:42:41,004 => saving checkpoint to output/acdc/seg_hrnet_ocr_w48_train_512x1024_sgd_lr1e-2_wd5e-2_bs_2_epoch40checkpoint.pth.tar
2022-05-18 11:42:42,656 Loss: 1.695, MeanIU:  0.0844, Best_mIoU:  0.1024
2022-05-18 11:42:42,656 [0.64448358 0.02671553 0.27567223 0.         0.         0.
 0.         0.         0.02308786 0.         0.54115758 0.
 0.         0.09191965 0.         0.         0.         0.
 0.        ]
2022-05-18 11:42:43,616 Epoch: [52/100] Iter:[0/166], Time: 0.96, lr: [0.00516555647014613], Loss: 1.134230
2022-05-18 11:42:50,961 Epoch: [52/100] Iter:[10/166], Time: 0.75, lr: [0.005159721514464735], Loss: 1.753295
2022-05-18 11:42:58,418 Epoch: [52/100] Iter:[20/166], Time: 0.75, lr: [0.005153885825518207], Loss: 1.766389
2022-05-18 11:43:05,823 Epoch: [52/100] Iter:[30/166], Time: 0.75, lr: [0.005148049402291648], Loss: 1.822296
2022-05-18 11:43:13,247 Epoch: [52/100] Iter:[40/166], Time: 0.75, lr: [0.0051422122437674725], Loss: 1.821993
2022-05-18 11:43:20,670 Epoch: [52/100] Iter:[50/166], Time: 0.75, lr: [0.0051363743489253955], Loss: 1.821532
2022-05-18 11:43:28,223 Epoch: [52/100] Iter:[60/166], Time: 0.75, lr: [0.005130535716742435], Loss: 1.807051
2022-05-18 11:43:35,719 Epoch: [52/100] Iter:[70/166], Time: 0.75, lr: [0.005124696346192884], Loss: 1.815422
2022-05-18 11:43:43,114 Epoch: [52/100] Iter:[80/166], Time: 0.75, lr: [0.005118856236248311], Loss: 1.808026
2022-05-18 11:43:50,529 Epoch: [52/100] Iter:[90/166], Time: 0.75, lr: [0.005113015385877549], Loss: 1.806740
2022-05-18 11:43:57,967 Epoch: [52/100] Iter:[100/166], Time: 0.75, lr: [0.005107173794046677], Loss: 1.782631
2022-05-18 11:44:05,371 Epoch: [52/100] Iter:[110/166], Time: 0.75, lr: [0.005101331459719018], Loss: 1.779361
2022-05-18 11:44:12,810 Epoch: [52/100] Iter:[120/166], Time: 0.75, lr: [0.00509548838185512], Loss: 1.760872
2022-05-18 11:44:20,231 Epoch: [52/100] Iter:[130/166], Time: 0.74, lr: [0.005089644559412758], Loss: 1.753963
2022-05-18 11:44:27,751 Epoch: [52/100] Iter:[140/166], Time: 0.75, lr: [0.005083799991346906], Loss: 1.752880
2022-05-18 11:44:34,638 Epoch: [52/100] Iter:[150/166], Time: 0.74, lr: [0.005077954676609739], Loss: 1.746704
2022-05-18 11:44:40,412 Epoch: [52/100] Iter:[160/166], Time: 0.73, lr: [0.005072108614150614], Loss: 1.753272
2022-05-18 11:45:33,036 0 [0.60853294 0.05204379 0.22462333 0.         0.         0.
 0.         0.         0.13441761 0.         0.53248126 0.
 0.         0.02042146 0.         0.         0.         0.
 0.        ] 0.08276423151255106
2022-05-18 11:45:33,036 1 [0.5990025  0.00162716 0.19562136 0.         0.         0.
 0.         0.         0.13649351 0.         0.51580619 0.
 0.         0.00270584 0.         0.         0.         0.
 0.        ] 0.07638192432312883
2022-05-18 11:45:33,036 => saving checkpoint to output/acdc/seg_hrnet_ocr_w48_train_512x1024_sgd_lr1e-2_wd5e-2_bs_2_epoch40checkpoint.pth.tar
2022-05-18 11:45:34,698 Loss: 1.814, MeanIU:  0.0764, Best_mIoU:  0.1024
2022-05-18 11:45:34,698 [0.5990025  0.00162716 0.19562136 0.         0.         0.
 0.         0.         0.13649351 0.         0.51580619 0.
 0.         0.00270584 0.         0.         0.         0.
 0.        ]
2022-05-18 11:45:35,655 Epoch: [53/100] Iter:[0/166], Time: 0.95, lr: [0.0050686006173304736], Loss: 1.326956
2022-05-18 11:45:43,079 Epoch: [53/100] Iter:[10/166], Time: 0.76, lr: [0.0050627533563238234], Loss: 1.988070
2022-05-18 11:45:50,518 Epoch: [53/100] Iter:[20/166], Time: 0.75, lr: [0.005056905344850296], Loss: 2.065276
2022-05-18 11:45:58,073 Epoch: [53/100] Iter:[30/166], Time: 0.75, lr: [0.005051056581849022], Loss: 1.900720
2022-05-18 11:46:05,616 Epoch: [53/100] Iter:[40/166], Time: 0.75, lr: [0.005045207066256269], Loss: 1.827733
2022-05-18 11:46:13,101 Epoch: [53/100] Iter:[50/166], Time: 0.75, lr: [0.005039356797005422], Loss: 1.798345
2022-05-18 11:46:19,484 Epoch: [53/100] Iter:[60/166], Time: 0.73, lr: [0.005033505773026981], Loss: 1.804146
2022-05-18 11:46:25,204 Epoch: [53/100] Iter:[70/166], Time: 0.71, lr: [0.005027653993248543], Loss: 1.853459
2022-05-18 11:46:31,022 Epoch: [53/100] Iter:[80/166], Time: 0.70, lr: [0.0050218014565947934], Loss: 1.903655
2022-05-18 11:46:36,834 Epoch: [53/100] Iter:[90/166], Time: 0.68, lr: [0.005015948161987488], Loss: 1.904335
2022-05-18 11:46:42,674 Epoch: [53/100] Iter:[100/166], Time: 0.67, lr: [0.005010094108345453], Loss: 1.889789
2022-05-18 11:46:48,539 Epoch: [53/100] Iter:[110/166], Time: 0.67, lr: [0.005004239294584565], Loss: 1.894855
2022-05-18 11:46:54,346 Epoch: [53/100] Iter:[120/166], Time: 0.66, lr: [0.004998383719617735], Loss: 1.888913
2022-05-18 11:47:00,208 Epoch: [53/100] Iter:[130/166], Time: 0.65, lr: [0.004992527382354909], Loss: 1.918952
2022-05-18 11:47:05,967 Epoch: [53/100] Iter:[140/166], Time: 0.65, lr: [0.0049866702817030475], Loss: 1.916043
2022-05-18 11:47:11,799 Epoch: [53/100] Iter:[150/166], Time: 0.64, lr: [0.004980812416566112], Loss: 1.909004
2022-05-18 11:47:17,640 Epoch: [53/100] Iter:[160/166], Time: 0.64, lr: [0.004974953785845058], Loss: 1.903076
2022-05-18 11:48:12,541 0 [0.65815513 0.03699677 0.20004487 0.         0.         0.
 0.         0.         0.25842788 0.         0.59578716 0.
 0.         0.09876012 0.         0.         0.         0.
 0.        ] 0.09727220658940662
2022-05-18 11:48:12,541 1 [0.64655159 0.00688144 0.11137031 0.         0.         0.
 0.         0.         0.2808765  0.         0.59320119 0.
 0.         0.10464176 0.         0.         0.         0.
 0.        ] 0.09176435760968295
2022-05-18 11:48:12,542 => saving checkpoint to output/acdc/seg_hrnet_ocr_w48_train_512x1024_sgd_lr1e-2_wd5e-2_bs_2_epoch40checkpoint.pth.tar
2022-05-18 11:48:14,137 Loss: 1.640, MeanIU:  0.0918, Best_mIoU:  0.1024
2022-05-18 11:48:14,137 [0.64655159 0.00688144 0.11137031 0.         0.         0.
 0.         0.         0.2808765  0.         0.59320119 0.
 0.         0.10464176 0.         0.         0.         0.
 0.        ]
2022-05-18 11:48:15,113 Epoch: [54/100] Iter:[0/166], Time: 0.97, lr: [0.004971438239473716], Loss: 2.466907
2022-05-18 11:48:22,489 Epoch: [54/100] Iter:[10/166], Time: 0.76, lr: [0.004965578381524518], Loss: 2.023014
2022-05-18 11:48:29,933 Epoch: [54/100] Iter:[20/166], Time: 0.75, lr: [0.004959717755119519], Loss: 1.962136
2022-05-18 11:48:35,671 Epoch: [54/100] Iter:[30/166], Time: 0.69, lr: [0.004953856359148743], Loss: 1.850961
2022-05-18 11:48:41,396 Epoch: [54/100] Iter:[40/166], Time: 0.66, lr: [0.004947994192499153], Loss: 1.786856
2022-05-18 11:48:47,217 Epoch: [54/100] Iter:[50/166], Time: 0.65, lr: [0.004942131254054629], Loss: 1.880741
2022-05-18 11:48:52,951 Epoch: [54/100] Iter:[60/166], Time: 0.64, lr: [0.004936267542695962], Loss: 1.870925
2022-05-18 11:48:58,699 Epoch: [54/100] Iter:[70/166], Time: 0.63, lr: [0.004930403057300845], Loss: 1.845048
2022-05-18 11:49:04,429 Epoch: [54/100] Iter:[80/166], Time: 0.62, lr: [0.004924537796743851], Loss: 1.834794
2022-05-18 11:49:10,171 Epoch: [54/100] Iter:[90/166], Time: 0.62, lr: [0.004918671759896426], Loss: 1.823812
2022-05-18 11:49:16,031 Epoch: [54/100] Iter:[100/166], Time: 0.61, lr: [0.004912804945626878], Loss: 1.861964
2022-05-18 11:49:21,749 Epoch: [54/100] Iter:[110/166], Time: 0.61, lr: [0.004906937352800356], Loss: 1.867557
2022-05-18 11:49:27,584 Epoch: [54/100] Iter:[120/166], Time: 0.61, lr: [0.004901068980278845], Loss: 1.862804
2022-05-18 11:49:33,378 Epoch: [54/100] Iter:[130/166], Time: 0.60, lr: [0.0048951998269211525], Loss: 1.884640
2022-05-18 11:49:39,129 Epoch: [54/100] Iter:[140/166], Time: 0.60, lr: [0.0048893298915828895], Loss: 1.875156
2022-05-18 11:49:45,264 Epoch: [54/100] Iter:[150/166], Time: 0.60, lr: [0.004883459173116461], Loss: 1.882140
2022-05-18 11:49:52,711 Epoch: [54/100] Iter:[160/166], Time: 0.61, lr: [0.004877587670371056], Loss: 1.887825
2022-05-18 11:50:49,245 0 [0.53855619 0.00454119 0.11316415 0.         0.         0.
 0.         0.         0.20709442 0.         0.53906095 0.
 0.         0.01334114 0.         0.         0.         0.
 0.        ] 0.07451358055036063
2022-05-18 11:50:49,245 1 [5.21104459e-01 3.16539446e-05 6.05078280e-02 0.00000000e+00
 0.00000000e+00 0.00000000e+00 0.00000000e+00 0.00000000e+00
 2.40242772e-01 0.00000000e+00 5.50053722e-01 0.00000000e+00
 0.00000000e+00 4.80446312e-03 0.00000000e+00 0.00000000e+00
 0.00000000e+00 0.00000000e+00 0.00000000e+00] 0.07246025780719988
2022-05-18 11:50:49,245 => saving checkpoint to output/acdc/seg_hrnet_ocr_w48_train_512x1024_sgd_lr1e-2_wd5e-2_bs_2_epoch40checkpoint.pth.tar
2022-05-18 11:50:50,960 Loss: 1.957, MeanIU:  0.0725, Best_mIoU:  0.1024
2022-05-18 11:50:50,960 [5.21104459e-01 3.16539446e-05 6.05078280e-02 0.00000000e+00
 0.00000000e+00 0.00000000e+00 0.00000000e+00 0.00000000e+00
 2.40242772e-01 0.00000000e+00 5.50053722e-01 0.00000000e+00
 0.00000000e+00 4.80446312e-03 0.00000000e+00 0.00000000e+00
 0.00000000e+00 0.00000000e+00 0.00000000e+00]
2022-05-18 11:50:51,765 Epoch: [55/100] Iter:[0/166], Time: 0.80, lr: [0.004874064391789954], Loss: 0.758172
2022-05-18 11:50:57,573 Epoch: [55/100] Iter:[10/166], Time: 0.60, lr: [0.004868191631796417], Loss: 1.764622
2022-05-18 11:51:03,282 Epoch: [55/100] Iter:[20/166], Time: 0.59, lr: [0.004862318084516623], Loss: 1.737739
2022-05-18 11:51:09,050 Epoch: [55/100] Iter:[30/166], Time: 0.58, lr: [0.004856443748788057], Loss: 1.806342
2022-05-18 11:51:14,784 Epoch: [55/100] Iter:[40/166], Time: 0.58, lr: [0.004850568623444925], Loss: 1.816776
2022-05-18 11:51:20,608 Epoch: [55/100] Iter:[50/166], Time: 0.58, lr: [0.004844692707318131], Loss: 1.841037
2022-05-18 11:51:26,367 Epoch: [55/100] Iter:[60/166], Time: 0.58, lr: [0.0048388159992352785], Loss: 1.850725
2022-05-18 11:51:32,217 Epoch: [55/100] Iter:[70/166], Time: 0.58, lr: [0.004832938498020644], Loss: 1.808728
2022-05-18 11:51:37,934 Epoch: [55/100] Iter:[80/166], Time: 0.58, lr: [0.004827060202495166], Loss: 1.833557
2022-05-18 11:51:43,742 Epoch: [55/100] Iter:[90/166], Time: 0.58, lr: [0.004821181111476432], Loss: 1.812401
2022-05-18 11:51:49,512 Epoch: [55/100] Iter:[100/166], Time: 0.58, lr: [0.004815301223778669], Loss: 1.807062
2022-05-18 11:51:56,266 Epoch: [55/100] Iter:[110/166], Time: 0.59, lr: [0.0048094205382127235], Loss: 1.776276
2022-05-18 11:52:03,654 Epoch: [55/100] Iter:[120/166], Time: 0.60, lr: [0.004803539053586044], Loss: 1.792099
2022-05-18 11:52:11,104 Epoch: [55/100] Iter:[130/166], Time: 0.61, lr: [0.00479765676870268], Loss: 1.770988
2022-05-18 11:52:18,667 Epoch: [55/100] Iter:[140/166], Time: 0.62, lr: [0.004791773682363249], Loss: 1.756071
2022-05-18 11:52:26,098 Epoch: [55/100] Iter:[150/166], Time: 0.63, lr: [0.004785889793364941], Loss: 1.757602
2022-05-18 11:52:33,482 Epoch: [55/100] Iter:[160/166], Time: 0.64, lr: [0.00478000510050149], Loss: 1.765291
2022-05-18 11:53:27,144 0 [0.68929169 0.23134761 0.2959175  0.         0.04256135 0.
 0.         0.         0.02840039 0.         0.57077537 0.
 0.         0.09127982 0.         0.         0.         0.
 0.        ] 0.102609143428719
2022-05-18 11:53:27,144 1 [6.46531006e-01 8.71038801e-02 2.76680723e-01 0.00000000e+00
 1.19655162e-04 0.00000000e+00 0.00000000e+00 0.00000000e+00
 7.30944922e-02 0.00000000e+00 5.70088164e-01 0.00000000e+00
 0.00000000e+00 9.60410745e-02 0.00000000e+00 0.00000000e+00
 0.00000000e+00 0.00000000e+00 0.00000000e+00] 0.09208731549390685
2022-05-18 11:53:27,144 => saving checkpoint to output/acdc/seg_hrnet_ocr_w48_train_512x1024_sgd_lr1e-2_wd5e-2_bs_2_epoch40checkpoint.pth.tar
2022-05-18 11:53:28,532 Loss: 1.665, MeanIU:  0.0921, Best_mIoU:  0.1024
2022-05-18 11:53:28,532 [6.46531006e-01 8.71038801e-02 2.76680723e-01 0.00000000e+00
 1.19655162e-04 0.00000000e+00 0.00000000e+00 0.00000000e+00
 7.30944922e-02 0.00000000e+00 5.70088164e-01 0.00000000e+00
 0.00000000e+00 9.60410745e-02 0.00000000e+00 0.00000000e+00
 0.00000000e+00 0.00000000e+00 0.00000000e+00]
2022-05-18 11:53:29,439 Epoch: [56/100] Iter:[0/166], Time: 0.90, lr: [0.004776473898425048], Loss: 2.046270
2022-05-18 11:53:36,784 Epoch: [56/100] Iter:[10/166], Time: 0.75, lr: [0.004770587916859684], Loss: 1.771327
2022-05-18 11:53:44,171 Epoch: [56/100] Iter:[20/166], Time: 0.74, lr: [0.004764701128276634], Loss: 1.762162
2022-05-18 11:53:51,565 Epoch: [56/100] Iter:[30/166], Time: 0.74, lr: [0.004758813531457086], Loss: 1.859231
2022-05-18 11:53:59,013 Epoch: [56/100] Iter:[40/166], Time: 0.74, lr: [0.004752925125178716], Loss: 1.868892
2022-05-18 11:54:06,448 Epoch: [56/100] Iter:[50/166], Time: 0.74, lr: [0.00474703590821566], Loss: 1.838576
2022-05-18 11:54:13,903 Epoch: [56/100] Iter:[60/166], Time: 0.74, lr: [0.0047411458793385035], Loss: 1.830249
2022-05-18 11:54:21,389 Epoch: [56/100] Iter:[70/166], Time: 0.74, lr: [0.004735255037314275], Loss: 1.836147
2022-05-18 11:54:28,841 Epoch: [56/100] Iter:[80/166], Time: 0.74, lr: [0.004729363380906416], Loss: 1.885560
2022-05-18 11:54:36,248 Epoch: [56/100] Iter:[90/166], Time: 0.74, lr: [0.004723470908874775], Loss: 1.859893
2022-05-18 11:54:43,752 Epoch: [56/100] Iter:[100/166], Time: 0.74, lr: [0.004717577619975597], Loss: 1.862065
2022-05-18 11:54:51,270 Epoch: [56/100] Iter:[110/166], Time: 0.75, lr: [0.00471168351296149], Loss: 1.839894
2022-05-18 11:54:58,710 Epoch: [56/100] Iter:[120/166], Time: 0.75, lr: [0.004705788586581427], Loss: 1.820665
2022-05-18 11:55:06,114 Epoch: [56/100] Iter:[130/166], Time: 0.74, lr: [0.004699892839580726], Loss: 1.786384
2022-05-18 11:55:13,667 Epoch: [56/100] Iter:[140/166], Time: 0.75, lr: [0.004693996270701026], Loss: 1.788625
2022-05-18 11:55:20,933 Epoch: [56/100] Iter:[150/166], Time: 0.74, lr: [0.004688098878680278], Loss: 1.785144
2022-05-18 11:55:26,714 Epoch: [56/100] Iter:[160/166], Time: 0.73, lr: [0.0046822006622527345], Loss: 1.787885
2022-05-18 11:56:18,483 0 [0.648177   0.07193343 0.27731737 0.         0.         0.
 0.         0.         0.0388609  0.         0.55720152 0.
 0.         0.02600939 0.         0.         0.         0.
 0.        ] 0.0852368216611483
2022-05-18 11:56:18,483 1 [0.61348336 0.00504284 0.28876866 0.         0.         0.
 0.         0.         0.04889176 0.         0.55966335 0.
 0.         0.01762767 0.         0.         0.         0.
 0.        ] 0.08070934986293593
2022-05-18 11:56:18,483 => saving checkpoint to output/acdc/seg_hrnet_ocr_w48_train_512x1024_sgd_lr1e-2_wd5e-2_bs_2_epoch40checkpoint.pth.tar
2022-05-18 11:56:20,013 Loss: 1.700, MeanIU:  0.0807, Best_mIoU:  0.1024
2022-05-18 11:56:20,014 [0.61348336 0.00504284 0.28876866 0.         0.         0.
 0.         0.         0.04889176 0.         0.55966335 0.
 0.         0.01762767 0.         0.         0.         0.
 0.        ]
2022-05-18 11:56:20,962 Epoch: [57/100] Iter:[0/166], Time: 0.94, lr: [0.004678661336153], Loss: 2.136271
2022-05-18 11:56:28,318 Epoch: [57/100] Iter:[10/166], Time: 0.75, lr: [0.004672761798032521], Loss: 1.826158
2022-05-18 11:56:35,879 Epoch: [57/100] Iter:[20/166], Time: 0.76, lr: [0.004666861432196835], Loss: 1.742556
2022-05-18 11:56:43,339 Epoch: [57/100] Iter:[30/166], Time: 0.75, lr: [0.004660960237366718], Loss: 1.780511
2022-05-18 11:56:50,742 Epoch: [57/100] Iter:[40/166], Time: 0.75, lr: [0.004655058212259165], Loss: 1.812377
2022-05-18 11:56:58,293 Epoch: [57/100] Iter:[50/166], Time: 0.75, lr: [0.00464915535558738], Loss: 1.801651
2022-05-18 11:57:05,369 Epoch: [57/100] Iter:[60/166], Time: 0.74, lr: [0.00464325166606075], Loss: 1.844502
2022-05-18 11:57:11,161 Epoch: [57/100] Iter:[70/166], Time: 0.72, lr: [0.004637347142384831], Loss: 1.871275
2022-05-18 11:57:16,955 Epoch: [57/100] Iter:[80/166], Time: 0.70, lr: [0.004631441783261339], Loss: 1.824299
2022-05-18 11:57:22,765 Epoch: [57/100] Iter:[90/166], Time: 0.69, lr: [0.004625535587388121], Loss: 1.819578
2022-05-18 11:57:28,548 Epoch: [57/100] Iter:[100/166], Time: 0.68, lr: [0.0046196285534591455], Loss: 1.818472
2022-05-18 11:57:34,285 Epoch: [57/100] Iter:[110/166], Time: 0.67, lr: [0.004613720680164486], Loss: 1.809239
2022-05-18 11:57:40,035 Epoch: [57/100] Iter:[120/166], Time: 0.66, lr: [0.0046078119661902995], Loss: 1.801297
2022-05-18 11:57:45,814 Epoch: [57/100] Iter:[130/166], Time: 0.65, lr: [0.00460190241021881], Loss: 1.824939
2022-05-18 11:57:51,590 Epoch: [57/100] Iter:[140/166], Time: 0.65, lr: [0.0045959920109282975], Loss: 1.817148
2022-05-18 11:57:57,342 Epoch: [57/100] Iter:[150/166], Time: 0.64, lr: [0.004590080766993069], Loss: 1.818774
2022-05-18 11:58:03,058 Epoch: [57/100] Iter:[160/166], Time: 0.64, lr: [0.004584168677083451], Loss: 1.820173
2022-05-18 11:58:57,513 0 [0.65803344 0.01761903 0.29258326 0.         0.         0.
 0.         0.         0.06835636 0.         0.58079252 0.
 0.         0.03571134 0.         0.         0.         0.
 0.        ] 0.08700505035949059
2022-05-18 11:58:57,513 1 [0.63346562 0.         0.30052275 0.         0.         0.
 0.         0.         0.04351482 0.         0.58226182 0.
 0.         0.02343352 0.         0.         0.         0.
 0.        ] 0.08332623784791089
2022-05-18 11:58:57,514 => saving checkpoint to output/acdc/seg_hrnet_ocr_w48_train_512x1024_sgd_lr1e-2_wd5e-2_bs_2_epoch40checkpoint.pth.tar
2022-05-18 11:58:58,767 Loss: 1.661, MeanIU:  0.0833, Best_mIoU:  0.1024
2022-05-18 11:58:58,767 [0.63346562 0.         0.30052275 0.         0.         0.
 0.         0.         0.04351482 0.         0.58226182 0.
 0.         0.02343352 0.         0.         0.         0.
 0.        ]
2022-05-18 11:58:59,699 Epoch: [58/100] Iter:[0/166], Time: 0.92, lr: [0.0045806210165153325], Loss: 1.600670
2022-05-18 11:59:07,077 Epoch: [58/100] Iter:[10/166], Time: 0.75, lr: [0.004574707570270974], Loss: 1.541245
2022-05-18 11:59:14,526 Epoch: [58/100] Iter:[20/166], Time: 0.75, lr: [0.004568793274576302], Loss: 1.756927
2022-05-18 11:59:21,116 Epoch: [58/100] Iter:[30/166], Time: 0.72, lr: [0.004562878128087149], Loss: 1.848239
2022-05-18 11:59:26,921 Epoch: [58/100] Iter:[40/166], Time: 0.69, lr: [0.0045569621294552845], Loss: 1.883976
2022-05-18 11:59:32,659 Epoch: [58/100] Iter:[50/166], Time: 0.66, lr: [0.004551045277328396], Loss: 1.833948
2022-05-18 11:59:38,449 Epoch: [58/100] Iter:[60/166], Time: 0.65, lr: [0.004545127570350061], Loss: 1.798739
2022-05-18 11:59:44,160 Epoch: [58/100] Iter:[70/166], Time: 0.64, lr: [0.00453920900715974], Loss: 1.799256
2022-05-18 11:59:49,939 Epoch: [58/100] Iter:[80/166], Time: 0.63, lr: [0.004533289586392755], Loss: 1.757506
2022-05-18 11:59:55,756 Epoch: [58/100] Iter:[90/166], Time: 0.63, lr: [0.004527369306680266], Loss: 1.786334
2022-05-18 12:00:01,541 Epoch: [58/100] Iter:[100/166], Time: 0.62, lr: [0.004521448166649258], Loss: 1.812872
2022-05-18 12:00:07,369 Epoch: [58/100] Iter:[110/166], Time: 0.62, lr: [0.004515526164922519], Loss: 1.796142
2022-05-18 12:00:13,162 Epoch: [58/100] Iter:[120/166], Time: 0.61, lr: [0.004509603300118622], Loss: 1.798580
2022-05-18 12:00:18,913 Epoch: [58/100] Iter:[130/166], Time: 0.61, lr: [0.0045036795708519066], Loss: 1.811625
2022-05-18 12:00:24,679 Epoch: [58/100] Iter:[140/166], Time: 0.61, lr: [0.004497754975732459], Loss: 1.803103
2022-05-18 12:00:30,972 Epoch: [58/100] Iter:[150/166], Time: 0.61, lr: [0.004491829513366092], Loss: 1.793928
2022-05-18 12:00:38,445 Epoch: [58/100] Iter:[160/166], Time: 0.62, lr: [0.0044859031823543255], Loss: 1.781762
2022-05-18 12:01:34,261 0 [0.66221882 0.15464369 0.22779752 0.         0.         0.
 0.         0.         0.22980453 0.         0.56276108 0.
 0.         0.0457996  0.         0.         0.         0.
 0.        ] 0.09910659163274553
2022-05-18 12:01:34,261 1 [0.65037258 0.04793692 0.16972374 0.         0.         0.
 0.         0.         0.26296834 0.         0.56316381 0.
 0.         0.05532856 0.         0.         0.         0.
 0.        ] 0.09207862893641272
2022-05-18 12:01:34,261 => saving checkpoint to output/acdc/seg_hrnet_ocr_w48_train_512x1024_sgd_lr1e-2_wd5e-2_bs_2_epoch40checkpoint.pth.tar
2022-05-18 12:01:35,420 Loss: 1.606, MeanIU:  0.0921, Best_mIoU:  0.1024
2022-05-18 12:01:35,420 [0.65037258 0.04793692 0.16972374 0.         0.         0.
 0.         0.         0.26296834 0.         0.56316381 0.
 0.         0.05532856 0.         0.         0.         0.
 0.        ]
2022-05-18 12:01:36,234 Epoch: [59/100] Iter:[0/166], Time: 0.81, lr: [0.004482346966214095], Loss: 1.751099
2022-05-18 12:01:42,014 Epoch: [59/100] Iter:[10/166], Time: 0.60, lr: [0.004476419242450087], Loss: 1.690756
2022-05-18 12:01:47,772 Epoch: [59/100] Iter:[20/166], Time: 0.59, lr: [0.004470490646384409], Loss: 1.805409
2022-05-18 12:01:53,522 Epoch: [59/100] Iter:[30/166], Time: 0.58, lr: [0.004464561176602969], Loss: 1.770086
2022-05-18 12:01:59,238 Epoch: [59/100] Iter:[40/166], Time: 0.58, lr: [0.004458630831687289], Loss: 1.711882
2022-05-18 12:02:05,069 Epoch: [59/100] Iter:[50/166], Time: 0.58, lr: [0.0044526996102144945], Loss: 1.715450
2022-05-18 12:02:10,878 Epoch: [59/100] Iter:[60/166], Time: 0.58, lr: [0.004446767510757281], Loss: 1.720061
2022-05-18 12:02:16,691 Epoch: [59/100] Iter:[70/166], Time: 0.58, lr: [0.004440834531883904], Loss: 1.741557
2022-05-18 12:02:22,448 Epoch: [59/100] Iter:[80/166], Time: 0.58, lr: [0.004434900672158157], Loss: 1.750917
2022-05-18 12:02:28,253 Epoch: [59/100] Iter:[90/166], Time: 0.58, lr: [0.004428965930139343], Loss: 1.771502
2022-05-18 12:02:34,121 Epoch: [59/100] Iter:[100/166], Time: 0.58, lr: [0.004423030304382265], Loss: 1.797809
2022-05-18 12:02:39,878 Epoch: [59/100] Iter:[110/166], Time: 0.58, lr: [0.0044170937934372], Loss: 1.781406
2022-05-18 12:02:46,977 Epoch: [59/100] Iter:[120/166], Time: 0.59, lr: [0.004411156395849875], Loss: 1.767919
2022-05-18 12:02:54,412 Epoch: [59/100] Iter:[130/166], Time: 0.60, lr: [0.004405218110161448], Loss: 1.772728
2022-05-18 12:03:01,870 Epoch: [59/100] Iter:[140/166], Time: 0.61, lr: [0.004399278934908496], Loss: 1.761204
2022-05-18 12:03:09,234 Epoch: [59/100] Iter:[150/166], Time: 0.62, lr: [0.004393338868622975], Loss: 1.763366
2022-05-18 12:03:16,613 Epoch: [59/100] Iter:[160/166], Time: 0.63, lr: [0.004387397909832213], Loss: 1.751036
2022-05-18 12:04:10,610 0 [0.68053608 0.19391603 0.29209116 0.         0.         0.
 0.         0.         0.03652277 0.         0.59047316 0.
 0.         0.05362706 0.         0.         0.         0.
 0.        ] 0.09721927698401646
2022-05-18 12:04:10,610 1 [0.6717673  0.07471268 0.29125648 0.         0.         0.
 0.         0.         0.00974106 0.         0.59188588 0.
 0.         0.06387938 0.         0.         0.         0.
 0.        ] 0.08964435660277487
2022-05-18 12:04:10,610 => saving checkpoint to output/acdc/seg_hrnet_ocr_w48_train_512x1024_sgd_lr1e-2_wd5e-2_bs_2_epoch40checkpoint.pth.tar
2022-05-18 12:04:12,036 Loss: 1.664, MeanIU:  0.0896, Best_mIoU:  0.1024
2022-05-18 12:04:12,036 [0.6717673  0.07471268 0.29125648 0.         0.         0.
 0.         0.         0.00974106 0.         0.59188588 0.
 0.         0.06387938 0.         0.         0.         0.
 0.        ]
2022-05-18 12:04:12,833 Epoch: [60/100] Iter:[0/166], Time: 0.79, lr: [0.0043838329055408696], Loss: 1.973485
2022-05-18 12:04:18,484 Epoch: [60/100] Iter:[10/166], Time: 0.59, lr: [0.004377890515666944], Loss: 1.645490
2022-05-18 12:04:24,814 Epoch: [60/100] Iter:[20/166], Time: 0.61, lr: [0.004371947229437001], Loss: 1.821199
2022-05-18 12:04:32,197 Epoch: [60/100] Iter:[30/166], Time: 0.65, lr: [0.004366003045361512], Loss: 1.747582
2022-05-18 12:04:39,652 Epoch: [60/100] Iter:[40/166], Time: 0.67, lr: [0.004360057961946216], Loss: 1.800212
2022-05-18 12:04:47,037 Epoch: [60/100] Iter:[50/166], Time: 0.69, lr: [0.004354111977692101], Loss: 1.857797
2022-05-18 12:04:54,450 Epoch: [60/100] Iter:[60/166], Time: 0.70, lr: [0.0043481650910953745], Loss: 1.909734
2022-05-18 12:05:01,916 Epoch: [60/100] Iter:[70/166], Time: 0.70, lr: [0.004342217300647444], Loss: 1.882257
2022-05-18 12:05:09,458 Epoch: [60/100] Iter:[80/166], Time: 0.71, lr: [0.004336268604834899], Loss: 1.923041
2022-05-18 12:05:16,971 Epoch: [60/100] Iter:[90/166], Time: 0.71, lr: [0.004330319002139478], Loss: 1.909192
2022-05-18 12:05:24,472 Epoch: [60/100] Iter:[100/166], Time: 0.72, lr: [0.004324368491038053], Loss: 1.879067
2022-05-18 12:05:31,881 Epoch: [60/100] Iter:[110/166], Time: 0.72, lr: [0.00431841707000261], Loss: 1.872672
2022-05-18 12:05:39,355 Epoch: [60/100] Iter:[120/166], Time: 0.72, lr: [0.004312464737500215], Loss: 1.875478
2022-05-18 12:05:46,771 Epoch: [60/100] Iter:[130/166], Time: 0.72, lr: [0.004306511491992995], Loss: 1.846222
2022-05-18 12:05:54,259 Epoch: [60/100] Iter:[140/166], Time: 0.72, lr: [0.004300557331938123], Loss: 1.821319
2022-05-18 12:06:01,669 Epoch: [60/100] Iter:[150/166], Time: 0.73, lr: [0.00429460225578778], Loss: 1.832394
2022-05-18 12:06:09,177 Epoch: [60/100] Iter:[160/166], Time: 0.73, lr: [0.004288646261989141], Loss: 1.805152
2022-05-18 12:07:01,449 0 [0.63965527 0.0150687  0.28922293 0.         0.00111644 0.
 0.         0.         0.01753537 0.         0.56396413 0.
 0.         0.08187019 0.         0.         0.         0.
 0.        ] 0.08465437046986601
2022-05-18 12:07:01,449 1 [6.34393034e-01 6.12323519e-05 2.91582589e-01 0.00000000e+00
 4.03922278e-05 0.00000000e+00 0.00000000e+00 0.00000000e+00
 1.04258316e-02 0.00000000e+00 5.68282186e-01 0.00000000e+00
 0.00000000e+00 8.24018746e-02 0.00000000e+00 0.00000000e+00
 0.00000000e+00 0.00000000e+00 0.00000000e+00] 0.08353616527018272
2022-05-18 12:07:01,449 => saving checkpoint to output/acdc/seg_hrnet_ocr_w48_train_512x1024_sgd_lr1e-2_wd5e-2_bs_2_epoch40checkpoint.pth.tar
2022-05-18 12:07:02,871 Loss: 1.686, MeanIU:  0.0835, Best_mIoU:  0.1024
2022-05-18 12:07:02,871 [6.34393034e-01 6.12323519e-05 2.91582589e-01 0.00000000e+00
 4.03922278e-05 0.00000000e+00 0.00000000e+00 0.00000000e+00
 1.04258316e-02 0.00000000e+00 5.68282186e-01 0.00000000e+00
 0.00000000e+00 8.24018746e-02 0.00000000e+00 0.00000000e+00
 0.00000000e+00 0.00000000e+00 0.00000000e+00]
2022-05-18 12:07:03,807 Epoch: [61/100] Iter:[0/166], Time: 0.93, lr: [0.004285072224590917], Loss: 2.358507
2022-05-18 12:07:11,258 Epoch: [61/100] Iter:[10/166], Time: 0.76, lr: [0.0042791147593125595], Loss: 2.056959
2022-05-18 12:07:18,669 Epoch: [61/100] Iter:[20/166], Time: 0.75, lr: [0.004273156372324947], Loss: 1.871584
2022-05-18 12:07:26,054 Epoch: [61/100] Iter:[30/166], Time: 0.75, lr: [0.004267197062057026], Loss: 1.933257
2022-05-18 12:07:33,470 Epoch: [61/100] Iter:[40/166], Time: 0.75, lr: [0.0042612368269326194], Loss: 1.859863
2022-05-18 12:07:40,944 Epoch: [61/100] Iter:[50/166], Time: 0.75, lr: [0.004255275665370404], Loss: 1.827497
2022-05-18 12:07:48,396 Epoch: [61/100] Iter:[60/166], Time: 0.75, lr: [0.004249313575783891], Loss: 1.833692
2022-05-18 12:07:54,768 Epoch: [61/100] Iter:[70/166], Time: 0.73, lr: [0.0042433505565813955], Loss: 1.828003
2022-05-18 12:08:00,507 Epoch: [61/100] Iter:[80/166], Time: 0.71, lr: [0.004237386606166009], Loss: 1.830315
2022-05-18 12:08:06,309 Epoch: [61/100] Iter:[90/166], Time: 0.70, lr: [0.004231421722935585], Loss: 1.852607
2022-05-18 12:08:12,044 Epoch: [61/100] Iter:[100/166], Time: 0.68, lr: [0.004225455905282699], Loss: 1.871941
2022-05-18 12:08:17,866 Epoch: [61/100] Iter:[110/166], Time: 0.68, lr: [0.004219489151594633], Loss: 1.864300
2022-05-18 12:08:23,657 Epoch: [61/100] Iter:[120/166], Time: 0.67, lr: [0.0042135214602533515], Loss: 1.865323
2022-05-18 12:08:29,411 Epoch: [61/100] Iter:[130/166], Time: 0.66, lr: [0.0042075528296354634], Loss: 1.871388
2022-05-18 12:08:35,252 Epoch: [61/100] Iter:[140/166], Time: 0.66, lr: [0.004201583258112206], Loss: 1.875199
2022-05-18 12:08:41,094 Epoch: [61/100] Iter:[150/166], Time: 0.65, lr: [0.00419561274404942], Loss: 1.880208
2022-05-18 12:08:46,902 Epoch: [61/100] Iter:[160/166], Time: 0.65, lr: [0.004189641285807513], Loss: 1.856539
2022-05-18 12:09:41,181 0 [0.62168333 0.05536392 0.25749567 0.         0.00085371 0.
 0.         0.         0.122195   0.         0.55988393 0.
 0.         0.0320054  0.         0.         0.         0.
 0.        ] 0.08681478811701741
2022-05-18 12:09:41,182 1 [5.93765884e-01 4.77551200e-04 2.45183173e-01 0.00000000e+00
 0.00000000e+00 0.00000000e+00 0.00000000e+00 0.00000000e+00
 1.26811351e-01 0.00000000e+00 5.59524956e-01 0.00000000e+00
 0.00000000e+00 5.26183813e-02 0.00000000e+00 0.00000000e+00
 0.00000000e+00 0.00000000e+00 0.00000000e+00] 0.0830726998525693
2022-05-18 12:09:41,182 => saving checkpoint to output/acdc/seg_hrnet_ocr_w48_train_512x1024_sgd_lr1e-2_wd5e-2_bs_2_epoch40checkpoint.pth.tar
2022-05-18 12:09:42,697 Loss: 1.621, MeanIU:  0.0831, Best_mIoU:  0.1024
2022-05-18 12:09:42,697 [5.93765884e-01 4.77551200e-04 2.45183173e-01 0.00000000e+00
 0.00000000e+00 0.00000000e+00 0.00000000e+00 0.00000000e+00
 1.26811351e-01 0.00000000e+00 5.59524956e-01 0.00000000e+00
 0.00000000e+00 5.26183813e-02 0.00000000e+00 0.00000000e+00
 0.00000000e+00 0.00000000e+00 0.00000000e+00]
2022-05-18 12:09:43,685 Epoch: [62/100] Iter:[0/166], Time: 0.98, lr: [0.004186057956972281], Loss: 2.331823
2022-05-18 12:09:51,109 Epoch: [62/100] Iter:[10/166], Time: 0.76, lr: [0.004180084984619816], Loss: 1.833919
2022-05-18 12:09:58,500 Epoch: [62/100] Iter:[20/166], Time: 0.75, lr: [0.004174111063799706], Loss: 1.905875
2022-05-18 12:10:04,909 Epoch: [62/100] Iter:[30/166], Time: 0.72, lr: [0.004168136192852608], Loss: 1.911927
2022-05-18 12:10:10,718 Epoch: [62/100] Iter:[40/166], Time: 0.68, lr: [0.004162160370113621], Loss: 1.927209
2022-05-18 12:10:16,506 Epoch: [62/100] Iter:[50/166], Time: 0.66, lr: [0.004156183593912265], Loss: 1.893938
2022-05-18 12:10:22,279 Epoch: [62/100] Iter:[60/166], Time: 0.65, lr: [0.004150205862572458], Loss: 1.801368
2022-05-18 12:10:28,094 Epoch: [62/100] Iter:[70/166], Time: 0.64, lr: [0.004144227174412482], Loss: 1.799340
2022-05-18 12:10:33,889 Epoch: [62/100] Iter:[80/166], Time: 0.63, lr: [0.004138247527744956], Loss: 1.786090
2022-05-18 12:10:39,700 Epoch: [62/100] Iter:[90/166], Time: 0.63, lr: [0.004132266920876813], Loss: 1.794868
2022-05-18 12:10:45,484 Epoch: [62/100] Iter:[100/166], Time: 0.62, lr: [0.004126285352109262], Loss: 1.794680
2022-05-18 12:10:51,227 Epoch: [62/100] Iter:[110/166], Time: 0.62, lr: [0.004120302819737768], Loss: 1.798865
2022-05-18 12:10:57,035 Epoch: [62/100] Iter:[120/166], Time: 0.61, lr: [0.004114319322052023], Loss: 1.808278
2022-05-18 12:11:02,771 Epoch: [62/100] Iter:[130/166], Time: 0.61, lr: [0.004108334857335909], Loss: 1.808017
2022-05-18 12:11:08,594 Epoch: [62/100] Iter:[140/166], Time: 0.61, lr: [0.004102349423867474], Loss: 1.829970
2022-05-18 12:11:15,395 Epoch: [62/100] Iter:[150/166], Time: 0.61, lr: [0.00409636301991891], Loss: 1.841027
2022-05-18 12:11:22,873 Epoch: [62/100] Iter:[160/166], Time: 0.62, lr: [0.004090375643756509], Loss: 1.851244
2022-05-18 12:12:18,531 0 [0.69221622 0.23678262 0.28100994 0.         0.00117436 0.
 0.         0.         0.05092903 0.         0.56877101 0.
 0.         0.08123877 0.         0.         0.         0.
 0.        ] 0.10063799739251152
2022-05-18 12:12:18,531 1 [0.69674628 0.21251396 0.24425467 0.         0.         0.
 0.         0.         0.15587908 0.         0.5679753  0.
 0.         0.02990975 0.         0.         0.         0.
 0.        ] 0.10038310714890702
2022-05-18 12:12:18,531 => saving checkpoint to output/acdc/seg_hrnet_ocr_w48_train_512x1024_sgd_lr1e-2_wd5e-2_bs_2_epoch40checkpoint.pth.tar
2022-05-18 12:12:20,168 Loss: 1.596, MeanIU:  0.1004, Best_mIoU:  0.1024
2022-05-18 12:12:20,168 [0.69674628 0.21251396 0.24425467 0.         0.         0.
 0.         0.         0.15587908 0.         0.5679753  0.
 0.         0.02990975 0.         0.         0.         0.
 0.        ]
2022-05-18 12:12:20,944 Epoch: [63/100] Iter:[0/166], Time: 0.77, lr: [0.004086782750672989], Loss: 2.054485
2022-05-18 12:12:26,729 Epoch: [63/100] Iter:[10/166], Time: 0.60, lr: [0.004080793815347549], Loss: 1.731261
2022-05-18 12:12:32,500 Epoch: [63/100] Iter:[20/166], Time: 0.59, lr: [0.004074803903272846], Loss: 1.747898
2022-05-18 12:12:38,265 Epoch: [63/100] Iter:[30/166], Time: 0.58, lr: [0.004068813012693717], Loss: 1.784575
2022-05-18 12:12:44,001 Epoch: [63/100] Iter:[40/166], Time: 0.58, lr: [0.004062821141848961], Loss: 1.777358
2022-05-18 12:12:49,728 Epoch: [63/100] Iter:[50/166], Time: 0.58, lr: [0.004056828288971318], Loss: 1.834134
2022-05-18 12:12:55,482 Epoch: [63/100] Iter:[60/166], Time: 0.58, lr: [0.0040508344522874416], Loss: 1.902585
2022-05-18 12:13:01,285 Epoch: [63/100] Iter:[70/166], Time: 0.58, lr: [0.004044839630017852], Loss: 1.911564
2022-05-18 12:13:07,075 Epoch: [63/100] Iter:[80/166], Time: 0.58, lr: [0.0040388438203769195], Loss: 1.888492
2022-05-18 12:13:12,812 Epoch: [63/100] Iter:[90/166], Time: 0.58, lr: [0.00403284702157283], Loss: 1.889167
2022-05-18 12:13:19,058 Epoch: [63/100] Iter:[100/166], Time: 0.58, lr: [0.004026849231807549], Loss: 1.879192
2022-05-18 12:13:26,517 Epoch: [63/100] Iter:[110/166], Time: 0.60, lr: [0.00402085044927679], Loss: 1.888922
2022-05-18 12:13:33,979 Epoch: [63/100] Iter:[120/166], Time: 0.61, lr: [0.0040148506721699884], Loss: 1.878596
2022-05-18 12:13:41,367 Epoch: [63/100] Iter:[130/166], Time: 0.62, lr: [0.004008849898670263], Loss: 1.873036
2022-05-18 12:13:48,793 Epoch: [63/100] Iter:[140/166], Time: 0.63, lr: [0.004002848126954387], Loss: 1.872061
2022-05-18 12:13:56,163 Epoch: [63/100] Iter:[150/166], Time: 0.64, lr: [0.003996845355192753], Loss: 1.860178
2022-05-18 12:14:03,552 Epoch: [63/100] Iter:[160/166], Time: 0.64, lr: [0.003990841581549342], Loss: 1.852579
2022-05-18 12:14:56,397 0 [6.60442860e-01 9.86661958e-02 2.46856989e-01 0.00000000e+00
 4.51909607e-05 0.00000000e+00 0.00000000e+00 0.00000000e+00
 1.55403702e-01 0.00000000e+00 5.68592473e-01 0.00000000e+00
 0.00000000e+00 5.84261056e-02 0.00000000e+00 0.00000000e+00
 0.00000000e+00 0.00000000e+00 0.00000000e+00] 0.09412807982867429
2022-05-18 12:14:56,397 1 [0.63854154 0.02883284 0.19415172 0.         0.         0.
 0.         0.         0.17843798 0.         0.55481501 0.
 0.         0.07398263 0.         0.         0.         0.
 0.        ] 0.0878295636183104
2022-05-18 12:14:56,397 => saving checkpoint to output/acdc/seg_hrnet_ocr_w48_train_512x1024_sgd_lr1e-2_wd5e-2_bs_2_epoch40checkpoint.pth.tar
2022-05-18 12:14:58,121 Loss: 1.646, MeanIU:  0.0878, Best_mIoU:  0.1024
2022-05-18 12:14:58,121 [0.63854154 0.02883284 0.19415172 0.         0.         0.
 0.         0.         0.17843798 0.         0.55481501 0.
 0.         0.07398263 0.         0.         0.         0.
 0.        ]
2022-05-18 12:14:59,031 Epoch: [64/100] Iter:[0/166], Time: 0.90, lr: [0.003987238835693844], Loss: 0.985882
2022-05-18 12:15:06,365 Epoch: [64/100] Iter:[10/166], Time: 0.75, lr: [0.003981233455204564], Loss: 2.104574
2022-05-18 12:15:13,702 Epoch: [64/100] Iter:[20/166], Time: 0.74, lr: [0.003975227068029602], Loss: 2.080095
2022-05-18 12:15:21,050 Epoch: [64/100] Iter:[30/166], Time: 0.74, lr: [0.003969219672309578], Loss: 1.933961
2022-05-18 12:15:28,567 Epoch: [64/100] Iter:[40/166], Time: 0.74, lr: [0.0039632112661785405], Loss: 1.896351
2022-05-18 12:15:36,072 Epoch: [64/100] Iter:[50/166], Time: 0.74, lr: [0.003957201847763937], Loss: 1.871967
2022-05-18 12:15:43,450 Epoch: [64/100] Iter:[60/166], Time: 0.74, lr: [0.003951191415186581], Loss: 1.870916
2022-05-18 12:15:50,842 Epoch: [64/100] Iter:[70/166], Time: 0.74, lr: [0.003945179966560613], Loss: 1.850593
2022-05-18 12:15:58,355 Epoch: [64/100] Iter:[80/166], Time: 0.74, lr: [0.003939167499993465], Loss: 1.845146
2022-05-18 12:16:05,878 Epoch: [64/100] Iter:[90/166], Time: 0.74, lr: [0.003933154013585833], Loss: 1.871254
2022-05-18 12:16:13,335 Epoch: [64/100] Iter:[100/166], Time: 0.74, lr: [0.003927139505431632], Loss: 1.848417
2022-05-18 12:16:20,822 Epoch: [64/100] Iter:[110/166], Time: 0.74, lr: [0.003921123973617965], Loss: 1.857816
2022-05-18 12:16:28,236 Epoch: [64/100] Iter:[120/166], Time: 0.74, lr: [0.003915107416225088], Loss: 1.885262
2022-05-18 12:16:35,693 Epoch: [64/100] Iter:[130/166], Time: 0.74, lr: [0.0039090898313263725], Loss: 1.883629
2022-05-18 12:16:43,258 Epoch: [64/100] Iter:[140/166], Time: 0.75, lr: [0.003903071216988262], Loss: 1.874423
2022-05-18 12:16:49,745 Epoch: [64/100] Iter:[150/166], Time: 0.74, lr: [0.0038970515712702515], Loss: 1.866392
2022-05-18 12:16:55,455 Epoch: [64/100] Iter:[160/166], Time: 0.73, lr: [0.0038910308922248346], Loss: 1.883326
2022-05-18 12:17:47,549 0 [6.43115120e-01 9.41073262e-02 2.79746064e-01 0.00000000e+00
 4.93341565e-05 0.00000000e+00 0.00000000e+00 0.00000000e+00
 1.13013788e-01 0.00000000e+00 5.74950802e-01 0.00000000e+00
 0.00000000e+00 1.06210421e-01 0.00000000e+00 0.00000000e+00
 0.00000000e+00 0.00000000e+00 0.00000000e+00] 0.09532593976424501
2022-05-18 12:17:47,550 1 [0.62556015 0.00384376 0.28777548 0.         0.         0.
 0.         0.         0.08993115 0.         0.56677464 0.
 0.         0.0996781  0.         0.         0.         0.
 0.        ] 0.088082278261732
2022-05-18 12:17:47,550 => saving checkpoint to output/acdc/seg_hrnet_ocr_w48_train_512x1024_sgd_lr1e-2_wd5e-2_bs_2_epoch40checkpoint.pth.tar
2022-05-18 12:17:49,112 Loss: 1.717, MeanIU:  0.0881, Best_mIoU:  0.1024
2022-05-18 12:17:49,112 [0.62556015 0.00384376 0.28777548 0.         0.         0.
 0.         0.         0.08993115 0.         0.56677464 0.
 0.         0.0996781  0.         0.         0.         0.
 0.        ]
2022-05-18 12:17:50,079 Epoch: [65/100] Iter:[0/166], Time: 0.96, lr: [0.0038874179879876346], Loss: 2.331313
2022-05-18 12:17:57,440 Epoch: [65/100] Iter:[10/166], Time: 0.76, lr: [0.0038813956515499895], Loss: 1.795260
2022-05-18 12:18:04,880 Epoch: [65/100] Iter:[20/166], Time: 0.75, lr: [0.0038753722766884185], Loss: 1.859705
2022-05-18 12:18:12,334 Epoch: [65/100] Iter:[30/166], Time: 0.75, lr: [0.003869347861429923], Loss: 1.845184
2022-05-18 12:18:19,794 Epoch: [65/100] Iter:[40/166], Time: 0.75, lr: [0.003863322403794337], Loss: 1.834060
2022-05-18 12:18:27,242 Epoch: [65/100] Iter:[50/166], Time: 0.75, lr: [0.003857295901794285], Loss: 1.842966
2022-05-18 12:18:33,726 Epoch: [65/100] Iter:[60/166], Time: 0.73, lr: [0.0038512683534351446], Loss: 1.831934
2022-05-18 12:18:39,492 Epoch: [65/100] Iter:[70/166], Time: 0.71, lr: [0.003845239756715011], Loss: 1.841617
2022-05-18 12:18:45,279 Epoch: [65/100] Iter:[80/166], Time: 0.69, lr: [0.0038392101096246523], Loss: 1.839036
2022-05-18 12:18:51,083 Epoch: [65/100] Iter:[90/166], Time: 0.68, lr: [0.0038331794101474715], Loss: 1.824406
2022-05-18 12:18:56,862 Epoch: [65/100] Iter:[100/166], Time: 0.67, lr: [0.003827147656259472], Loss: 1.824842
2022-05-18 12:19:02,651 Epoch: [65/100] Iter:[110/166], Time: 0.66, lr: [0.0038211148459292073], Loss: 1.816838
2022-05-18 12:19:08,460 Epoch: [65/100] Iter:[120/166], Time: 0.66, lr: [0.003815080977117748], Loss: 1.839638
2022-05-18 12:19:14,203 Epoch: [65/100] Iter:[130/166], Time: 0.65, lr: [0.003809046047778641], Loss: 1.838534
2022-05-18 12:19:19,948 Epoch: [65/100] Iter:[140/166], Time: 0.64, lr: [0.003803010055857863], Loss: 1.833833
2022-05-18 12:19:25,778 Epoch: [65/100] Iter:[150/166], Time: 0.64, lr: [0.003796972999293784], Loss: 1.846829
2022-05-18 12:19:31,577 Epoch: [65/100] Iter:[160/166], Time: 0.64, lr: [0.0037909348760171257], Loss: 1.840951
2022-05-18 12:20:25,895 0 [0.64524568 0.01061282 0.22015582 0.         0.         0.
 0.         0.         0.14024697 0.         0.55144388 0.
 0.         0.04400331 0.         0.         0.         0.
 0.        ] 0.08482676186064472
2022-05-18 12:20:25,895 1 [0.65027031 0.         0.17743119 0.         0.         0.
 0.         0.         0.15794651 0.         0.53451913 0.
 0.         0.03353632 0.         0.         0.         0.
 0.        ] 0.08177386664612425
2022-05-18 12:20:25,909 => saving checkpoint to output/acdc/seg_hrnet_ocr_w48_train_512x1024_sgd_lr1e-2_wd5e-2_bs_2_epoch40checkpoint.pth.tar
2022-05-18 12:20:27,426 Loss: 1.731, MeanIU:  0.0818, Best_mIoU:  0.1024
2022-05-18 12:20:27,426 [0.65027031 0.         0.17743119 0.         0.         0.
 0.         0.         0.15794651 0.         0.53451913 0.
 0.         0.03353632 0.         0.         0.         0.
 0.        ]
2022-05-18 12:20:28,405 Epoch: [66/100] Iter:[0/166], Time: 0.97, lr: [0.0037873114891653933], Loss: 2.025397
2022-05-18 12:20:35,888 Epoch: [66/100] Iter:[10/166], Time: 0.77, lr: [0.0037812716548252913], Loss: 1.903325
2022-05-18 12:20:43,332 Epoch: [66/100] Iter:[20/166], Time: 0.76, lr: [0.0037752307483563782], Loss: 1.846569
2022-05-18 12:20:49,334 Epoch: [66/100] Iter:[30/166], Time: 0.71, lr: [0.0037691887676614844], Loss: 1.834640
2022-05-18 12:20:55,122 Epoch: [66/100] Iter:[40/166], Time: 0.68, lr: [0.0037631457106355984], Loss: 1.794717
2022-05-18 12:21:00,852 Epoch: [66/100] Iter:[50/166], Time: 0.66, lr: [0.003757101575165815], Loss: 1.733029
2022-05-18 12:21:06,602 Epoch: [66/100] Iter:[60/166], Time: 0.64, lr: [0.003751056359131297], Loss: 1.719713
2022-05-18 12:21:12,385 Epoch: [66/100] Iter:[70/166], Time: 0.63, lr: [0.0037450100604032354], Loss: 1.720787
2022-05-18 12:21:18,103 Epoch: [66/100] Iter:[80/166], Time: 0.63, lr: [0.003738962676844795], Loss: 1.708050
2022-05-18 12:21:23,866 Epoch: [66/100] Iter:[90/166], Time: 0.62, lr: [0.0037329142063110745], Loss: 1.717499
2022-05-18 12:21:29,662 Epoch: [66/100] Iter:[100/166], Time: 0.62, lr: [0.003726864646649066], Loss: 1.715134
2022-05-18 12:21:35,466 Epoch: [66/100] Iter:[110/166], Time: 0.61, lr: [0.0037208139956976046], Loss: 1.729301
2022-05-18 12:21:41,201 Epoch: [66/100] Iter:[120/166], Time: 0.61, lr: [0.003714762251287319], Loss: 1.729098
2022-05-18 12:21:46,904 Epoch: [66/100] Iter:[130/166], Time: 0.61, lr: [0.0037087094112405973], Loss: 1.755457
2022-05-18 12:21:52,725 Epoch: [66/100] Iter:[140/166], Time: 0.60, lr: [0.0037026554733715273], Loss: 1.770898
2022-05-18 12:21:59,113 Epoch: [66/100] Iter:[150/166], Time: 0.61, lr: [0.003696600435485858], Loss: 1.765500
2022-05-18 12:22:06,569 Epoch: [66/100] Iter:[160/166], Time: 0.62, lr: [0.003690544295380952], Loss: 1.774505
