2022-05-18 05:06:30,330 Namespace(cfg='experiments/acdc/seg_hrnet_ocr_w48_train_480x720_sgd_lr1e-2_wd5e-2_bs_2_epoch10.yaml', seed=304, local_rank=0, opts=[])
2022-05-18 05:06:30,330 AUTO_RESUME: False
CUDNN:
  BENCHMARK: True
  DETERMINISTIC: False
  ENABLED: True
DATASET:
  DATASET: acdc
  EXTRA_TRAIN_SET: 
  NUM_CLASSES: 19
  ROOT: data/
  TEST_SET: list/acdc/val.lst
  TRAIN_SET: list/acdc/train.lst
DEBUG:
  DEBUG: False
  SAVE_BATCH_IMAGES_GT: False
  SAVE_BATCH_IMAGES_PRED: False
  SAVE_HEATMAPS_GT: False
  SAVE_HEATMAPS_PRED: False
GPUS: (0,)
LOG_DIR: log
LOSS:
  BALANCE_WEIGHTS: [0.4, 1]
  CLASS_BALANCE: False
  OHEMKEEP: 131072
  OHEMTHRES: 0.9
  USE_OHEM: False
MODEL:
  ALIGN_CORNERS: True
  EXTRA:
    FINAL_CONV_KERNEL: 1
    STAGE1:
      BLOCK: BOTTLENECK
      FUSE_METHOD: SUM
      NUM_BLOCKS: [4]
      NUM_CHANNELS: [64]
      NUM_MODULES: 1
      NUM_RANCHES: 1
    STAGE2:
      BLOCK: BASIC
      FUSE_METHOD: SUM
      NUM_BLOCKS: [4, 4]
      NUM_BRANCHES: 2
      NUM_CHANNELS: [48, 96]
      NUM_MODULES: 1
    STAGE3:
      BLOCK: BASIC
      FUSE_METHOD: SUM
      NUM_BLOCKS: [4, 4, 4]
      NUM_BRANCHES: 3
      NUM_CHANNELS: [48, 96, 192]
      NUM_MODULES: 4
    STAGE4:
      BLOCK: BASIC
      FUSE_METHOD: SUM
      NUM_BLOCKS: [4, 4, 4, 4]
      NUM_BRANCHES: 4
      NUM_CHANNELS: [48, 96, 192, 384]
      NUM_MODULES: 3
  NAME: seg_hrnet_ocr
  NUM_OUTPUTS: 2
  OCR:
    DROPOUT: 0.05
    KEY_CHANNELS: 256
    MID_CHANNELS: 512
    SCALE: 1
  PRETRAINED: pretrained_models/hrnetv2_w48_imagenet_pretrained.pth
OUTPUT_DIR: output
PIN_MEMORY: True
PRINT_FREQ: 10
RANK: 0
TEST:
  BASE_SIZE: 2048
  BATCH_SIZE_PER_GPU: 2
  FLIP_TEST: False
  IMAGE_SIZE: [720, 480]
  MODEL_FILE: 
  MULTI_SCALE: False
  NUM_SAMPLES: 0
  OUTPUT_INDEX: -1
  SCALE_LIST: [1]
TRAIN:
  BASE_SIZE: 2048
  BATCH_SIZE_PER_GPU: 2
  BEGIN_EPOCH: 0
  DOWNSAMPLERATE: 1
  END_EPOCH: 10
  EXTRA_EPOCH: 0
  EXTRA_LR: 0.001
  FLIP: True
  FREEZE_EPOCHS: -1
  FREEZE_LAYERS: 
  IGNORE_LABEL: 255
  IMAGE_SIZE: [720, 480]
  LR: 0.01
  LR_FACTOR: 0.1
  LR_STEP: [90, 110]
  MOMENTUM: 0.9
  MULTI_SCALE: True
  NESTEROV: False
  NONBACKBONE_KEYWORDS: []
  NONBACKBONE_MULT: 10
  NUM_SAMPLES: 0
  OPTIMIZER: sgd
  RANDOM_BRIGHTNESS: False
  RANDOM_BRIGHTNESS_SHIFT_VALUE: 10
  RESUME: True
  SCALE_FACTOR: 16
  SHUFFLE: True
  WD: 0.0005
WORKERS: 2
2022-05-18 05:06:30,349 Added key: store_based_barrier_key:1 to store for rank: 0
2022-05-18 05:06:30,349 Rank 0: Completed store-based barrier for key:store_based_barrier_key:1 with 1 nodes.
2022-05-18 05:06:30,715 => init weights from normal distribution
2022-05-18 05:06:31,106 => loading pretrained model pretrained_models/hrnetv2_w48_imagenet_pretrained.pth
2022-05-18 05:06:36,781 Epoch: [0/10] Iter:[0/166], Time: 3.28, lr: [0.01], Loss: 3.976871
2022-05-18 05:06:40,090 Epoch: [0/10] Iter:[10/166], Time: 0.60, lr: [0.00994576676596272], Loss: 3.601233
2022-05-18 05:06:43,383 Epoch: [0/10] Iter:[20/166], Time: 0.47, lr: [0.00989150065312514], Loss: 3.387539
2022-05-18 05:06:46,663 Epoch: [0/10] Iter:[30/166], Time: 0.42, lr: [0.009837201440888748], Loss: 3.240924
2022-05-18 05:06:49,968 Epoch: [0/10] Iter:[40/166], Time: 0.40, lr: [0.009782868905812038], Loss: 3.159411
2022-05-18 05:06:53,316 Epoch: [0/10] Iter:[50/166], Time: 0.39, lr: [0.009728502821556094], Loss: 3.149189
2022-05-18 05:06:56,738 Epoch: [0/10] Iter:[60/166], Time: 0.38, lr: [0.009674102958828782], Loss: 3.103395
2022-05-18 05:07:00,139 Epoch: [0/10] Iter:[70/166], Time: 0.38, lr: [0.00961966908532751], Loss: 3.016821
2022-05-18 05:07:03,458 Epoch: [0/10] Iter:[80/166], Time: 0.37, lr: [0.009565200965680509], Loss: 3.027392
2022-05-18 05:07:06,820 Epoch: [0/10] Iter:[90/166], Time: 0.37, lr: [0.009510698361386604], Loss: 2.989506
2022-05-18 05:07:10,150 Epoch: [0/10] Iter:[100/166], Time: 0.36, lr: [0.009456161030753403], Loss: 2.973673
2022-05-18 05:07:13,508 Epoch: [0/10] Iter:[110/166], Time: 0.36, lr: [0.009401588728833841], Loss: 2.946797
2022-05-18 05:07:16,845 Epoch: [0/10] Iter:[120/166], Time: 0.36, lr: [0.009346981207361089], Loss: 2.938011
2022-05-18 05:07:20,189 Epoch: [0/10] Iter:[130/166], Time: 0.36, lr: [0.009292338214681686], Loss: 2.908509
2022-05-18 05:07:23,558 Epoch: [0/10] Iter:[140/166], Time: 0.36, lr: [0.009237659495686903], Loss: 2.894720
2022-05-18 05:07:26,935 Epoch: [0/10] Iter:[150/166], Time: 0.35, lr: [0.00918294479174225], Loss: 2.880339
2022-05-18 05:07:30,359 Epoch: [0/10] Iter:[160/166], Time: 0.35, lr: [0.009128193840615069], Loss: 2.859076
2022-05-18 05:08:13,145 0 [4.85525238e-01 1.29077930e-03 1.89451797e-01 0.00000000e+00
 8.17194935e-06 0.00000000e+00 0.00000000e+00 0.00000000e+00
 1.93447261e-01 0.00000000e+00 5.47861422e-01 0.00000000e+00
 0.00000000e+00 0.00000000e+00 0.00000000e+00 0.00000000e+00
 0.00000000e+00 0.00000000e+00 0.00000000e+00] 0.07460971941611248
2022-05-18 05:08:13,145 1 [0.42166778 0.         0.20410094 0.         0.         0.
 0.         0.         0.02638676 0.         0.52462378 0.
 0.         0.         0.         0.         0.         0.
 0.        ] 0.06193575080691733
2022-05-18 05:08:13,146 => saving checkpoint to output/acdc/seg_hrnet_ocr_w48_train_480x720_sgd_lr1e-2_wd5e-2_bs_2_epoch10checkpoint.pth.tar
2022-05-18 05:08:14,103 Loss: 2.279, MeanIU:  0.0619, Best_mIoU:  0.0619
2022-05-18 05:08:14,103 [0.42166778 0.         0.20410094 0.         0.         0.
 0.         0.         0.02638676 0.         0.52462378 0.
 0.         0.         0.         0.         0.         0.
 0.        ]
2022-05-18 05:08:14,607 Epoch: [1/10] Iter:[0/166], Time: 0.50, lr: [0.009095325760829623], Loss: 2.005755
2022-05-18 05:08:18,083 Epoch: [1/10] Iter:[10/166], Time: 0.36, lr: [0.009040516259571182], Loss: 2.751591
2022-05-18 05:08:21,465 Epoch: [1/10] Iter:[20/166], Time: 0.35, lr: [0.008985669811946125], Loss: 2.630986
2022-05-18 05:08:24,897 Epoch: [1/10] Iter:[30/166], Time: 0.35, lr: [0.008930786142137529], Loss: 2.733019
2022-05-18 05:08:28,275 Epoch: [1/10] Iter:[40/166], Time: 0.35, lr: [0.00887586497037064], Loss: 2.710211
2022-05-18 05:08:31,646 Epoch: [1/10] Iter:[50/166], Time: 0.34, lr: [0.008820906012828459], Loss: 2.742053
2022-05-18 05:08:35,036 Epoch: [1/10] Iter:[60/166], Time: 0.34, lr: [0.008765908981564928], Loss: 2.689074
2022-05-18 05:08:38,402 Epoch: [1/10] Iter:[70/166], Time: 0.34, lr: [0.008710873584415633], Loss: 2.644277
2022-05-18 05:08:41,784 Epoch: [1/10] Iter:[80/166], Time: 0.34, lr: [0.00865579952490594], Loss: 2.608135
2022-05-18 05:08:45,251 Epoch: [1/10] Iter:[90/166], Time: 0.34, lr: [0.00860068650215646], Loss: 2.612923
2022-05-18 05:08:48,632 Epoch: [1/10] Iter:[100/166], Time: 0.34, lr: [0.00854553421078576], Loss: 2.594503
2022-05-18 05:08:52,074 Epoch: [1/10] Iter:[110/166], Time: 0.34, lr: [0.0084903423408102], Loss: 2.561258
2022-05-18 05:08:55,498 Epoch: [1/10] Iter:[120/166], Time: 0.34, lr: [0.008435110577540811], Loss: 2.544719
2022-05-18 05:08:58,962 Epoch: [1/10] Iter:[130/166], Time: 0.34, lr: [0.008379838601477096], Loss: 2.575743
2022-05-18 05:09:02,408 Epoch: [1/10] Iter:[140/166], Time: 0.34, lr: [0.008324526088197623], Loss: 2.570902
2022-05-18 05:09:05,846 Epoch: [1/10] Iter:[150/166], Time: 0.34, lr: [0.008269172708247327], Loss: 2.548254
2022-05-18 05:09:09,246 Epoch: [1/10] Iter:[160/166], Time: 0.34, lr: [0.008213778127021353], Loss: 2.522820
2022-05-18 05:09:50,677 0 [5.12637052e-01 0.00000000e+00 2.90051913e-02 0.00000000e+00
 2.88457794e-06 0.00000000e+00 0.00000000e+00 0.00000000e+00
 2.91832381e-01 0.00000000e+00 4.80392700e-01 0.00000000e+00
 0.00000000e+00 0.00000000e+00 0.00000000e+00 0.00000000e+00
 0.00000000e+00 0.00000000e+00 0.00000000e+00] 0.06915106363004246
2022-05-18 05:09:50,678 1 [0.44272058 0.         0.00623907 0.         0.         0.
 0.         0.         0.32781033 0.         0.39356863 0.
 0.         0.         0.         0.         0.         0.
 0.        ] 0.06159676902547713
2022-05-18 05:09:50,678 => saving checkpoint to output/acdc/seg_hrnet_ocr_w48_train_480x720_sgd_lr1e-2_wd5e-2_bs_2_epoch10checkpoint.pth.tar
2022-05-18 05:09:52,473 Loss: 2.033, MeanIU:  0.0616, Best_mIoU:  0.0619
2022-05-18 05:09:52,473 [0.44272058 0.         0.00623907 0.         0.         0.
 0.         0.         0.32781033 0.         0.39356863 0.
 0.         0.         0.         0.         0.         0.
 0.        ]
2022-05-18 05:09:53,026 Epoch: [2/10] Iter:[0/166], Time: 0.55, lr: [0.008180521460508584], Loss: 2.594227
2022-05-18 05:09:56,402 Epoch: [2/10] Iter:[10/166], Time: 0.36, lr: [0.008125060248064612], Loss: 2.203075
2022-05-18 05:09:59,847 Epoch: [2/10] Iter:[20/166], Time: 0.35, lr: [0.008069556939401491], Loss: 2.217913
2022-05-18 05:10:03,257 Epoch: [2/10] Iter:[30/166], Time: 0.35, lr: [0.008014011180356787], Loss: 2.332066
2022-05-18 05:10:06,760 Epoch: [2/10] Iter:[40/166], Time: 0.35, lr: [0.007958422611035795], Loss: 2.316542
2022-05-18 05:10:10,230 Epoch: [2/10] Iter:[50/166], Time: 0.35, lr: [0.007902790865673507], Loss: 2.307791
2022-05-18 05:10:13,698 Epoch: [2/10] Iter:[60/166], Time: 0.35, lr: [0.007847115572492163], Loss: 2.342231
2022-05-18 05:10:17,125 Epoch: [2/10] Iter:[70/166], Time: 0.35, lr: [0.007791396353554186], Loss: 2.299214
2022-05-18 05:10:20,555 Epoch: [2/10] Iter:[80/166], Time: 0.35, lr: [0.007735632824610317], Loss: 2.314170
2022-05-18 05:10:24,069 Epoch: [2/10] Iter:[90/166], Time: 0.35, lr: [0.007679824594942777], Loss: 2.307439
2022-05-18 05:10:27,496 Epoch: [2/10] Iter:[100/166], Time: 0.35, lr: [0.007623971267203207], Loss: 2.277452
2022-05-18 05:10:30,963 Epoch: [2/10] Iter:[110/166], Time: 0.35, lr: [0.007568072437245221], Loss: 2.293240
2022-05-18 05:10:34,465 Epoch: [2/10] Iter:[120/166], Time: 0.35, lr: [0.007512127693951301], Loss: 2.278230
2022-05-18 05:10:38,012 Epoch: [2/10] Iter:[130/166], Time: 0.35, lr: [0.007456136619053816], Loss: 2.282962
2022-05-18 05:10:41,500 Epoch: [2/10] Iter:[140/166], Time: 0.35, lr: [0.007400098786949926], Loss: 2.304587
2022-05-18 05:10:44,911 Epoch: [2/10] Iter:[150/166], Time: 0.35, lr: [0.007344013764510078], Loss: 2.295211
2022-05-18 05:10:48,410 Epoch: [2/10] Iter:[160/166], Time: 0.35, lr: [0.007287881110879846], Loss: 2.317276
2022-05-18 05:11:29,910 0 [0.6170719  0.         0.16971256 0.         0.         0.
 0.         0.         0.15553892 0.         0.51326    0.
 0.         0.         0.         0.         0.         0.
 0.        ] 0.07660965165551688
2022-05-18 05:11:29,910 1 [0.53076701 0.         0.19707519 0.         0.         0.
 0.         0.         0.09034659 0.         0.46303382 0.
 0.         0.         0.         0.         0.         0.
 0.        ] 0.06743276870954383
2022-05-18 05:11:29,911 => saving checkpoint to output/acdc/seg_hrnet_ocr_w48_train_480x720_sgd_lr1e-2_wd5e-2_bs_2_epoch10checkpoint.pth.tar
2022-05-18 05:11:31,150 Loss: 2.056, MeanIU:  0.0674, Best_mIoU:  0.0674
2022-05-18 05:11:31,150 [0.53076701 0.         0.19707519 0.         0.         0.
 0.         0.         0.09034659 0.         0.46303382 0.
 0.         0.         0.         0.         0.         0.
 0.        ]
2022-05-18 05:11:31,680 Epoch: [3/10] Iter:[0/166], Time: 0.53, lr: [0.007254178469372199], Loss: 2.147231
2022-05-18 05:11:35,165 Epoch: [3/10] Iter:[10/166], Time: 0.36, lr: [0.007197968668987578], Loss: 2.431483
2022-05-18 05:11:38,587 Epoch: [3/10] Iter:[20/166], Time: 0.35, lr: [0.007141710053545712], Loss: 2.358581
2022-05-18 05:11:42,055 Epoch: [3/10] Iter:[30/166], Time: 0.35, lr: [0.0070854021526311275], Loss: 2.337348
2022-05-18 05:11:45,523 Epoch: [3/10] Iter:[40/166], Time: 0.35, lr: [0.007029044487097369], Loss: 2.335961
2022-05-18 05:11:48,959 Epoch: [3/10] Iter:[50/166], Time: 0.35, lr: [0.006972636568825657], Loss: 2.443807
2022-05-18 05:11:52,447 Epoch: [3/10] Iter:[60/166], Time: 0.35, lr: [0.006916177900474628], Loss: 2.418658
2022-05-18 05:11:55,872 Epoch: [3/10] Iter:[70/166], Time: 0.35, lr: [0.0068596679752207755], Loss: 2.373851
2022-05-18 05:11:59,329 Epoch: [3/10] Iter:[80/166], Time: 0.35, lr: [0.0068031062764891195], Loss: 2.347857
2022-05-18 05:12:02,823 Epoch: [3/10] Iter:[90/166], Time: 0.35, lr: [0.006746492277673681], Loss: 2.347764
2022-05-18 05:12:06,302 Epoch: [3/10] Iter:[100/166], Time: 0.35, lr: [0.006689825441847257], Loss: 2.313756
2022-05-18 05:12:09,851 Epoch: [3/10] Iter:[110/166], Time: 0.35, lr: [0.006633105221459982], Loss: 2.285448
2022-05-18 05:12:13,338 Epoch: [3/10] Iter:[120/166], Time: 0.35, lr: [0.0065763310580261285], Loss: 2.291769
2022-05-18 05:12:16,793 Epoch: [3/10] Iter:[130/166], Time: 0.35, lr: [0.006519502381798596], Loss: 2.286755
2022-05-18 05:12:20,287 Epoch: [3/10] Iter:[140/166], Time: 0.35, lr: [0.006462618611430444], Loss: 2.297910
2022-05-18 05:12:23,795 Epoch: [3/10] Iter:[150/166], Time: 0.35, lr: [0.006405679153622838], Loss: 2.297309
2022-05-18 05:12:27,332 Epoch: [3/10] Iter:[160/166], Time: 0.35, lr: [0.006348683402758738], Loss: 2.285275
2022-05-18 05:13:09,093 0 [6.17083890e-01 2.67289842e-03 1.71723157e-01 0.00000000e+00
 1.63269305e-05 0.00000000e+00 0.00000000e+00 0.00000000e+00
 1.58382120e-01 0.00000000e+00 5.24299560e-01 0.00000000e+00
 0.00000000e+00 9.73231950e-06 0.00000000e+00 0.00000000e+00
 0.00000000e+00 0.00000000e+00 0.00000000e+00] 0.07758882547000318
2022-05-18 05:13:09,094 1 [0.6170615  0.         0.19273628 0.         0.         0.
 0.         0.         0.07330572 0.         0.50912495 0.
 0.         0.         0.         0.         0.         0.
 0.        ] 0.07327518149747975
2022-05-18 05:13:09,094 => saving checkpoint to output/acdc/seg_hrnet_ocr_w48_train_480x720_sgd_lr1e-2_wd5e-2_bs_2_epoch10checkpoint.pth.tar
2022-05-18 05:13:11,794 Loss: 1.856, MeanIU:  0.0733, Best_mIoU:  0.0733
2022-05-18 05:13:11,795 [0.6170615  0.         0.19273628 0.         0.         0.
 0.         0.         0.07330572 0.         0.50912495 0.
 0.         0.         0.         0.         0.         0.
 0.        ]
2022-05-18 05:13:12,348 Epoch: [4/10] Iter:[0/166], Time: 0.55, lr: [0.006314458674893553], Loss: 2.770290
2022-05-18 05:13:15,859 Epoch: [4/10] Iter:[10/166], Time: 0.37, lr: [0.006257371563609433], Loss: 2.154378
2022-05-18 05:13:19,297 Epoch: [4/10] Iter:[20/166], Time: 0.36, lr: [0.006200226524233431], Loss: 2.034090
2022-05-18 05:13:22,769 Epoch: [4/10] Iter:[30/166], Time: 0.35, lr: [0.006143022903530128], Loss: 2.145624
2022-05-18 05:13:26,219 Epoch: [4/10] Iter:[40/166], Time: 0.35, lr: [0.006085760034055239], Loss: 2.240903
2022-05-18 05:13:29,650 Epoch: [4/10] Iter:[50/166], Time: 0.35, lr: [0.00602843723369459], Loss: 2.212435
2022-05-18 05:13:33,149 Epoch: [4/10] Iter:[60/166], Time: 0.35, lr: [0.005971053805183118], Loss: 2.139569
2022-05-18 05:13:36,622 Epoch: [4/10] Iter:[70/166], Time: 0.35, lr: [0.00591360903560275], Loss: 2.156988
2022-05-18 05:13:40,098 Epoch: [4/10] Iter:[80/166], Time: 0.35, lr: [0.005856102195858082], Loss: 2.118457
2022-05-18 05:13:43,575 Epoch: [4/10] Iter:[90/166], Time: 0.35, lr: [0.005798532540128543], Loss: 2.151548
2022-05-18 05:13:47,054 Epoch: [4/10] Iter:[100/166], Time: 0.35, lr: [0.005740899305295754], Loss: 2.150331
2022-05-18 05:13:50,576 Epoch: [4/10] Iter:[110/166], Time: 0.35, lr: [0.005683201710344687], Loss: 2.150197
2022-05-18 05:13:54,050 Epoch: [4/10] Iter:[120/166], Time: 0.35, lr: [0.005625438955737072], Loss: 2.117282
2022-05-18 05:13:57,547 Epoch: [4/10] Iter:[130/166], Time: 0.35, lr: [0.005567610222755458], Loss: 2.122620
2022-05-18 05:14:01,055 Epoch: [4/10] Iter:[140/166], Time: 0.35, lr: [0.005509714672816222], Loss: 2.119487
2022-05-18 05:14:04,572 Epoch: [4/10] Iter:[150/166], Time: 0.35, lr: [0.005451751446749622], Loss: 2.135430
2022-05-18 05:14:08,008 Epoch: [4/10] Iter:[160/166], Time: 0.35, lr: [0.005393719664044941], Loss: 2.137980
2022-05-18 05:14:49,832 0 [0.61002602 0.00454909 0.08627706 0.         0.         0.
 0.         0.         0.30036228 0.         0.56161339 0.
 0.         0.02837251 0.         0.         0.         0.
 0.        ] 0.08374738649555051
2022-05-18 05:14:49,832 1 [0.60353636 0.         0.0064362  0.         0.         0.
 0.         0.         0.30508427 0.         0.56588748 0.
 0.         0.         0.         0.         0.         0.
 0.        ] 0.07794443745800712
2022-05-18 05:14:49,832 => saving checkpoint to output/acdc/seg_hrnet_ocr_w48_train_480x720_sgd_lr1e-2_wd5e-2_bs_2_epoch10checkpoint.pth.tar
2022-05-18 05:14:51,810 Loss: 1.858, MeanIU:  0.0779, Best_mIoU:  0.0779
2022-05-18 05:14:51,810 [0.60353636 0.         0.0064362  0.         0.         0.
 0.         0.         0.30508427 0.         0.56588748 0.
 0.         0.         0.         0.         0.         0.
 0.        ]
2022-05-18 05:14:52,339 Epoch: [5/10] Iter:[0/166], Time: 0.53, lr: [0.005358867312681466], Loss: 2.030584
2022-05-18 05:14:55,836 Epoch: [5/10] Iter:[10/166], Time: 0.37, lr: [0.005300723952339968], Loss: 2.233364
2022-05-18 05:14:59,283 Epoch: [5/10] Iter:[20/166], Time: 0.36, lr: [0.005242509640360402], Loss: 2.123561
2022-05-18 05:15:02,738 Epoch: [5/10] Iter:[30/166], Time: 0.35, lr: [0.005184223412558262], Loss: 1.999427
2022-05-18 05:15:06,165 Epoch: [5/10] Iter:[40/166], Time: 0.35, lr: [0.005125864279421447], Loss: 1.955594
2022-05-18 05:15:09,653 Epoch: [5/10] Iter:[50/166], Time: 0.35, lr: [0.005067431225115667], Loss: 2.028386
2022-05-18 05:15:13,204 Epoch: [5/10] Iter:[60/166], Time: 0.35, lr: [0.005008923206437528], Loss: 2.041226
2022-05-18 05:15:16,700 Epoch: [5/10] Iter:[70/166], Time: 0.35, lr: [0.00495033915171181], Loss: 2.024164
2022-05-18 05:15:20,208 Epoch: [5/10] Iter:[80/166], Time: 0.35, lr: [0.004891677959629237], Loss: 2.016369
2022-05-18 05:15:23,726 Epoch: [5/10] Iter:[90/166], Time: 0.35, lr: [0.004832938498020644], Loss: 2.060214
2022-05-18 05:15:27,297 Epoch: [5/10] Iter:[100/166], Time: 0.35, lr: [0.004774119602563167], Loss: 2.102572
2022-05-18 05:15:30,819 Epoch: [5/10] Iter:[110/166], Time: 0.35, lr: [0.00471522007541372], Loss: 2.108736
2022-05-18 05:15:34,272 Epoch: [5/10] Iter:[120/166], Time: 0.35, lr: [0.004656238683764582], Loss: 2.109322
2022-05-18 05:15:37,727 Epoch: [5/10] Iter:[130/166], Time: 0.35, lr: [0.004597174158315498], Loss: 2.116322
2022-05-18 05:15:41,243 Epoch: [5/10] Iter:[140/166], Time: 0.35, lr: [0.004538025191656219], Loss: 2.142981
2022-05-18 05:15:44,777 Epoch: [5/10] Iter:[150/166], Time: 0.35, lr: [0.0044787904365528475], Loss: 2.152546
2022-05-18 05:15:48,244 Epoch: [5/10] Iter:[160/166], Time: 0.35, lr: [0.004419468504130756], Loss: 2.169309
2022-05-18 05:16:30,331 0 [5.64961246e-01 1.01288341e-01 2.77369319e-01 0.00000000e+00
 1.92335895e-06 0.00000000e+00 0.00000000e+00 0.00000000e+00
 4.19055874e-03 0.00000000e+00 5.52605533e-01 0.00000000e+00
 0.00000000e+00 1.34405176e-05 0.00000000e+00 0.00000000e+00
 0.00000000e+00 0.00000000e+00 0.00000000e+00] 0.07897001897413959
2022-05-18 05:16:30,331 1 [5.77518493e-01 1.33689728e-02 2.75717865e-01 0.00000000e+00
 0.00000000e+00 0.00000000e+00 0.00000000e+00 0.00000000e+00
 5.39363707e-05 0.00000000e+00 5.52946278e-01 0.00000000e+00
 0.00000000e+00 0.00000000e+00 0.00000000e+00 0.00000000e+00
 0.00000000e+00 0.00000000e+00 0.00000000e+00] 0.07471608130872227
2022-05-18 05:16:30,332 => saving checkpoint to output/acdc/seg_hrnet_ocr_w48_train_480x720_sgd_lr1e-2_wd5e-2_bs_2_epoch10checkpoint.pth.tar
2022-05-18 05:16:31,686 Loss: 1.897, MeanIU:  0.0747, Best_mIoU:  0.0779
2022-05-18 05:16:31,686 [5.77518493e-01 1.33689728e-02 2.75717865e-01 0.00000000e+00
 0.00000000e+00 0.00000000e+00 0.00000000e+00 0.00000000e+00
 5.39363707e-05 0.00000000e+00 5.52946278e-01 0.00000000e+00
 0.00000000e+00 0.00000000e+00 0.00000000e+00 0.00000000e+00
 0.00000000e+00 0.00000000e+00 0.00000000e+00]
2022-05-18 05:16:32,208 Epoch: [6/10] Iter:[0/166], Time: 0.52, lr: [0.0043838329055408696], Loss: 1.966346
2022-05-18 05:16:35,660 Epoch: [6/10] Iter:[10/166], Time: 0.36, lr: [0.004324368491038053], Loss: 1.946937
2022-05-18 05:16:39,154 Epoch: [6/10] Iter:[20/166], Time: 0.36, lr: [0.004264813079078479], Loss: 1.982092
2022-05-18 05:16:42,654 Epoch: [6/10] Iter:[30/166], Time: 0.35, lr: [0.004205165114026197], Loss: 2.044043
2022-05-18 05:16:46,168 Epoch: [6/10] Iter:[40/166], Time: 0.35, lr: [0.004145422988671002], Loss: 2.124247
2022-05-18 05:16:49,668 Epoch: [6/10] Iter:[50/166], Time: 0.35, lr: [0.004085585041663796], Loss: 2.103892
2022-05-18 05:16:53,227 Epoch: [6/10] Iter:[60/166], Time: 0.35, lr: [0.004025649554780483], Loss: 2.140009
2022-05-18 05:16:56,704 Epoch: [6/10] Iter:[70/166], Time: 0.35, lr: [0.003965614749999973], Loss: 2.153939
2022-05-18 05:17:00,194 Epoch: [6/10] Iter:[80/166], Time: 0.35, lr: [0.0039054787863802695], Loss: 2.183172
2022-05-18 05:17:03,712 Epoch: [6/10] Iter:[90/166], Time: 0.35, lr: [0.003845239756715011], Loss: 2.144628
2022-05-18 05:17:07,173 Epoch: [6/10] Iter:[100/166], Time: 0.35, lr: [0.003784895683950917], Loss: 2.120127
2022-05-18 05:17:10,641 Epoch: [6/10] Iter:[110/166], Time: 0.35, lr: [0.003724444517344516], Loss: 2.118688
2022-05-18 05:17:14,160 Epoch: [6/10] Iter:[120/166], Time: 0.35, lr: [0.0036638841283341177], Loss: 2.086621
2022-05-18 05:17:17,684 Epoch: [6/10] Iter:[130/166], Time: 0.35, lr: [0.003603212306100279], Loss: 2.105520
2022-05-18 05:17:21,182 Epoch: [6/10] Iter:[140/166], Time: 0.35, lr: [0.0035424267527850105], Loss: 2.104008
2022-05-18 05:17:24,663 Epoch: [6/10] Iter:[150/166], Time: 0.35, lr: [0.0034815250783364507], Loss: 2.123188
2022-05-18 05:17:28,189 Epoch: [6/10] Iter:[160/166], Time: 0.35, lr: [0.0034205047949417778], Loss: 2.127272
2022-05-18 05:18:10,175 0 [5.80156527e-01 1.05274620e-04 2.49048099e-01 0.00000000e+00
 6.25037562e-06 0.00000000e+00 0.00000000e+00 0.00000000e+00
 1.35596771e-01 0.00000000e+00 5.53710951e-01 0.00000000e+00
 0.00000000e+00 7.27787613e-04 0.00000000e+00 0.00000000e+00
 0.00000000e+00 0.00000000e+00 0.00000000e+00] 0.07996587688095476
2022-05-18 05:18:10,176 1 [0.57078775 0.         0.2627791  0.         0.         0.
 0.         0.         0.00135836 0.         0.55247258 0.
 0.         0.         0.         0.         0.         0.
 0.        ] 0.0730209368728751
2022-05-18 05:18:10,176 => saving checkpoint to output/acdc/seg_hrnet_ocr_w48_train_480x720_sgd_lr1e-2_wd5e-2_bs_2_epoch10checkpoint.pth.tar
2022-05-18 05:18:11,662 Loss: 1.886, MeanIU:  0.0730, Best_mIoU:  0.0779
2022-05-18 05:18:11,663 [0.57078775 0.         0.2627791  0.         0.         0.
 0.         0.         0.00135836 0.         0.55247258 0.
 0.         0.         0.         0.         0.         0.
 0.        ]
2022-05-18 05:18:12,243 Epoch: [7/10] Iter:[0/166], Time: 0.58, lr: [0.0033838346190164987], Loss: 1.934584
2022-05-18 05:18:15,699 Epoch: [7/10] Iter:[10/166], Time: 0.37, lr: [0.003322619125193515], Loss: 1.860338
2022-05-18 05:18:19,212 Epoch: [7/10] Iter:[20/166], Time: 0.36, lr: [0.0032612780519321862], Loss: 1.966684
2022-05-18 05:18:22,656 Epoch: [7/10] Iter:[30/166], Time: 0.35, lr: [0.0031998085058858095], Loss: 1.935247
2022-05-18 05:18:26,134 Epoch: [7/10] Iter:[40/166], Time: 0.35, lr: [0.0031382074637106034], Loss: 1.939856
2022-05-18 05:18:29,614 Epoch: [7/10] Iter:[50/166], Time: 0.35, lr: [0.0030764717632545155], Loss: 1.980213
2022-05-18 05:18:33,119 Epoch: [7/10] Iter:[60/166], Time: 0.35, lr: [0.0030145980939384354], Loss: 1.988189
2022-05-18 05:18:36,611 Epoch: [7/10] Iter:[70/166], Time: 0.35, lr: [0.0029525829862356305], Loss: 1.994963
2022-05-18 05:18:40,161 Epoch: [7/10] Iter:[80/166], Time: 0.35, lr: [0.0028904228001417694], Loss: 2.026301
2022-05-18 05:18:43,635 Epoch: [7/10] Iter:[90/166], Time: 0.35, lr: [0.0028281137125121415], Loss: 2.027194
2022-05-18 05:18:47,162 Epoch: [7/10] Iter:[100/166], Time: 0.35, lr: [0.0027656517031242624], Loss: 2.039152
2022-05-18 05:18:50,658 Epoch: [7/10] Iter:[110/166], Time: 0.35, lr: [0.0027030325393022], Loss: 2.046873
2022-05-18 05:18:54,188 Epoch: [7/10] Iter:[120/166], Time: 0.35, lr: [0.0026402517589132163], Loss: 2.049866
2022-05-18 05:18:57,751 Epoch: [7/10] Iter:[130/166], Time: 0.35, lr: [0.0025773046515167063], Loss: 2.071593
2022-05-18 05:19:01,303 Epoch: [7/10] Iter:[140/166], Time: 0.35, lr: [0.0025141862374088242], Loss: 2.092430
2022-05-18 05:19:04,836 Epoch: [7/10] Iter:[150/166], Time: 0.35, lr: [0.0024508912442623948], Loss: 2.079515
2022-05-18 05:19:08,387 Epoch: [7/10] Iter:[160/166], Time: 0.35, lr: [0.0023874140810089266], Loss: 2.080205
