2022-05-17 12:16:04,415 Namespace(cfg='experiments/cityscapes/seg_hrnet_ocr_w48_train_512x1024_sgd_lr1e-2_wd5e-2_bs_12_epoch484.yaml', seed=304, local_rank=-1, opts=[])
2022-05-17 12:16:04,415 AUTO_RESUME: False
CUDNN:
  BENCHMARK: True
  DETERMINISTIC: False
  ENABLED: True
DATASET:
  DATASET: cityscapes
  EXTRA_TRAIN_SET: 
  NUM_CLASSES: 19
  ROOT: 
  TEST_SET: list/cityscapes/val.lst
  TRAIN_SET: list/cityscapes/train.lst
DEBUG:
  DEBUG: False
  SAVE_BATCH_IMAGES_GT: False
  SAVE_BATCH_IMAGES_PRED: False
  SAVE_HEATMAPS_GT: False
  SAVE_HEATMAPS_PRED: False
GPUS: (0,)
LOG_DIR: 
LOSS:
  BALANCE_WEIGHTS: [1]
  CLASS_BALANCE: False
  OHEMKEEP: 100000
  OHEMTHRES: 0.9
  USE_OHEM: False
MODEL:
  ALIGN_CORNERS: True
  EXTRA:
    
  NAME: seg_hrnet
  NUM_OUTPUTS: 1
  OCR:
    DROPOUT: 0.05
    KEY_CHANNELS: 256
    MID_CHANNELS: 512
    SCALE: 1
  PRETRAINED: 
OUTPUT_DIR: 
PIN_MEMORY: True
PRINT_FREQ: 20
RANK: 0
TEST:
  BASE_SIZE: 2048
  BATCH_SIZE_PER_GPU: 32
  FLIP_TEST: False
  IMAGE_SIZE: [2048, 1024]
  MODEL_FILE: 
  MULTI_SCALE: False
  NUM_SAMPLES: 0
  OUTPUT_INDEX: -1
  SCALE_LIST: [1]
TRAIN:
  BASE_SIZE: 2048
  BATCH_SIZE_PER_GPU: 32
  BEGIN_EPOCH: 0
  DOWNSAMPLERATE: 1
  END_EPOCH: 484
  EXTRA_EPOCH: 0
  EXTRA_LR: 0.001
  FLIP: True
  FREEZE_EPOCHS: -1
  FREEZE_LAYERS: 
  IGNORE_LABEL: -1
  IMAGE_SIZE: [1024, 512]
  LR: 0.01
  LR_FACTOR: 0.1
  LR_STEP: [90, 110]
  MOMENTUM: 0.9
  MULTI_SCALE: True
  NESTEROV: False
  NONBACKBONE_KEYWORDS: []
  NONBACKBONE_MULT: 10
  NUM_SAMPLES: 0
  OPTIMIZER: sgd
  RANDOM_BRIGHTNESS: False
  RANDOM_BRIGHTNESS_SHIFT_VALUE: 10
  RESUME: False
  SCALE_FACTOR: 16
  SHUFFLE: True
  WD: 0.0001
WORKERS: 4
